Log file open, 09/30/20 13:15:58
LogInit: Display: Running engine for game: KrisRuns
LogPlatformFile: Not using cached read wrapper
LogTaskGraph: Started task graph with 5 named threads and 23 total threads with 3 sets of task threads.
LogStats: Stats thread started at 0.435656
LogD3D11RHI: Loaded GFSDK_Aftermath_Lib.x64.dll
LogICUInternationalization: ICU TimeZone Detection - Raw Offset: +12:00, Platform Override: ''
LogPluginManager: Mounting plugin Paper2D
LogPluginManager: Mounting plugin AISupport
LogPluginManager: Mounting plugin LightPropagationVolume
LogPluginManager: Mounting plugin CameraShakePreviewer
LogPluginManager: Mounting plugin ActorLayerUtilities
LogPluginManager: Mounting plugin AnimationSharing
LogPluginManager: Mounting plugin CLionSourceCodeAccess
LogPluginManager: Mounting plugin CodeLiteSourceCodeAccess
LogPluginManager: Mounting plugin GitSourceControl
LogPluginManager: Mounting plugin KDevelopSourceCodeAccess
LogPluginManager: Mounting plugin NullSourceCodeAccess
LogPluginManager: Mounting plugin PerforceSourceControl
LogPluginManager: Mounting plugin PlasticSourceControl
LogPluginManager: Mounting plugin RiderSourceCodeAccess
LogPluginManager: Mounting plugin SubversionSourceControl
LogPluginManager: Mounting plugin UObjectPlugin
LogPluginManager: Mounting plugin VisualStudioCodeSourceCodeAccess
LogPluginManager: Mounting plugin VisualStudioSourceCodeAccess
LogPluginManager: Mounting plugin XCodeSourceCodeAccess
LogPluginManager: Mounting plugin AssetManagerEditor
LogPluginManager: Mounting plugin CryptoKeys
LogPluginManager: Mounting plugin CurveEditorTools
LogPluginManager: Mounting plugin DataValidation
LogPluginManager: Mounting plugin EditorScriptingUtilities
LogPluginManager: Mounting plugin FacialAnimation
LogPluginManager: Mounting plugin GameplayTagsEditor
LogPluginManager: Mounting plugin GeometryMode
LogPluginManager: Mounting plugin MacGraphicsSwitching
LogPluginManager: Mounting plugin MaterialAnalyzer
LogPluginManager: Mounting plugin MobileLauncherProfileWizard
LogPluginManager: Mounting plugin PluginBrowser
LogPluginManager: Mounting plugin SpeedTreeImporter
LogPluginManager: Mounting plugin DatasmithContent
LogPluginManager: Mounting plugin VariantManagerContent
LogPluginManager: Mounting plugin AlembicImporter
LogPluginManager: Mounting plugin AutomationUtils
LogPluginManager: Mounting plugin BackChannel
LogPluginManager: Mounting plugin ChaosCloth
LogPluginManager: Mounting plugin ChaosClothEditor
LogPluginManager: Mounting plugin ChaosEditor
LogPluginManager: Mounting plugin ChaosNiagara
LogPluginManager: Mounting plugin ChaosSolverPlugin
LogPluginManager: Mounting plugin CharacterAI
LogPluginManager: Mounting plugin GeometryCache
LogPluginManager: Mounting plugin GeometryCollectionPlugin
LogPluginManager: Mounting plugin GeometryProcessing
LogPluginManager: Mounting plugin PlanarCut
LogPluginManager: Mounting plugin PlatformCrypto
LogPluginManager: Mounting plugin ProxyLODPlugin
LogPluginManager: Mounting plugin SkeletalReduction
LogPluginManager: Mounting plugin Niagara
LogPluginManager: Mounting plugin MagicLeap
LogPluginManager: Mounting plugin MagicLeapLightEstimation
LogPluginManager: Mounting plugin MagicLeapMedia
LogPluginManager: Mounting plugin MagicLeapPassableWorld
LogPluginManager: Mounting plugin MLSDK
LogPluginManager: Mounting plugin AndroidMedia
LogPluginManager: Mounting plugin AvfMedia
LogPluginManager: Mounting plugin ImgMedia
LogPluginManager: Mounting plugin MediaCompositing
LogPluginManager: Mounting plugin MediaPlayerEditor
LogPluginManager: Mounting plugin WebMMedia
LogPluginManager: Mounting plugin WmfMedia
LogPluginManager: Mounting plugin MeshPainting
LogPluginManager: Mounting plugin TcpMessaging
LogPluginManager: Mounting plugin UdpMessaging
LogPluginManager: Mounting plugin ActorSequence
LogPluginManager: Mounting plugin LevelSequenceEditor
LogPluginManager: Mounting plugin MatineeToLevelSequence
LogPluginManager: Mounting plugin MovieRenderPipeline
LogPluginManager: Mounting plugin TemplateSequence
LogPluginManager: Mounting plugin NetcodeUnitTest
LogPluginManager: Mounting plugin NUTUnrealEngine4
LogPluginManager: Mounting plugin OnlineSubsystemGooglePlay
LogPluginManager: Mounting plugin OnlineSubsystemIOS
LogPluginManager: Mounting plugin OnlineSubsystem
LogPluginManager: Mounting plugin OnlineSubsystemNull
LogPluginManager: Mounting plugin OnlineSubsystemUtils
LogPluginManager: Mounting plugin LauncherChunkInstaller
LogPluginManager: Mounting plugin AndroidDeviceProfileSelector
LogPluginManager: Mounting plugin AndroidMoviePlayer
LogPluginManager: Mounting plugin AndroidPermission
LogPluginManager: Mounting plugin AppleImageUtils
LogPluginManager: Mounting plugin AppleMoviePlayer
LogPluginManager: Mounting plugin ArchVisCharacter
LogPluginManager: Mounting plugin AssetTags
LogPluginManager: Mounting plugin AudioCapture
LogPluginManager: Mounting plugin CableComponent
LogPluginManager: Mounting plugin CustomMeshComponent
LogPluginManager: Mounting plugin EditableMesh
LogPluginManager: Mounting plugin ExampleDeviceProfileSelector
LogPluginManager: Mounting plugin GoogleCloudMessaging
LogPluginManager: Mounting plugin GooglePAD
LogPluginManager: Mounting plugin IOSDeviceProfileSelector
LogPluginManager: Mounting plugin LinuxDeviceProfileSelector
LogPluginManager: Mounting plugin LocationServicesBPLibrary
LogPluginManager: Mounting plugin MobilePatchingUtils
LogPluginManager: Mounting plugin OculusVR
LogPluginManager: Mounting plugin PhysXVehicles
LogPluginManager: Mounting plugin PostSplashScreen
LogPluginManager: Mounting plugin ProceduralMeshComponent
LogPluginManager: Mounting plugin RuntimePhysXCooking
LogPluginManager: Mounting plugin SignificanceManager
LogPluginManager: Mounting plugin SoundFields
LogPluginManager: Mounting plugin SteamVR
LogPluginManager: Mounting plugin Synthesis
LogPluginManager: Mounting plugin WebMMoviePlayer
LogPluginManager: Mounting plugin WindowsMoviePlayer
LogPluginManager: Mounting plugin ScreenshotTools
LogInit: Using libcurl 7.55.1-DEV
LogInit:  - built for x86_64-pc-win32
LogInit:  - supports SSL with OpenSSL/1.1.1
LogInit:  - supports HTTP deflate (compression) using libz 1.2.8
LogInit:  - other features:
LogInit:      CURL_VERSION_SSL
LogInit:      CURL_VERSION_LIBZ
LogInit:      CURL_VERSION_IPV6
LogInit:      CURL_VERSION_ASYNCHDNS
LogInit:      CURL_VERSION_LARGEFILE
LogInit:      CURL_VERSION_IDN
LogInit:  CurlRequestOptions (configurable via config and command line):
LogInit:  - bVerifyPeer = true  - Libcurl will verify peer certificate
LogInit:  - bUseHttpProxy = false  - Libcurl will NOT use HTTP proxy
LogInit:  - bDontReuseConnections = false  - Libcurl will reuse connections
LogInit:  - MaxHostConnections = 16  - Libcurl will limit the number of connections to a host
LogInit:  - LocalHostAddr = Default
LogInit:  - BufferSize = 65536
LogOnline: OSS: Creating online subsystem instance for: NULL
LogInit: WinSock: version 1.1 (2.2), MaxSocks=32767, MaxUdp=65467
LogOnline: OSS: TryLoadSubsystemAndSetDefault: Loaded subsystem for module [NULL]
LogInit: Build: ++UE4+Release-4.25-CL-13942748
LogInit: Engine Version: 4.25.3-13942748+++UE4+Release-4.25
LogInit: Compatible Engine Version: 4.25.0-13144385+++UE4+Release-4.25
LogInit: Net CL: 13144385
LogInit: OS: Windows 10 (Release 2004) (), CPU: Intel(R) Core(TM) i7-1065G7 CPU @ 1.30GHz, GPU: Intel(R) Iris(R) Plus Graphics
LogInit: Compiled (64-bit): Jul 25 2020 02:07:48
LogInit: Compiled with Visual C++: 19.24.28315.00
LogInit: Build Configuration: Development
LogInit: Branch Name: ++UE4+Release-4.25
LogInit: Command Line:  /Game/NewMaps/KrisTutorialMap -game -PIEVIACONSOLE -Multiprocess GameUserSettingsINI=C:/Users/micha/OneDrive/Documents/Documents/Documents/2020/COMP313/Project/Kris-Runs/KrisRuns/Saved/Config/Windows/PIEGameUserSettings0.ini -MultiprocessSaveConfig -MultiprocessOSS -messaging -SessionName="Play in Standalone Game" -windowed -ResX=1280 -ResY=720
LogInit: Base Directory: C:/Program Files/Epic Games/UE_4.25/Engine/Binaries/Win64/
LogInit: Allocator: TBB
LogInit: Installed Engine Build: 1
LogDevObjectVersion: Number of dev versions registered: 26
LogDevObjectVersion:   Dev-Blueprints (B0D832E4-1F89-4F0D-ACCF-7EB736FD4AA2): 10
LogDevObjectVersion:   Dev-Build (E1C64328-A22C-4D53-A36C-8E866417BD8C): 0
LogDevObjectVersion:   Dev-Core (375EC13C-06E4-48FB-B500-84F0262A717E): 4
LogDevObjectVersion:   Dev-Editor (E4B068ED-F494-42E9-A231-DA0B2E46BB41): 38
LogDevObjectVersion:   Dev-Framework (CFFC743F-43B0-4480-9391-14DF171D2073): 37
LogDevObjectVersion:   Dev-Mobile (B02B49B5-BB20-44E9-A304-32B752E40360): 2
LogDevObjectVersion:   Dev-Networking (A4E4105C-59A1-49B5-A7C5-40C4547EDFEE): 0
LogDevObjectVersion:   Dev-Online (39C831C9-5AE6-47DC-9A44-9C173E1C8E7C): 0
LogDevObjectVersion:   Dev-Physics (78F01B33-EBEA-4F98-B9B4-84EACCB95AA2): 4
LogDevObjectVersion:   Dev-Platform (6631380F-2D4D-43E0-8009-CF276956A95A): 0
LogDevObjectVersion:   Dev-Rendering (12F88B9F-8875-4AFC-A67C-D90C383ABD29): 43
LogDevObjectVersion:   Dev-Sequencer (7B5AE74C-D270-4C10-A958-57980B212A5A): 12
LogDevObjectVersion:   Dev-VR (D7296918-1DD6-4BDD-9DE2-64A83CC13884): 3
LogDevObjectVersion:   Dev-LoadTimes (C2A15278-BFE7-4AFE-6C17-90FF531DF755): 1
LogDevObjectVersion:   Private-Geometry (6EACA3D4-40EC-4CC1-B786-8BED09428FC5): 3
LogDevObjectVersion:   Dev-AnimPhys (29E575DD-E0A3-4627-9D10-D276232CDCEA): 17
LogDevObjectVersion:   Dev-Anim (AF43A65D-7FD3-4947-9873-3E8ED9C1BB05): 7
LogDevObjectVersion:   Dev-ReflectionCapture (6B266CEC-1EC7-4B8F-A30B-E4D90942FC07): 1
LogDevObjectVersion:   Dev-Automation (0DF73D61-A23F-47EA-B727-89E90C41499A): 1
LogDevObjectVersion:   FortniteMain (601D1886-AC64-4F84-AA16-D3DE0DEAC7D6): 31
LogDevObjectVersion:   Dev-Enterprise (9DFFBCD6-494F-0158-E221-12823C92A888): 10
LogDevObjectVersion:   Dev-Niagara (F2AED0AC-9AFE-416F-8664-AA7FFA26D6FC): 1
LogDevObjectVersion:   Dev-Destruction (174F1F0B-B4C6-45A5-B13F-2EE8D0FB917D): 10
LogDevObjectVersion:   Dev-Physics-Ext (35F94A83-E258-406C-A318-09F59610247C): 37
LogDevObjectVersion:   Dev-PhysicsMaterial-Chaos (B68FC16E-8B1B-42E2-B453-215C058844FE): 1
LogDevObjectVersion:   Dev-CineCamera (B2E18506-4273-CFC2-A54E-F4BB758BBA07): 1
LogInit: Presizing for max 25165824 objects, including 0 objects not considered by GC, pre-allocating 0 bytes for permanent pool.
LogConfig: Applying CVar settings from Section [/Script/Engine.StreamingSettings] File [C:/Users/micha/OneDrive/Documents/Documents/Documents/2020/COMP313/Project/Kris-Runs/KrisRuns/Saved/Config/Windows/Engine.ini]
LogConfig: Setting CVar [[s.MinBulkDataSizeForAsyncLoading:131072]]
LogConfig: Setting CVar [[s.AsyncLoadingThreadEnabled:0]]
LogConfig: Setting CVar [[s.EventDrivenLoaderEnabled:1]]
LogConfig: Setting CVar [[s.WarnIfTimeLimitExceeded:0]]
LogConfig: Setting CVar [[s.TimeLimitExceededMultiplier:1.5]]
LogConfig: Setting CVar [[s.TimeLimitExceededMinTime:0.005]]
LogConfig: Setting CVar [[s.UseBackgroundLevelStreaming:1]]
LogConfig: Setting CVar [[s.PriorityAsyncLoadingExtraTime:15.0]]
LogConfig: Setting CVar [[s.LevelStreamingActorsUpdateTimeLimit:5.0]]
LogConfig: Setting CVar [[s.PriorityLevelStreamingActorsUpdateExtraTime:5.0]]
LogConfig: Setting CVar [[s.LevelStreamingComponentsRegistrationGranularity:10]]
LogConfig: Setting CVar [[s.UnregisterComponentsTimeLimit:1.0]]
LogConfig: Setting CVar [[s.LevelStreamingComponentsUnregistrationGranularity:5]]
LogConfig: Setting CVar [[s.FlushStreamingOnExit:1]]
LogInit: Object subsystem initialized
LogConfig: Setting CVar [[con.DebugEarlyDefault:1]]
LogConfig: Setting CVar [[r.setres:1280x720]]
[2020.09.30-00.15.58:831][  0]LogConfig: Setting CVar [[con.DebugEarlyDefault:1]]
[2020.09.30-00.15.58:831][  0]LogConfig: Setting CVar [[r.setres:1280x720]]
[2020.09.30-00.15.58:831][  0]LogConfig: Applying CVar settings from Section [/Script/Engine.RendererSettings] File [C:/Users/micha/OneDrive/Documents/Documents/Documents/2020/COMP313/Project/Kris-Runs/KrisRuns/Saved/Config/Windows/Engine.ini]
[2020.09.30-00.15.58:831][  0]LogConfig: Setting CVar [[r.GPUCrashDebugging:0]]
[2020.09.30-00.15.58:831][  0]LogConfig: Applying CVar settings from Section [/Script/Engine.RendererOverrideSettings] File [C:/Users/micha/OneDrive/Documents/Documents/Documents/2020/COMP313/Project/Kris-Runs/KrisRuns/Saved/Config/Windows/Engine.ini]
[2020.09.30-00.15.58:831][  0]LogConfig: Applying CVar settings from Section [/Script/Engine.StreamingSettings] File [C:/Users/micha/OneDrive/Documents/Documents/Documents/2020/COMP313/Project/Kris-Runs/KrisRuns/Saved/Config/Windows/Engine.ini]
[2020.09.30-00.15.58:831][  0]LogConfig: Setting CVar [[s.MinBulkDataSizeForAsyncLoading:131072]]
[2020.09.30-00.15.58:831][  0]LogConfig: Setting CVar [[s.AsyncLoadingThreadEnabled:0]]
[2020.09.30-00.15.58:831][  0]LogConfig: Setting CVar [[s.EventDrivenLoaderEnabled:1]]
[2020.09.30-00.15.58:831][  0]LogConfig: Setting CVar [[s.WarnIfTimeLimitExceeded:0]]
[2020.09.30-00.15.58:831][  0]LogConfig: Setting CVar [[s.TimeLimitExceededMultiplier:1.5]]
[2020.09.30-00.15.58:831][  0]LogConfig: Setting CVar [[s.TimeLimitExceededMinTime:0.005]]
[2020.09.30-00.15.58:831][  0]LogConfig: Setting CVar [[s.UseBackgroundLevelStreaming:1]]
[2020.09.30-00.15.58:831][  0]LogConfig: Setting CVar [[s.PriorityAsyncLoadingExtraTime:15.0]]
[2020.09.30-00.15.58:831][  0]LogConfig: Setting CVar [[s.LevelStreamingActorsUpdateTimeLimit:5.0]]
[2020.09.30-00.15.58:832][  0]LogConfig: Setting CVar [[s.PriorityLevelStreamingActorsUpdateExtraTime:5.0]]
[2020.09.30-00.15.58:832][  0]LogConfig: Setting CVar [[s.LevelStreamingComponentsRegistrationGranularity:10]]
[2020.09.30-00.15.58:832][  0]LogConfig: Setting CVar [[s.UnregisterComponentsTimeLimit:1.0]]
[2020.09.30-00.15.58:832][  0]LogConfig: Setting CVar [[s.LevelStreamingComponentsUnregistrationGranularity:5]]
[2020.09.30-00.15.58:832][  0]LogConfig: Setting CVar [[s.FlushStreamingOnExit:1]]
[2020.09.30-00.15.58:832][  0]LogConfig: Applying CVar settings from Section [/Script/Engine.GarbageCollectionSettings] File [C:/Users/micha/OneDrive/Documents/Documents/Documents/2020/COMP313/Project/Kris-Runs/KrisRuns/Saved/Config/Windows/Engine.ini]
[2020.09.30-00.15.58:832][  0]LogConfig: Setting CVar [[gc.MaxObjectsNotConsideredByGC:1]]
[2020.09.30-00.15.58:832][  0]LogConfig: Setting CVar [[gc.SizeOfPermanentObjectPool:0]]
[2020.09.30-00.15.58:832][  0]LogConfig: Setting CVar [[gc.FlushStreamingOnGC:0]]
[2020.09.30-00.15.58:832][  0]LogConfig: Setting CVar [[gc.NumRetriesBeforeForcingGC:10]]
[2020.09.30-00.15.58:832][  0]LogConfig: Setting CVar [[gc.AllowParallelGC:1]]
[2020.09.30-00.15.58:832][  0]LogConfig: Setting CVar [[gc.TimeBetweenPurgingPendingKillObjects:61.1]]
[2020.09.30-00.15.58:832][  0]LogConfig: Setting CVar [[gc.MaxObjectsInEditor:25165824]]
[2020.09.30-00.15.58:832][  0]LogConfig: Setting CVar [[gc.IncrementalBeginDestroyEnabled:1]]
[2020.09.30-00.15.58:832][  0]LogConfig: Setting CVar [[gc.CreateGCClusters:1]]
[2020.09.30-00.15.58:832][  0]LogConfig: Setting CVar [[gc.MinGCClusterSize:5]]
[2020.09.30-00.15.58:832][  0]LogConfig: Setting CVar [[gc.ActorClusteringEnabled:0]]
[2020.09.30-00.15.58:832][  0]LogConfig: Setting CVar [[gc.BlueprintClusteringEnabled:0]]
[2020.09.30-00.15.58:832][  0]LogConfig: Setting CVar [[gc.UseDisregardForGCOnDedicatedServers:0]]
[2020.09.30-00.15.58:832][  0]LogConfig: Applying CVar settings from Section [/Script/Engine.NetworkSettings] File [C:/Users/micha/OneDrive/Documents/Documents/Documents/2020/COMP313/Project/Kris-Runs/KrisRuns/Saved/Config/Windows/Engine.ini]
[2020.09.30-00.15.58:832][  0]LogConfig: Applying CVar settings from Section [/Script/UnrealEd.CookerSettings] File [C:/Users/micha/OneDrive/Documents/Documents/Documents/2020/COMP313/Project/Kris-Runs/KrisRuns/Saved/Config/Windows/Engine.ini]
[2020.09.30-00.15.58:840][  0]LogConfig: Applying CVar settings from Section [ViewDistanceQuality@3] File [C:/Users/micha/OneDrive/Documents/Documents/Documents/2020/COMP313/Project/Kris-Runs/KrisRuns/Saved/Config/Windows/Scalability.ini]
[2020.09.30-00.15.58:840][  0]LogConfig: Setting CVar [[r.SkeletalMeshLODBias:0]]
[2020.09.30-00.15.58:840][  0]LogConfig: Setting CVar [[r.ViewDistanceScale:1.0]]
[2020.09.30-00.15.58:840][  0]LogConfig: Applying CVar settings from Section [AntiAliasingQuality@3] File [C:/Users/micha/OneDrive/Documents/Documents/Documents/2020/COMP313/Project/Kris-Runs/KrisRuns/Saved/Config/Windows/Scalability.ini]
[2020.09.30-00.15.58:840][  0]LogConfig: Setting CVar [[r.PostProcessAAQuality:4]]
[2020.09.30-00.15.58:840][  0]LogConfig: Applying CVar settings from Section [ShadowQuality@3] File [C:/Users/micha/OneDrive/Documents/Documents/Documents/2020/COMP313/Project/Kris-Runs/KrisRuns/Saved/Config/Windows/Scalability.ini]
[2020.09.30-00.15.58:840][  0]LogConfig: Setting CVar [[r.LightFunctionQuality:1]]
[2020.09.30-00.15.58:840][  0]LogConfig: Setting CVar [[r.ShadowQuality:5]]
[2020.09.30-00.15.58:840][  0]LogConfig: Setting CVar [[r.Shadow.CSM.MaxCascades:10]]
[2020.09.30-00.15.58:840][  0]LogConfig: Setting CVar [[r.Shadow.MaxResolution:2048]]
[2020.09.30-00.15.58:840][  0]LogConfig: Setting CVar [[r.Shadow.MaxCSMResolution:2048]]
[2020.09.30-00.15.58:840][  0]LogConfig: Setting CVar [[r.Shadow.RadiusThreshold:0.01]]
[2020.09.30-00.15.58:840][  0]LogConfig: Setting CVar [[r.Shadow.DistanceScale:1.0]]
[2020.09.30-00.15.58:840][  0]LogConfig: Setting CVar [[r.Shadow.CSM.TransitionScale:1.0]]
[2020.09.30-00.15.58:840][  0]LogConfig: Setting CVar [[r.Shadow.PreShadowResolutionFactor:1.0]]
[2020.09.30-00.15.58:840][  0]LogConfig: Setting CVar [[r.DistanceFieldShadowing:1]]
[2020.09.30-00.15.58:840][  0]LogConfig: Setting CVar [[r.DistanceFieldAO:1]]
[2020.09.30-00.15.58:840][  0]LogConfig: Setting CVar [[r.AOQuality:2]]
[2020.09.30-00.15.58:840][  0]LogConfig: Setting CVar [[r.VolumetricFog:1]]
[2020.09.30-00.15.58:840][  0]LogConfig: Setting CVar [[r.VolumetricFog.GridPixelSize:8]]
[2020.09.30-00.15.58:840][  0]LogConfig: Setting CVar [[r.VolumetricFog.GridSizeZ:128]]
[2020.09.30-00.15.58:840][  0]LogConfig: Setting CVar [[r.VolumetricFog.HistoryMissSupersampleCount:4]]
[2020.09.30-00.15.58:840][  0]LogConfig: Setting CVar [[r.LightMaxDrawDistanceScale:1]]
[2020.09.30-00.15.58:840][  0]LogConfig: Setting CVar [[r.CapsuleShadows:1]]
[2020.09.30-00.15.58:840][  0]LogConfig: Applying CVar settings from Section [PostProcessQuality@3] File [C:/Users/micha/OneDrive/Documents/Documents/Documents/2020/COMP313/Project/Kris-Runs/KrisRuns/Saved/Config/Windows/Scalability.ini]
[2020.09.30-00.15.58:840][  0]LogConfig: Setting CVar [[r.MotionBlurQuality:4]]
[2020.09.30-00.15.58:840][  0]LogConfig: Setting CVar [[r.AmbientOcclusionMipLevelFactor:0.4]]
[2020.09.30-00.15.58:840][  0]LogConfig: Setting CVar [[r.AmbientOcclusionMaxQuality:100]]
[2020.09.30-00.15.58:840][  0]LogConfig: Setting CVar [[r.AmbientOcclusionLevels:-1]]
[2020.09.30-00.15.58:840][  0]LogConfig: Setting CVar [[r.AmbientOcclusionRadiusScale:1.0]]
[2020.09.30-00.15.58:840][  0]LogConfig: Setting CVar [[r.DepthOfFieldQuality:2]]
[2020.09.30-00.15.58:840][  0]LogConfig: Setting CVar [[r.RenderTargetPoolMin:400]]
[2020.09.30-00.15.58:840][  0]LogConfig: Setting CVar [[r.LensFlareQuality:2]]
[2020.09.30-00.15.58:840][  0]LogConfig: Setting CVar [[r.SceneColorFringeQuality:1]]
[2020.09.30-00.15.58:840][  0]LogConfig: Setting CVar [[r.EyeAdaptationQuality:2]]
[2020.09.30-00.15.58:840][  0]LogConfig: Setting CVar [[r.BloomQuality:5]]
[2020.09.30-00.15.58:840][  0]LogConfig: Setting CVar [[r.FastBlurThreshold:100]]
[2020.09.30-00.15.58:840][  0]LogConfig: Setting CVar [[r.Upscale.Quality:3]]
[2020.09.30-00.15.58:840][  0]LogConfig: Setting CVar [[r.Tonemapper.GrainQuantization:1]]
[2020.09.30-00.15.58:840][  0]LogConfig: Setting CVar [[r.LightShaftQuality:1]]
[2020.09.30-00.15.58:840][  0]LogConfig: Setting CVar [[r.Filter.SizeScale:1]]
[2020.09.30-00.15.58:840][  0]LogConfig: Setting CVar [[r.Tonemapper.Quality:5]]
[2020.09.30-00.15.58:840][  0]LogConfig: Setting CVar [[r.DOF.Gather.AccumulatorQuality:1        ; higher gathering accumulator quality]]
[2020.09.30-00.15.58:840][  0]LogConfig: Setting CVar [[r.DOF.Gather.PostfilterMethod:1          ; Median3x3 postfilering method]]
[2020.09.30-00.15.58:840][  0]LogConfig: Setting CVar [[r.DOF.Gather.EnableBokehSettings:0       ; no bokeh simulation when gathering]]
[2020.09.30-00.15.58:840][  0]LogConfig: Setting CVar [[r.DOF.Gather.RingCount:4                 ; medium number of samples when gathering]]
[2020.09.30-00.15.58:840][  0]LogConfig: Setting CVar [[r.DOF.Scatter.ForegroundCompositing:1    ; additive foreground scattering]]
[2020.09.30-00.15.58:840][  0]LogConfig: Setting CVar [[r.DOF.Scatter.BackgroundCompositing:2    ; additive background scattering]]
[2020.09.30-00.15.58:840][  0]LogConfig: Setting CVar [[r.DOF.Scatter.EnableBokehSettings:1      ; bokeh simulation when scattering]]
[2020.09.30-00.15.58:840][  0]LogConfig: Setting CVar [[r.DOF.Scatter.MaxSpriteRatio:0.1         ; only a maximum of 10% of scattered bokeh]]
[2020.09.30-00.15.58:840][  0]LogConfig: Setting CVar [[r.DOF.Recombine.Quality:1                ; cheap slight out of focus]]
[2020.09.30-00.15.58:840][  0]LogConfig: Setting CVar [[r.DOF.Recombine.EnableBokehSettings:0    ; no bokeh simulation on slight out of focus]]
[2020.09.30-00.15.58:840][  0]LogConfig: Setting CVar [[r.DOF.TemporalAAQuality:1                ; more stable temporal accumulation]]
[2020.09.30-00.15.58:840][  0]LogConfig: Setting CVar [[r.DOF.Kernel.MaxForegroundRadius:0.025]]
[2020.09.30-00.15.58:841][  0]LogConfig: Setting CVar [[r.DOF.Kernel.MaxBackgroundRadius:0.025]]
[2020.09.30-00.15.58:841][  0]LogConfig: Applying CVar settings from Section [TextureQuality@3] File [C:/Users/micha/OneDrive/Documents/Documents/Documents/2020/COMP313/Project/Kris-Runs/KrisRuns/Saved/Config/Windows/Scalability.ini]
[2020.09.30-00.15.58:841][  0]LogConfig: Setting CVar [[r.Streaming.MipBias:0]]
[2020.09.30-00.15.58:841][  0]LogConfig: Setting CVar [[r.Streaming.AmortizeCPUToGPUCopy:0]]
[2020.09.30-00.15.58:841][  0]LogConfig: Setting CVar [[r.Streaming.MaxNumTexturesToStreamPerFrame:0]]
[2020.09.30-00.15.58:841][  0]LogConfig: Setting CVar [[r.Streaming.Boost:1]]
[2020.09.30-00.15.58:841][  0]LogConfig: Setting CVar [[r.MaxAnisotropy:8]]
[2020.09.30-00.15.58:841][  0]LogConfig: Setting CVar [[r.VT.MaxAnisotropy:8]]
[2020.09.30-00.15.58:841][  0]LogConfig: Setting CVar [[r.Streaming.LimitPoolSizeToVRAM:0]]
[2020.09.30-00.15.58:841][  0]LogConfig: Setting CVar [[r.Streaming.PoolSize:1000]]
[2020.09.30-00.15.58:841][  0]LogConfig: Setting CVar [[r.Streaming.MaxEffectiveScreenSize:0]]
[2020.09.30-00.15.58:841][  0]LogConfig: Applying CVar settings from Section [EffectsQuality@3] File [C:/Users/micha/OneDrive/Documents/Documents/Documents/2020/COMP313/Project/Kris-Runs/KrisRuns/Saved/Config/Windows/Scalability.ini]
[2020.09.30-00.15.58:841][  0]LogConfig: Setting CVar [[r.TranslucencyLightingVolumeDim:64]]
[2020.09.30-00.15.58:841][  0]LogConfig: Setting CVar [[r.RefractionQuality:2]]
[2020.09.30-00.15.58:841][  0]LogConfig: Setting CVar [[r.SSR.Quality:3]]
[2020.09.30-00.15.58:841][  0]LogConfig: Setting CVar [[r.SSR.HalfResSceneColor:0]]
[2020.09.30-00.15.58:841][  0]LogConfig: Setting CVar [[r.SceneColorFormat:4]]
[2020.09.30-00.15.58:841][  0]LogConfig: Setting CVar [[r.DetailMode:2]]
[2020.09.30-00.15.58:841][  0]LogConfig: Setting CVar [[r.TranslucencyVolumeBlur:1]]
[2020.09.30-00.15.58:841][  0]LogConfig: Setting CVar [[r.MaterialQualityLevel:1 ; High quality]]
[2020.09.30-00.15.58:841][  0]LogConfig: Setting CVar [[r.SSS.Scale:1]]
[2020.09.30-00.15.58:841][  0]LogConfig: Setting CVar [[r.SSS.SampleSet:2]]
[2020.09.30-00.15.58:841][  0]LogConfig: Setting CVar [[r.SSS.Quality:1]]
[2020.09.30-00.15.58:841][  0]LogConfig: Setting CVar [[r.SSS.HalfRes:0]]
[2020.09.30-00.15.58:841][  0]LogConfig: Setting CVar [[r.SSGI.Quality:3]]
[2020.09.30-00.15.58:841][  0]LogConfig: Setting CVar [[r.EmitterSpawnRateScale:1.0]]
[2020.09.30-00.15.58:841][  0]LogConfig: Setting CVar [[r.ParticleLightQuality:2]]
[2020.09.30-00.15.58:841][  0]LogConfig: Setting CVar [[r.SkyAtmosphere.AerialPerspectiveLUT.FastApplyOnOpaque:1 ; Always have FastSkyLUT 1 in this case to avoid wrong sky]]
[2020.09.30-00.15.58:841][  0]LogConfig: Setting CVar [[r.SkyAtmosphere.AerialPerspectiveLUT.SampleCountPerSlice:1]]
[2020.09.30-00.15.58:841][  0]LogConfig: Setting CVar [[r.SkyAtmosphere.AerialPerspectiveLUT.DepthResolution:16.0]]
[2020.09.30-00.15.58:841][  0]LogConfig: Setting CVar [[r.SkyAtmosphere.FastSkyLUT:1]]
[2020.09.30-00.15.58:841][  0]LogConfig: Setting CVar [[r.SkyAtmosphere.FastSkyLUT.SampleCountMin:4.0]]
[2020.09.30-00.15.58:841][  0]LogConfig: Setting CVar [[r.SkyAtmosphere.FastSkyLUT.SampleCountMax:32.0]]
[2020.09.30-00.15.58:841][  0]LogConfig: Setting CVar [[r.SkyAtmosphere.SampleCountMin:4.0]]
[2020.09.30-00.15.58:841][  0]LogConfig: Setting CVar [[r.SkyAtmosphere.SampleCountMax:32.0]]
[2020.09.30-00.15.58:841][  0]LogConfig: Setting CVar [[r.SkyAtmosphere.TransmittanceLUT.UseSmallFormat:0]]
[2020.09.30-00.15.58:841][  0]LogConfig: Setting CVar [[r.SkyAtmosphere.TransmittanceLUT.SampleCount:10.0]]
[2020.09.30-00.15.58:841][  0]LogConfig: Setting CVar [[r.SkyAtmosphere.MultiScatteringLUT.SampleCount:15.0]]
[2020.09.30-00.15.58:841][  0]LogConfig: Applying CVar settings from Section [FoliageQuality@3] File [C:/Users/micha/OneDrive/Documents/Documents/Documents/2020/COMP313/Project/Kris-Runs/KrisRuns/Saved/Config/Windows/Scalability.ini]
[2020.09.30-00.15.58:841][  0]LogConfig: Setting CVar [[foliage.DensityScale:1.0]]
[2020.09.30-00.15.58:841][  0]LogConfig: Setting CVar [[grass.DensityScale:1.0]]
[2020.09.30-00.15.58:841][  0]LogConfig: Applying CVar settings from Section [ShadingQuality@3] File [C:/Users/micha/OneDrive/Documents/Documents/Documents/2020/COMP313/Project/Kris-Runs/KrisRuns/Saved/Config/Windows/Scalability.ini]
[2020.09.30-00.15.58:841][  0]LogConfig: Setting CVar [[r.HairStrands.SkyLighting.SampleCount:16]]
[2020.09.30-00.15.58:841][  0]LogConfig: Setting CVar [[r.HairStrands.SkyLighting.JitterIntegration:0]]
[2020.09.30-00.15.58:841][  0]LogConfig: Setting CVar [[r.HairStrands.SkyAO.SampleCount:16]]
[2020.09.30-00.15.58:841][  0]LogConfig: Setting CVar [[r.HairStrands.DeepShadow.SuperSampling:0]]
[2020.09.30-00.15.58:841][  0]LogConfig: Setting CVar [[r.HairStrands.VisibilityPPLL:0]]
[2020.09.30-00.15.58:841][  0]LogConfig: Setting CVar [[r.HairStrands.RasterizationScale:0.5]]
[2020.09.30-00.15.58:841][  0]LogConfig: Setting CVar [[r.HairStrands.VelocityRasterizationScale:1]]
[2020.09.30-00.15.58:841][  0]LogInit: Selected Device Profile: [Windows]
[2020.09.30-00.15.58:841][  0]LogInit: Applying CVar settings loaded from the selected device profile: [Windows]
[2020.09.30-00.15.58:841][  0]LogHAL: Display: Platform has ~ 16 GB [16750526464 / 17179869184 / 16], which maps to Larger [LargestMinGB=32, LargerMinGB=12, DefaultMinGB=8, SmallerMinGB=6, SmallestMinGB=0)
[2020.09.30-00.15.58:841][  0]LogInit: Going up to parent DeviceProfile []
[2020.09.30-00.15.58:841][  0]LogConfig: Applying CVar settings from Section [ViewDistanceQuality@3] File [C:/Users/micha/OneDrive/Documents/Documents/Documents/2020/COMP313/Project/Kris-Runs/KrisRuns/Saved/Config/Windows/Scalability.ini]
[2020.09.30-00.15.58:841][  0]LogConfig: Setting CVar [[r.SkeletalMeshLODBias:0]]
[2020.09.30-00.15.58:841][  0]LogConfig: Setting CVar [[r.ViewDistanceScale:1.0]]
[2020.09.30-00.15.58:841][  0]LogConfig: Applying CVar settings from Section [AntiAliasingQuality@3] File [C:/Users/micha/OneDrive/Documents/Documents/Documents/2020/COMP313/Project/Kris-Runs/KrisRuns/Saved/Config/Windows/Scalability.ini]
[2020.09.30-00.15.58:841][  0]LogConfig: Setting CVar [[r.PostProcessAAQuality:4]]
[2020.09.30-00.15.58:841][  0]LogConfig: Applying CVar settings from Section [ShadowQuality@3] File [C:/Users/micha/OneDrive/Documents/Documents/Documents/2020/COMP313/Project/Kris-Runs/KrisRuns/Saved/Config/Windows/Scalability.ini]
[2020.09.30-00.15.58:841][  0]LogConfig: Setting CVar [[r.LightFunctionQuality:1]]
[2020.09.30-00.15.58:841][  0]LogConfig: Setting CVar [[r.ShadowQuality:5]]
[2020.09.30-00.15.58:841][  0]LogConfig: Setting CVar [[r.Shadow.CSM.MaxCascades:10]]
[2020.09.30-00.15.58:841][  0]LogConfig: Setting CVar [[r.Shadow.MaxResolution:2048]]
[2020.09.30-00.15.58:841][  0]LogConfig: Setting CVar [[r.Shadow.MaxCSMResolution:2048]]
[2020.09.30-00.15.58:841][  0]LogConfig: Setting CVar [[r.Shadow.RadiusThreshold:0.01]]
[2020.09.30-00.15.58:841][  0]LogConfig: Setting CVar [[r.Shadow.DistanceScale:1.0]]
[2020.09.30-00.15.58:841][  0]LogConfig: Setting CVar [[r.Shadow.CSM.TransitionScale:1.0]]
[2020.09.30-00.15.58:842][  0]LogConfig: Setting CVar [[r.Shadow.PreShadowResolutionFactor:1.0]]
[2020.09.30-00.15.58:842][  0]LogConfig: Setting CVar [[r.DistanceFieldShadowing:1]]
[2020.09.30-00.15.58:842][  0]LogConfig: Setting CVar [[r.DistanceFieldAO:1]]
[2020.09.30-00.15.58:842][  0]LogConfig: Setting CVar [[r.AOQuality:2]]
[2020.09.30-00.15.58:842][  0]LogConfig: Setting CVar [[r.VolumetricFog:1]]
[2020.09.30-00.15.58:842][  0]LogConfig: Setting CVar [[r.VolumetricFog.GridPixelSize:8]]
[2020.09.30-00.15.58:842][  0]LogConfig: Setting CVar [[r.VolumetricFog.GridSizeZ:128]]
[2020.09.30-00.15.58:842][  0]LogConfig: Setting CVar [[r.VolumetricFog.HistoryMissSupersampleCount:4]]
[2020.09.30-00.15.58:842][  0]LogConfig: Setting CVar [[r.LightMaxDrawDistanceScale:1]]
[2020.09.30-00.15.58:842][  0]LogConfig: Setting CVar [[r.CapsuleShadows:1]]
[2020.09.30-00.15.58:842][  0]LogConfig: Applying CVar settings from Section [PostProcessQuality@3] File [C:/Users/micha/OneDrive/Documents/Documents/Documents/2020/COMP313/Project/Kris-Runs/KrisRuns/Saved/Config/Windows/Scalability.ini]
[2020.09.30-00.15.58:842][  0]LogConfig: Setting CVar [[r.MotionBlurQuality:4]]
[2020.09.30-00.15.58:842][  0]LogConfig: Setting CVar [[r.AmbientOcclusionMipLevelFactor:0.4]]
[2020.09.30-00.15.58:842][  0]LogConfig: Setting CVar [[r.AmbientOcclusionMaxQuality:100]]
[2020.09.30-00.15.58:842][  0]LogConfig: Setting CVar [[r.AmbientOcclusionLevels:-1]]
[2020.09.30-00.15.58:842][  0]LogConfig: Setting CVar [[r.AmbientOcclusionRadiusScale:1.0]]
[2020.09.30-00.15.58:842][  0]LogConfig: Setting CVar [[r.DepthOfFieldQuality:2]]
[2020.09.30-00.15.58:842][  0]LogConfig: Setting CVar [[r.RenderTargetPoolMin:400]]
[2020.09.30-00.15.58:842][  0]LogConfig: Setting CVar [[r.LensFlareQuality:2]]
[2020.09.30-00.15.58:842][  0]LogConfig: Setting CVar [[r.SceneColorFringeQuality:1]]
[2020.09.30-00.15.58:842][  0]LogConfig: Setting CVar [[r.EyeAdaptationQuality:2]]
[2020.09.30-00.15.58:842][  0]LogConfig: Setting CVar [[r.BloomQuality:5]]
[2020.09.30-00.15.58:842][  0]LogConfig: Setting CVar [[r.FastBlurThreshold:100]]
[2020.09.30-00.15.58:842][  0]LogConfig: Setting CVar [[r.Upscale.Quality:3]]
[2020.09.30-00.15.58:842][  0]LogConfig: Setting CVar [[r.Tonemapper.GrainQuantization:1]]
[2020.09.30-00.15.58:842][  0]LogConfig: Setting CVar [[r.LightShaftQuality:1]]
[2020.09.30-00.15.58:842][  0]LogConfig: Setting CVar [[r.Filter.SizeScale:1]]
[2020.09.30-00.15.58:842][  0]LogConfig: Setting CVar [[r.Tonemapper.Quality:5]]
[2020.09.30-00.15.58:842][  0]LogConfig: Setting CVar [[r.DOF.Gather.AccumulatorQuality:1        ; higher gathering accumulator quality]]
[2020.09.30-00.15.58:842][  0]LogConfig: Setting CVar [[r.DOF.Gather.PostfilterMethod:1          ; Median3x3 postfilering method]]
[2020.09.30-00.15.58:842][  0]LogConfig: Setting CVar [[r.DOF.Gather.EnableBokehSettings:0       ; no bokeh simulation when gathering]]
[2020.09.30-00.15.58:842][  0]LogConfig: Setting CVar [[r.DOF.Gather.RingCount:4                 ; medium number of samples when gathering]]
[2020.09.30-00.15.58:842][  0]LogConfig: Setting CVar [[r.DOF.Scatter.ForegroundCompositing:1    ; additive foreground scattering]]
[2020.09.30-00.15.58:842][  0]LogConfig: Setting CVar [[r.DOF.Scatter.BackgroundCompositing:2    ; additive background scattering]]
[2020.09.30-00.15.58:842][  0]LogConfig: Setting CVar [[r.DOF.Scatter.EnableBokehSettings:1      ; bokeh simulation when scattering]]
[2020.09.30-00.15.58:842][  0]LogConfig: Setting CVar [[r.DOF.Scatter.MaxSpriteRatio:0.1         ; only a maximum of 10% of scattered bokeh]]
[2020.09.30-00.15.58:842][  0]LogConfig: Setting CVar [[r.DOF.Recombine.Quality:1                ; cheap slight out of focus]]
[2020.09.30-00.15.58:842][  0]LogConfig: Setting CVar [[r.DOF.Recombine.EnableBokehSettings:0    ; no bokeh simulation on slight out of focus]]
[2020.09.30-00.15.58:842][  0]LogConfig: Setting CVar [[r.DOF.TemporalAAQuality:1                ; more stable temporal accumulation]]
[2020.09.30-00.15.58:842][  0]LogConfig: Setting CVar [[r.DOF.Kernel.MaxForegroundRadius:0.025]]
[2020.09.30-00.15.58:842][  0]LogConfig: Setting CVar [[r.DOF.Kernel.MaxBackgroundRadius:0.025]]
[2020.09.30-00.15.58:842][  0]LogConfig: Applying CVar settings from Section [TextureQuality@3] File [C:/Users/micha/OneDrive/Documents/Documents/Documents/2020/COMP313/Project/Kris-Runs/KrisRuns/Saved/Config/Windows/Scalability.ini]
[2020.09.30-00.15.58:842][  0]LogConfig: Setting CVar [[r.Streaming.MipBias:0]]
[2020.09.30-00.15.58:842][  0]LogConfig: Setting CVar [[r.Streaming.AmortizeCPUToGPUCopy:0]]
[2020.09.30-00.15.58:842][  0]LogConfig: Setting CVar [[r.Streaming.MaxNumTexturesToStreamPerFrame:0]]
[2020.09.30-00.15.58:842][  0]LogConfig: Setting CVar [[r.Streaming.Boost:1]]
[2020.09.30-00.15.58:842][  0]LogConfig: Setting CVar [[r.MaxAnisotropy:8]]
[2020.09.30-00.15.58:842][  0]LogConfig: Setting CVar [[r.VT.MaxAnisotropy:8]]
[2020.09.30-00.15.58:842][  0]LogConfig: Setting CVar [[r.Streaming.LimitPoolSizeToVRAM:0]]
[2020.09.30-00.15.58:842][  0]LogConfig: Setting CVar [[r.Streaming.PoolSize:1000]]
[2020.09.30-00.15.58:842][  0]LogConfig: Setting CVar [[r.Streaming.MaxEffectiveScreenSize:0]]
[2020.09.30-00.15.58:842][  0]LogConfig: Applying CVar settings from Section [EffectsQuality@3] File [C:/Users/micha/OneDrive/Documents/Documents/Documents/2020/COMP313/Project/Kris-Runs/KrisRuns/Saved/Config/Windows/Scalability.ini]
[2020.09.30-00.15.58:842][  0]LogConfig: Setting CVar [[r.TranslucencyLightingVolumeDim:64]]
[2020.09.30-00.15.58:842][  0]LogConfig: Setting CVar [[r.RefractionQuality:2]]
[2020.09.30-00.15.58:842][  0]LogConfig: Setting CVar [[r.SSR.Quality:3]]
[2020.09.30-00.15.58:842][  0]LogConfig: Setting CVar [[r.SSR.HalfResSceneColor:0]]
[2020.09.30-00.15.58:842][  0]LogConfig: Setting CVar [[r.SceneColorFormat:4]]
[2020.09.30-00.15.58:842][  0]LogConfig: Setting CVar [[r.DetailMode:2]]
[2020.09.30-00.15.58:842][  0]LogConfig: Setting CVar [[r.TranslucencyVolumeBlur:1]]
[2020.09.30-00.15.58:842][  0]LogConfig: Setting CVar [[r.MaterialQualityLevel:1 ; High quality]]
[2020.09.30-00.15.58:842][  0]LogConfig: Setting CVar [[r.SSS.Scale:1]]
[2020.09.30-00.15.58:842][  0]LogConfig: Setting CVar [[r.SSS.SampleSet:2]]
[2020.09.30-00.15.58:842][  0]LogConfig: Setting CVar [[r.SSS.Quality:1]]
[2020.09.30-00.15.58:842][  0]LogConfig: Setting CVar [[r.SSS.HalfRes:0]]
[2020.09.30-00.15.58:842][  0]LogConfig: Setting CVar [[r.SSGI.Quality:3]]
[2020.09.30-00.15.58:842][  0]LogConfig: Setting CVar [[r.EmitterSpawnRateScale:1.0]]
[2020.09.30-00.15.58:842][  0]LogConfig: Setting CVar [[r.ParticleLightQuality:2]]
[2020.09.30-00.15.58:842][  0]LogConfig: Setting CVar [[r.SkyAtmosphere.AerialPerspectiveLUT.FastApplyOnOpaque:1 ; Always have FastSkyLUT 1 in this case to avoid wrong sky]]
[2020.09.30-00.15.58:842][  0]LogConfig: Setting CVar [[r.SkyAtmosphere.AerialPerspectiveLUT.SampleCountPerSlice:1]]
[2020.09.30-00.15.58:842][  0]LogConfig: Setting CVar [[r.SkyAtmosphere.AerialPerspectiveLUT.DepthResolution:16.0]]
[2020.09.30-00.15.58:842][  0]LogConfig: Setting CVar [[r.SkyAtmosphere.FastSkyLUT:1]]
[2020.09.30-00.15.58:842][  0]LogConfig: Setting CVar [[r.SkyAtmosphere.FastSkyLUT.SampleCountMin:4.0]]
[2020.09.30-00.15.58:842][  0]LogConfig: Setting CVar [[r.SkyAtmosphere.FastSkyLUT.SampleCountMax:32.0]]
[2020.09.30-00.15.58:842][  0]LogConfig: Setting CVar [[r.SkyAtmosphere.SampleCountMin:4.0]]
[2020.09.30-00.15.58:842][  0]LogConfig: Setting CVar [[r.SkyAtmosphere.SampleCountMax:32.0]]
[2020.09.30-00.15.58:842][  0]LogConfig: Setting CVar [[r.SkyAtmosphere.TransmittanceLUT.UseSmallFormat:0]]
[2020.09.30-00.15.58:842][  0]LogConfig: Setting CVar [[r.SkyAtmosphere.TransmittanceLUT.SampleCount:10.0]]
[2020.09.30-00.15.58:842][  0]LogConfig: Setting CVar [[r.SkyAtmosphere.MultiScatteringLUT.SampleCount:15.0]]
[2020.09.30-00.15.58:842][  0]LogConfig: Applying CVar settings from Section [FoliageQuality@3] File [C:/Users/micha/OneDrive/Documents/Documents/Documents/2020/COMP313/Project/Kris-Runs/KrisRuns/Saved/Config/Windows/Scalability.ini]
[2020.09.30-00.15.58:842][  0]LogConfig: Setting CVar [[foliage.DensityScale:1.0]]
[2020.09.30-00.15.58:842][  0]LogConfig: Setting CVar [[grass.DensityScale:1.0]]
[2020.09.30-00.15.58:842][  0]LogConfig: Applying CVar settings from Section [ShadingQuality@3] File [C:/Users/micha/OneDrive/Documents/Documents/Documents/2020/COMP313/Project/Kris-Runs/KrisRuns/Saved/Config/Windows/Scalability.ini]
[2020.09.30-00.15.58:842][  0]LogConfig: Setting CVar [[r.HairStrands.SkyLighting.SampleCount:16]]
[2020.09.30-00.15.58:842][  0]LogConfig: Setting CVar [[r.HairStrands.SkyLighting.JitterIntegration:0]]
[2020.09.30-00.15.58:842][  0]LogConfig: Setting CVar [[r.HairStrands.SkyAO.SampleCount:16]]
[2020.09.30-00.15.58:842][  0]LogConfig: Setting CVar [[r.HairStrands.DeepShadow.SuperSampling:0]]
[2020.09.30-00.15.58:843][  0]LogConfig: Setting CVar [[r.HairStrands.VisibilityPPLL:0]]
[2020.09.30-00.15.58:843][  0]LogConfig: Setting CVar [[r.HairStrands.RasterizationScale:0.5]]
[2020.09.30-00.15.58:843][  0]LogConfig: Setting CVar [[r.HairStrands.VelocityRasterizationScale:1]]
[2020.09.30-00.15.58:843][  0]LogConfig: Applying CVar settings from Section [Startup] File [../../../Engine/Config/ConsoleVariables.ini]
[2020.09.30-00.15.58:843][  0]LogConfig: Setting CVar [[net.UseAdaptiveNetUpdateFrequency:0]]
[2020.09.30-00.15.58:843][  0]LogConfig: Setting CVar [[p.chaos.AllowCreatePhysxBodies:1]]
[2020.09.30-00.15.58:843][  0]LogConfig: Setting CVar [[fx.SkipVectorVMBackendOptimizations:1]]
[2020.09.30-00.15.58:843][  0]LogConfig: Applying CVar settings from Section [ConsoleVariables] File [C:/Users/micha/OneDrive/Documents/Documents/Documents/2020/COMP313/Project/Kris-Runs/KrisRuns/Saved/Config/Windows/Engine.ini]
[2020.09.30-00.15.58:843][  0]LogInit: Computer: MICHAEL-SPRO7
[2020.09.30-00.15.58:844][  0]LogInit: User: micha
[2020.09.30-00.15.58:844][  0]LogInit: CPU Page size=4096, Cores=4
[2020.09.30-00.15.58:844][  0]LogInit: High frequency timer resolution =10.000000 MHz
[2020.09.30-00.15.58:844][  0]LogMemory: Memory total: Physical=15.6GB (16GB approx)
[2020.09.30-00.15.58:844][  0]LogMemory: Platform Memory Stats for Windows
[2020.09.30-00.15.58:844][  0]LogMemory: Process Physical Memory: 115.84 MB used, 115.85 MB peak
[2020.09.30-00.15.58:844][  0]LogMemory: Process Virtual Memory: 104.71 MB used, 104.71 MB peak
[2020.09.30-00.15.58:844][  0]LogMemory: Physical Memory: 12043.27 MB used,  3931.27 MB free, 15974.55 MB total
[2020.09.30-00.15.58:844][  0]LogMemory: Virtual Memory: 5153.09 MB used,  134212576.00 MB free, 134217728.00 MB total
[2020.09.30-00.15.58:856][  0]LogWindows: WindowsPlatformFeatures enabled
[2020.09.30-00.15.58:949][  0]LogInit: Physics initialised using underlying interface: PhysX
[2020.09.30-00.15.58:949][  0]LogInit: Using OS detected language (en-GB).
[2020.09.30-00.15.58:949][  0]LogInit: Using OS detected locale (en-NZ).
[2020.09.30-00.15.58:953][  0]LogTextLocalizationManager: No specific localization for 'en-GB' exists, so the 'en' localization will be used.
[2020.09.30-00.15.59:268][  0]LogSlate: New Slate User Created.  User Index 0, Is Virtual User: 0
[2020.09.30-00.15.59:268][  0]LogSlate: Slate User Registered.  User Index 0, Is Virtual User: 0
[2020.09.30-00.15.59:283][  0]LogHMD: Failed to initialize OpenVR with code 110
[2020.09.30-00.15.59:284][  0]LogD3D11RHI: D3D11 min allowed feature level: 11_0
[2020.09.30-00.15.59:284][  0]LogD3D11RHI: D3D11 max allowed feature level: 11_0
[2020.09.30-00.15.59:284][  0]LogD3D11RHI: D3D11 adapters:
[2020.09.30-00.15.59:525][  0]LogD3D11RHI:    0. 'Intel(R) Iris(R) Plus Graphics' (Feature Level 11_0)
[2020.09.30-00.15.59:526][  0]LogD3D11RHI:       128/0/7987 MB DedicatedVideo/DedicatedSystem/SharedSystem, Outputs:1, VendorId:0x8086
[2020.09.30-00.15.59:529][  0]LogD3D11RHI:    1. 'Microsoft Basic Render Driver' (Feature Level 11_0)
[2020.09.30-00.15.59:529][  0]LogD3D11RHI:       0/0/7987 MB DedicatedVideo/DedicatedSystem/SharedSystem, Outputs:0, VendorId:0x1414
[2020.09.30-00.15.59:529][  0]LogD3D11RHI: Chosen D3D11 Adapter: 0
[2020.09.30-00.15.59:540][  0]LogD3D11RHI: Creating new Direct3DDevice
[2020.09.30-00.15.59:540][  0]LogD3D11RHI:     GPU DeviceId: 0x8a52 (for the marketing name, search the web for "GPU Device Id")
[2020.09.30-00.15.59:540][  0]LogWindows: EnumDisplayDevices:
[2020.09.30-00.15.59:540][  0]LogWindows:    0. 'Intel(R) Iris(R) Plus Graphics' (P:1 D:1)
[2020.09.30-00.15.59:540][  0]LogWindows:    1. 'Intel(R) Iris(R) Plus Graphics' (P:0 D:0)
[2020.09.30-00.15.59:541][  0]LogWindows:    2. 'Intel(R) Iris(R) Plus Graphics' (P:0 D:0)
[2020.09.30-00.15.59:541][  0]LogWindows:    3. 'Intel(R) Iris(R) Plus Graphics' (P:0 D:0)
[2020.09.30-00.15.59:542][  0]LogWindows:    4. 'Intel(R) Iris(R) Plus Graphics' (P:0 D:0)
[2020.09.30-00.15.59:543][  0]LogWindows:    5. 'Intel(R) Iris(R) Plus Graphics' (P:0 D:0)
[2020.09.30-00.15.59:543][  0]LogWindows:    6. 'Intel(R) Iris(R) Plus Graphics' (P:0 D:0)
[2020.09.30-00.15.59:544][  0]LogWindows:    7. 'Intel(R) Iris(R) Plus Graphics' (P:0 D:0)
[2020.09.30-00.15.59:544][  0]LogWindows: DebugString: FoundDriverCount:8 
[2020.09.30-00.15.59:544][  0]LogD3D11RHI:     Adapter Name: Intel(R) Iris(R) Plus Graphics
[2020.09.30-00.15.59:544][  0]LogD3D11RHI:   Driver Version: 26.20.100.7641 (internal:26.20.100.7641, unified:26.20.100.7641)
[2020.09.30-00.15.59:544][  0]LogD3D11RHI:      Driver Date: 12-21-2019
[2020.09.30-00.15.59:544][  0]LogRHI: Texture pool is 1523 MB (70% of 2176 MB)
[2020.09.30-00.15.59:772][  0]LogD3D11RHI: RHI does not have support for 64 bit atomics
[2020.09.30-00.15.59:773][  0]LogD3D11RHI: [IntelMetricsDiscovery] Started
[2020.09.30-00.15.59:773][  0]LogD3D11RHI: Async texture creation enabled
[2020.09.30-00.15.59:773][  0]LogD3D11RHI: Array index from any shader is supported
[2020.09.30-00.15.59:783][  0]LogD3D11RHI: GPU Timing Frequency: 19.200000 (Debug: 2 0)
[2020.09.30-00.16.00:379][  0]LogTargetPlatformManager: Display: Loaded TargetPlatform 'WindowsNoEditor'
[2020.09.30-00.16.00:391][  0]LogTargetPlatformManager: Display: Loaded TargetPlatform 'Windows'
[2020.09.30-00.16.00:403][  0]LogTargetPlatformManager: Display: Loaded TargetPlatform 'WindowsClient'
[2020.09.30-00.16.00:422][  0]LogTargetPlatformManager: Display: Loaded TargetPlatform 'WindowsServer'
[2020.09.30-00.16.00:422][  0]LogTargetPlatformManager: Display: Building Assets For Windows
[2020.09.30-00.16.00:447][  0]LogAudioDebug: Display: Lib vorbis DLL was dynamically loaded.
[2020.09.30-00.16.00:608][  0]LogShaderCompilers: Guid format shader working directory is -63 characters bigger than the processId version (../../../../../../Users/micha/OneDrive/Documents/Documents/Documents/2020/COMP313/Project/Kris-Runs/KrisRuns/Intermediate/Shaders/WorkingDirectory/12400/).
[2020.09.30-00.16.00:608][  0]LogShaderCompilers: Cleaned the shader compiler working directory 'C:/Users/micha/AppData/Local/Temp/UnrealShaderWorkingDir/384EF64641B37311455F0A9BC752E602/'.
[2020.09.30-00.16.00:611][  0]LogXGEController: Cannot use XGE Controller as Incredibuild is not installed on this machine.
[2020.09.30-00.16.00:612][  0]LogShaderCompilers: Cannot use XGE Shader Compiler as Incredibuild is not installed on this machine.
[2020.09.30-00.16.00:612][  0]LogShaderCompilers: Display: Using Local Shader Compiler.
[2020.09.30-00.16.01:676][  0]LogDerivedDataCache: Display: Max Cache Size: 512 MB
[2020.09.30-00.16.01:757][  0]LogDerivedDataCache: Loaded boot cache 0.08s 76MB C:/Users/micha/AppData/Local/UnrealEngine/4.25/DerivedDataCache/Boot.ddc.
[2020.09.30-00.16.01:757][  0]LogDerivedDataCache: Display: Loaded Boot cache: C:/Users/micha/AppData/Local/UnrealEngine/4.25/DerivedDataCache/Boot.ddc
[2020.09.30-00.16.01:758][  0]LogDerivedDataCache: FDerivedDataBackendGraph:  Pak pak cache file ../../../../../../Users/micha/OneDrive/Documents/Documents/Documents/2020/COMP313/Project/Kris-Runs/KrisRuns/DerivedDataCache/DDC.ddp not found, will not use a pak cache.
[2020.09.30-00.16.01:758][  0]LogDerivedDataCache: Unable to find inner node Pak for hierarchical cache Hierarchy.
[2020.09.30-00.16.01:758][  0]LogDerivedDataCache: FDerivedDataBackendGraph:  CompressedPak pak cache file ../../../../../../Users/micha/OneDrive/Documents/Documents/Documents/2020/COMP313/Project/Kris-Runs/KrisRuns/DerivedDataCache/Compressed.ddp not found, will not use a pak cache.
[2020.09.30-00.16.01:758][  0]LogDerivedDataCache: Unable to find inner node CompressedPak for hierarchical cache Hierarchy.
[2020.09.30-00.16.01:772][  0]LogDerivedDataCache: Display: Pak cache opened for reading ../../../Engine/DerivedDataCache/Compressed.ddp.
[2020.09.30-00.16.01:773][  0]LogDerivedDataCache: FDerivedDataBackendGraph:  EnterprisePak pak cache file ../../../Enterprise/DerivedDataCache/Compressed.ddp not found, will not use a pak cache.
[2020.09.30-00.16.01:773][  0]LogDerivedDataCache: Unable to find inner node EnterprisePak for hierarchical cache Hierarchy.
[2020.09.30-00.16.01:774][  0]LogDerivedDataCache: Using Local data cache path C:/Users/micha/AppData/Local/UnrealEngine/Common/DerivedDataCache: Writable
[2020.09.30-00.16.01:774][  0]LogDerivedDataCache: Shared data cache path not found in *engine.ini, will not use an Shared cache.
[2020.09.30-00.16.01:774][  0]LogDerivedDataCache: Unable to find inner node Shared for hierarchical cache Hierarchy.
[2020.09.30-00.16.01:833][  0]LogSlate: Using FreeType 2.10.0
[2020.09.30-00.16.01:833][  0]LogSlate: SlateFontServices - WITH_FREETYPE: 1, WITH_HARFBUZZ: 1
[2020.09.30-00.16.01:939][  0]LogInit: Using OS detected language (en-GB).
[2020.09.30-00.16.01:939][  0]LogInit: Using OS detected locale (en-NZ).
[2020.09.30-00.16.01:939][  0]LogTextLocalizationManager: No localization for 'en-GB' exists, so 'en' will be used for the language.
[2020.09.30-00.16.01:939][  0]LogTextLocalizationManager: No localization for 'en-NZ' exists, so 'en' will be used for the locale.
[2020.09.30-00.16.01:939][  0]LogSlate: FontCache flush requested. Reason: Culture for localization was changed
[2020.09.30-00.16.01:939][  0]LogSlate: FontCache flush requested. Reason: Culture for localization was changed
[2020.09.30-00.16.01:942][  0]LogTextLocalizationManager: Compacting localization data took   0.00ms
[2020.09.30-00.16.01:947][  0]LogAssetRegistry: FAssetRegistry took 0.0031 seconds to start up
[2020.09.30-00.16.02:210][  0]LogPackageLocalizationCache: Processed 19 localized package path(s) for 1 prioritized culture(s) in 0.001786 seconds
[2020.09.30-00.16.02:274][  0]LogInit: Selected Device Profile: [Windows]
[2020.09.30-00.16.02:401][  0]LogMeshReduction: Using QuadricMeshReduction for automatic static mesh reduction
[2020.09.30-00.16.02:401][  0]LogMeshReduction: Using SimplygonMeshReduction for automatic skeletal mesh reduction
[2020.09.30-00.16.02:401][  0]LogMeshReduction: Using ProxyLODMeshReduction for automatic mesh merging
[2020.09.30-00.16.02:401][  0]LogMeshReduction: No distributed automatic mesh merging module available
[2020.09.30-00.16.02:401][  0]LogMeshMerging: No distributed automatic mesh merging module available
[2020.09.30-00.16.02:420][  0]LogNetVersion: KrisRuns 1.0.0, NetCL: 13144385, EngineNetVer: 14, GameNetVer: 0 (Checksum: 1266363376)
[2020.09.30-00.16.02:662][  0]LogAISub: UAISubsystem::UAISubsystem AISubsystem (0000019F81957A00), frame # 0
[2020.09.30-00.16.02:662][  0]LogAISub: UAISubsystem::UAISubsystem AIPerceptionSystem (0000019F81966AC0), frame # 0
[2020.09.30-00.16.02:663][  0]LogAISub: UAISubsystem::UAISubsystem EnvQueryManager (0000019F819B5A00), frame # 0
[2020.09.30-00.16.02:781][  0]LogCollectionManager: Loaded 0 collections in 0.001598 seconds
[2020.09.30-00.16.02:784][  0]LogFileCache: Scanning file cache for directory 'C:/Users/micha/OneDrive/Documents/Documents/Documents/2020/COMP313/Project/Kris-Runs/KrisRuns/Saved/Collections/' took 0.00s
[2020.09.30-00.16.02:784][  0]LogFileCache: Scanning file cache for directory 'C:/Users/micha/OneDrive/Documents/Documents/Documents/2020/COMP313/Project/Kris-Runs/KrisRuns/Content/Developers/micha/Collections/' took 0.00s
[2020.09.30-00.16.02:784][  0]LogFileCache: Scanning file cache for directory 'C:/Users/micha/OneDrive/Documents/Documents/Documents/2020/COMP313/Project/Kris-Runs/KrisRuns/Content/Collections/' took 0.00s
[2020.09.30-00.16.02:784][  0]LogCollectionManager: Fixed up redirectors for 0 collections in 0.000003 seconds (updated 0 objects)
[2020.09.30-00.16.02:947][  0]LogMoviePlayer: Initializing movie player
[2020.09.30-00.16.03:279][  0]LogTcpMessaging: Initializing TcpMessaging bridge
[2020.09.30-00.16.03:290][  0]LogUdpMessaging: Initializing bridge on interface 0.0.0.0:0 to multicast group 230.0.0.1:6666.
[2020.09.30-00.16.03:385][  0]SourceControl: Source control is disabled
[2020.09.30-00.16.03:386][  0]SourceControl: Source control is disabled
[2020.09.30-00.16.03:402][  0]SourceControl: Source control is disabled
[2020.09.30-00.16.03:741][  0]LogAndroidPermission: UAndroidPermissionCallbackProxy::GetInstance
[2020.09.30-00.16.03:786][  0]LogAudioCaptureCore: Display: No Audio Capture implementations found. Audio input will be silent.
[2020.09.30-00.16.03:786][  0]LogAudioCaptureCore: Display: No Audio Capture implementations found. Audio input will be silent.
[2020.09.30-00.16.03:884][  0]LogOcInput: OculusInput pre-init called
[2020.09.30-00.16.03:907][  0]LogUObjectArray: 19064 objects as part of root set at end of initial load.
[2020.09.30-00.16.03:907][  0]LogUObjectAllocator: 5015424 out of 0 bytes used by permanent object pool.
[2020.09.30-00.16.03:908][  0]LogUObjectArray: CloseDisregardForGC: 0/0 objects in disregard for GC pool
[2020.09.30-00.16.03:971][  0]LogEngine: Initializing Engine...
[2020.09.30-00.16.03:972][  0]LogHMD: Failed to initialize OpenVR with code 110
[2020.09.30-00.16.03:972][  0]LogMagicLeap: Warning: VR disabled because ZI is not enabled.  To enable, in the editor, Edit -> Project Settings -> Plugins -> Magic Leap Plugin -> Enable Zero Iteration
[2020.09.30-00.16.03:976][  0]LogStats: UGameplayTagsManager::InitializeManager -  0.001 s
[2020.09.30-00.16.04:127][  0]LogInit: Initializing FReadOnlyCVARCache
[2020.09.30-00.16.04:138][  0]LogAudioMixer: Display: Audio Mixer Platform Settings:
[2020.09.30-00.16.04:138][  0]LogAudioMixer: Display: 	Sample Rate:						  48000
[2020.09.30-00.16.04:138][  0]LogAudioMixer: Display: 	Callback Buffer Frame Size Requested: 1024
[2020.09.30-00.16.04:138][  0]LogAudioMixer: Display: 	Callback Buffer Frame Size To Use:	  1024
[2020.09.30-00.16.04:138][  0]LogAudioMixer: Display: 	Number of buffers to queue:			  2
[2020.09.30-00.16.04:138][  0]LogAudioMixer: Display: 	Max Channels (voices):				  32
[2020.09.30-00.16.04:138][  0]LogAudioMixer: Display: 	Number of Async Source Workers:		  0
[2020.09.30-00.16.04:138][  0]LogAudio: Display: AudioDevice MaxSources: 32
[2020.09.30-00.16.04:140][  0]LogAudio: Display: Using built-in audio occlusion.
[2020.09.30-00.16.04:140][  0]LogAudioMixer: Display: Initializing audio mixer.
[2020.09.30-00.16.04:201][  0]LogAudioMixer: Display: 0: FrontLeft
[2020.09.30-00.16.04:201][  0]LogAudioMixer: Display: 1: FrontRight
[2020.09.30-00.16.04:253][  0]LogAudioMixer: Display: Using Audio Device Speakers (Surface Dock)
[2020.09.30-00.16.04:261][  0]LogAudioMixer: Display: Initializing Sound Submixes...
[2020.09.30-00.16.04:264][  0]LogAudioMixer: Display: Creating Master Submix 'MasterSubmixDefault'
[2020.09.30-00.16.04:265][  0]LogAudioMixer: Display: Creating Master Submix 'MasterReverbSubmixDefault'
[2020.09.30-00.16.04:266][  0]LogAudioMixer: Display: Creating Master Submix 'MasterEQSubmixDefault'
[2020.09.30-00.16.04:267][  0]LogInit: FAudioDevice initialized.
[2020.09.30-00.16.04:271][  0]LogNetVersion: Set ProjectVersion to 1.0.0.0. Version Checksum will be recalculated on next use.
[2020.09.30-00.16.04:271][  0]LogInit: Texture streaming: Enabled
[2020.09.30-00.16.04:391][  0]LogSlate: Updating window title bar state: overlay mode, drag disabled, window buttons hidden, title bar hidden
[2020.09.30-00.16.04:392][  0]LogInit: Display: Game Engine Initialized.
[2020.09.30-00.16.04:392][  0]LogNiagaraEditor: Warning: GEditor isn't valid! Particle reset commands will not work for Niagara components!
[2020.09.30-00.16.04:461][  0]LogInit: Display: Starting Game.
[2020.09.30-00.16.04:461][  0]LogNet: Browse: /Game/NewMaps/KrisTutorialMap?Name=Player
[2020.09.30-00.16.04:461][  0]LogLoad: LoadMap: /Game/NewMaps/KrisTutorialMap?Name=Player
[2020.09.30-00.16.04:461][  0]LogWorld: BeginTearingDown for /Temp/Untitled_0
[2020.09.30-00.16.04:463][  0]LogWorld: UWorld::CleanupWorld for Untitled, bSessionEnded=true, bCleanupResources=true
[2020.09.30-00.16.04:463][  0]LogSlate: InvalidateAllWidgets triggered.  All widgets were invalidated
[2020.09.30-00.16.04:475][  0]LogUObjectHash: Compacting FUObjectHashTables data took   0.56ms
[2020.09.30-00.16.04:610][  0]LogBlueprint: Warning: [Compiler KrisModel_AnimBP] Idle/Run to Dodge  will never be taken, please connect something to  Can Enter Transition
[2020.09.30-00.16.04:610][  0]LogBlueprint: Warning: [Compiler KrisModel_AnimBP] Idle/Run to Attack  will never be taken, please connect something to  Can Enter Transition
[2020.09.30-00.16.04:611][  0]LogBlueprint: Warning: [Compiler KrisModel_AnimBP] Attack to Idle/Run  will never be taken, please connect something to  Can Enter Transition
[2020.09.30-00.16.04:611][  0]LogBlueprint: Warning: [Compiler KrisModel_AnimBP] Dodge to Idle/Run  will never be taken, please connect something to  Can Enter Transition
[2020.09.30-00.16.04:763][  0]LogUObjectGlobals: Warning: While loading '../../../../../../Users/micha/OneDrive/Documents/Documents/Documents/2020/COMP313/Project/Kris-Runs/KrisRuns/Content/Static-objects/Donut/donut-03_Donut.uasset' failed to load '/Game/Static_objects/Donut/Material_003': Can't find file.
[2020.09.30-00.16.04:764][  0]LogUObjectGlobals: Warning: While loading '../../../../../../Users/micha/OneDrive/Documents/Documents/Documents/2020/COMP313/Project/Kris-Runs/KrisRuns/Content/Static-objects/Donut/donut-03_Donut.uasset' failed to load '/Game/Static_objects/Donut/Material_003': Can't find file.
[2020.09.30-00.16.04:764][  0]LogUObjectGlobals: Warning: While loading '../../../../../../Users/micha/OneDrive/Documents/Documents/Documents/2020/COMP313/Project/Kris-Runs/KrisRuns/Content/Static-objects/Donut/donut-03_Donut.uasset' failed to load '/Game/Static_objects/Donut/Material_003': Can't find file.
[2020.09.30-00.16.04:764][  0]LogUObjectGlobals: Warning: While loading '../../../../../../Users/micha/OneDrive/Documents/Documents/Documents/2020/COMP313/Project/Kris-Runs/KrisRuns/Content/Static-objects/Donut/donut-03_Donut.uasset' failed to load '/Game/Static_objects/Donut/Material_003': Can't find file.
[2020.09.30-00.16.04:764][  0]LogUObjectGlobals: Warning: While loading '../../../../../../Users/micha/OneDrive/Documents/Documents/Documents/2020/COMP313/Project/Kris-Runs/KrisRuns/Content/Static-objects/Donut/donut-03_Icing.uasset' failed to load '/Game/Static_objects/Donut/Material_002': Can't find file.
[2020.09.30-00.16.04:764][  0]LogUObjectGlobals: Warning: While loading '../../../../../../Users/micha/OneDrive/Documents/Documents/Documents/2020/COMP313/Project/Kris-Runs/KrisRuns/Content/Static-objects/Donut/donut-03_Icing.uasset' failed to load '/Game/Static_objects/Donut/Material_002': Can't find file.
[2020.09.30-00.16.04:764][  0]LogUObjectGlobals: Warning: While loading '../../../../../../Users/micha/OneDrive/Documents/Documents/Documents/2020/COMP313/Project/Kris-Runs/KrisRuns/Content/Static-objects/Donut/donut-03_Icing.uasset' failed to load '/Game/Static_objects/Donut/Material_002': Can't find file.
[2020.09.30-00.16.04:765][  0]LogUObjectGlobals: Warning: While loading '../../../../../../Users/micha/OneDrive/Documents/Documents/Documents/2020/COMP313/Project/Kris-Runs/KrisRuns/Content/Static-objects/Donut/donut-03_Icing.uasset' failed to load '/Game/Static_objects/Donut/Material_002': Can't find file.
[2020.09.30-00.16.04:768][  0]LogUObjectGlobals: Warning: While loading '../../../../../../Users/micha/OneDrive/Documents/Documents/Documents/2020/COMP313/Project/Kris-Runs/KrisRuns/Content/Static-objects/Coin/coin-model.uasset' failed to load '/Game/Static_objects/Coin/Material': Can't find file.
[2020.09.30-00.16.04:768][  0]LogUObjectGlobals: Warning: While loading '../../../../../../Users/micha/OneDrive/Documents/Documents/Documents/2020/COMP313/Project/Kris-Runs/KrisRuns/Content/Static-objects/Coin/coin-model.uasset' failed to load '/Game/Static_objects/Coin/Material': Can't find file.
[2020.09.30-00.16.04:768][  0]LogUObjectGlobals: Warning: While loading '../../../../../../Users/micha/OneDrive/Documents/Documents/Documents/2020/COMP313/Project/Kris-Runs/KrisRuns/Content/Static-objects/Coin/coin-model.uasset' failed to load '/Game/Static_objects/Coin/Material': Can't find file.
[2020.09.30-00.16.04:768][  0]LogUObjectGlobals: Warning: While loading '../../../../../../Users/micha/OneDrive/Documents/Documents/Documents/2020/COMP313/Project/Kris-Runs/KrisRuns/Content/Static-objects/Coin/coin-model.uasset' failed to load '/Game/Static_objects/Coin/Material': Can't find file.
[2020.09.30-00.16.05:078][  0]LogAIModule: Creating AISystem for world KrisTutorialMap
[2020.09.30-00.16.05:078][  0]LogAISub: UAISubsystem::UAISubsystem EnvQueryManager (0000019F91FDBC00), frame # 0
[2020.09.30-00.16.05:078][  0]LogAISub: UAISubsystem::UAISubsystem AIPerceptionSystem (0000019F91F76E80), frame # 0
[2020.09.30-00.16.05:083][  0]LogLoad: Game class is 'ThirdPersonGameMode_C'
[2020.09.30-00.16.05:125][  0]LogWorld: Bringing World /Game/NewMaps/KrisTutorialMap.KrisTutorialMap up for play (max tick rate 0) at 2020.09.30-13.16.05
[2020.09.30-00.16.05:127][  0]LogWorld: Bringing up level for play took: 0.041541
[2020.09.30-00.16.05:138][  0]LogLoad: Took 0.676649 seconds to LoadMap(/Game/NewMaps/KrisTutorialMap)
[2020.09.30-00.16.05:203][  0]LogRenderer: Reallocating scene render targets to support 1280x720 Format 10 NumSamples 1 (Frame:1).
[2020.09.30-00.16.05:203][  0]LogLoad: (Engine Initialization) Total time: 9.73 seconds
[2020.09.30-00.16.05:203][  0]LogLoad: (Engine Initialization) Total Blueprint compile time: 0.00 seconds
[2020.09.30-00.16.05:336][  0]LogContentStreaming: Texture pool size now 1000 MB
[2020.09.30-00.16.05:343][  0]LogSlate: InvalidateAllWidgets triggered.  All widgets were invalidated
[2020.09.30-00.16.05:565][  0]LogRenderer: Reallocating scene render targets to support 128x128 Format 10 NumSamples 1 (Frame:1).
[2020.09.30-00.16.05:786][  0]LogRenderer: Reallocating scene render targets to support 1280x720 Format 10 NumSamples 1 (Frame:2).
