Log file open, 10/08/20 11:50:53
LogInit: Display: Running engine for game: KrisRuns
LogPlatformFile: Not using cached read wrapper
LogTaskGraph: Started task graph with 5 named threads and 23 total threads with 3 sets of task threads.
LogStats: Stats thread started at 0.370221
LogD3D11RHI: Loaded GFSDK_Aftermath_Lib.x64.dll
LogICUInternationalization: ICU TimeZone Detection - Raw Offset: +12:00, Platform Override: ''
LogPluginManager: Mounting plugin Paper2D
LogPluginManager: Mounting plugin AISupport
LogPluginManager: Mounting plugin LightPropagationVolume
LogPluginManager: Mounting plugin CameraShakePreviewer
LogPluginManager: Mounting plugin ActorLayerUtilities
LogPluginManager: Mounting plugin AnimationSharing
LogPluginManager: Mounting plugin CLionSourceCodeAccess
LogPluginManager: Mounting plugin CodeLiteSourceCodeAccess
LogPluginManager: Mounting plugin GitSourceControl
LogPluginManager: Mounting plugin KDevelopSourceCodeAccess
LogPluginManager: Mounting plugin NullSourceCodeAccess
LogPluginManager: Mounting plugin PerforceSourceControl
LogPluginManager: Mounting plugin PlasticSourceControl
LogPluginManager: Mounting plugin RiderSourceCodeAccess
LogPluginManager: Mounting plugin SubversionSourceControl
LogPluginManager: Mounting plugin UObjectPlugin
LogPluginManager: Mounting plugin VisualStudioCodeSourceCodeAccess
LogPluginManager: Mounting plugin VisualStudioSourceCodeAccess
LogPluginManager: Mounting plugin XCodeSourceCodeAccess
LogPluginManager: Mounting plugin AssetManagerEditor
LogPluginManager: Mounting plugin CryptoKeys
LogPluginManager: Mounting plugin CurveEditorTools
LogPluginManager: Mounting plugin DataValidation
LogPluginManager: Mounting plugin EditorScriptingUtilities
LogPluginManager: Mounting plugin FacialAnimation
LogPluginManager: Mounting plugin GameplayTagsEditor
LogPluginManager: Mounting plugin GeometryMode
LogPluginManager: Mounting plugin MacGraphicsSwitching
LogPluginManager: Mounting plugin MaterialAnalyzer
LogPluginManager: Mounting plugin MobileLauncherProfileWizard
LogPluginManager: Mounting plugin PluginBrowser
LogPluginManager: Mounting plugin SpeedTreeImporter
LogPluginManager: Mounting plugin DatasmithContent
LogPluginManager: Mounting plugin VariantManagerContent
LogPluginManager: Mounting plugin AlembicImporter
LogPluginManager: Mounting plugin AutomationUtils
LogPluginManager: Mounting plugin BackChannel
LogPluginManager: Mounting plugin ChaosCloth
LogPluginManager: Mounting plugin ChaosClothEditor
LogPluginManager: Mounting plugin ChaosEditor
LogPluginManager: Mounting plugin ChaosNiagara
LogPluginManager: Mounting plugin ChaosSolverPlugin
LogPluginManager: Mounting plugin CharacterAI
LogPluginManager: Mounting plugin GeometryCache
LogPluginManager: Mounting plugin GeometryCollectionPlugin
LogPluginManager: Mounting plugin GeometryProcessing
LogPluginManager: Mounting plugin PlanarCut
LogPluginManager: Mounting plugin PlatformCrypto
LogPluginManager: Mounting plugin ProxyLODPlugin
LogPluginManager: Mounting plugin SkeletalReduction
LogPluginManager: Mounting plugin Niagara
LogPluginManager: Mounting plugin MagicLeap
LogPluginManager: Mounting plugin MagicLeapLightEstimation
LogPluginManager: Mounting plugin MagicLeapMedia
LogPluginManager: Mounting plugin MagicLeapPassableWorld
LogPluginManager: Mounting plugin MLSDK
LogPluginManager: Mounting plugin AndroidMedia
LogPluginManager: Mounting plugin AvfMedia
LogPluginManager: Mounting plugin ImgMedia
LogPluginManager: Mounting plugin MediaCompositing
LogPluginManager: Mounting plugin MediaPlayerEditor
LogPluginManager: Mounting plugin WebMMedia
LogPluginManager: Mounting plugin WmfMedia
LogPluginManager: Mounting plugin MeshPainting
LogPluginManager: Mounting plugin TcpMessaging
LogPluginManager: Mounting plugin UdpMessaging
LogPluginManager: Mounting plugin ActorSequence
LogPluginManager: Mounting plugin LevelSequenceEditor
LogPluginManager: Mounting plugin MatineeToLevelSequence
LogPluginManager: Mounting plugin MovieRenderPipeline
LogPluginManager: Mounting plugin TemplateSequence
LogPluginManager: Mounting plugin NetcodeUnitTest
LogPluginManager: Mounting plugin NUTUnrealEngine4
LogPluginManager: Mounting plugin OnlineSubsystemGooglePlay
LogPluginManager: Mounting plugin OnlineSubsystemIOS
LogPluginManager: Mounting plugin OnlineSubsystem
LogPluginManager: Mounting plugin OnlineSubsystemNull
LogPluginManager: Mounting plugin OnlineSubsystemUtils
LogPluginManager: Mounting plugin LauncherChunkInstaller
LogPluginManager: Mounting plugin AndroidDeviceProfileSelector
LogPluginManager: Mounting plugin AndroidMoviePlayer
LogPluginManager: Mounting plugin AndroidPermission
LogPluginManager: Mounting plugin AppleImageUtils
LogPluginManager: Mounting plugin AppleMoviePlayer
LogPluginManager: Mounting plugin ArchVisCharacter
LogPluginManager: Mounting plugin AssetTags
LogPluginManager: Mounting plugin AudioCapture
LogPluginManager: Mounting plugin CableComponent
LogPluginManager: Mounting plugin CustomMeshComponent
LogPluginManager: Mounting plugin EditableMesh
LogPluginManager: Mounting plugin ExampleDeviceProfileSelector
LogPluginManager: Mounting plugin GoogleCloudMessaging
LogPluginManager: Mounting plugin GooglePAD
LogPluginManager: Mounting plugin IOSDeviceProfileSelector
LogPluginManager: Mounting plugin LinuxDeviceProfileSelector
LogPluginManager: Mounting plugin LocationServicesBPLibrary
LogPluginManager: Mounting plugin MobilePatchingUtils
LogPluginManager: Mounting plugin OculusVR
LogPluginManager: Mounting plugin PhysXVehicles
LogPluginManager: Mounting plugin PostSplashScreen
LogPluginManager: Mounting plugin ProceduralMeshComponent
LogPluginManager: Mounting plugin RuntimePhysXCooking
LogPluginManager: Mounting plugin SignificanceManager
LogPluginManager: Mounting plugin SoundFields
LogPluginManager: Mounting plugin SteamVR
LogPluginManager: Mounting plugin Synthesis
LogPluginManager: Mounting plugin WebMMoviePlayer
LogPluginManager: Mounting plugin WindowsMoviePlayer
LogPluginManager: Mounting plugin ScreenshotTools
LogInit: Using libcurl 7.55.1-DEV
LogInit:  - built for x86_64-pc-win32
LogInit:  - supports SSL with OpenSSL/1.1.1
LogInit:  - supports HTTP deflate (compression) using libz 1.2.8
LogInit:  - other features:
LogInit:      CURL_VERSION_SSL
LogInit:      CURL_VERSION_LIBZ
LogInit:      CURL_VERSION_IPV6
LogInit:      CURL_VERSION_ASYNCHDNS
LogInit:      CURL_VERSION_LARGEFILE
LogInit:      CURL_VERSION_IDN
LogInit:  CurlRequestOptions (configurable via config and command line):
LogInit:  - bVerifyPeer = true  - Libcurl will verify peer certificate
LogInit:  - bUseHttpProxy = false  - Libcurl will NOT use HTTP proxy
LogInit:  - bDontReuseConnections = false  - Libcurl will reuse connections
LogInit:  - MaxHostConnections = 16  - Libcurl will limit the number of connections to a host
LogInit:  - LocalHostAddr = Default
LogInit:  - BufferSize = 65536
LogOnline: OSS: Creating online subsystem instance for: NULL
LogInit: WinSock: version 1.1 (2.2), MaxSocks=32767, MaxUdp=65467
LogOnline: OSS: TryLoadSubsystemAndSetDefault: Loaded subsystem for module [NULL]
LogInit: Build: ++UE4+Release-4.25-CL-13942748
LogInit: Engine Version: 4.25.3-13942748+++UE4+Release-4.25
LogInit: Compatible Engine Version: 4.25.0-13144385+++UE4+Release-4.25
LogInit: Net CL: 13144385
LogInit: OS: Windows 10 (Release 1909) (), CPU: Intel(R) Core(TM) i5-8300H CPU @ 2.30GHz, GPU: Intel(R) UHD Graphics 630
LogInit: Compiled (64-bit): Jul 25 2020 02:07:48
LogInit: Compiled with Visual C++: 19.24.28315.00
LogInit: Build Configuration: Development
LogInit: Branch Name: ++UE4+Release-4.25
LogInit: Command Line: 
LogInit: Base Directory: E:/Unreal Engine/UE_4.25/Engine/Binaries/Win64/
LogInit: Allocator: TBB
LogInit: Installed Engine Build: 1
LogDevObjectVersion: Number of dev versions registered: 26
LogDevObjectVersion:   Dev-Blueprints (B0D832E4-1F89-4F0D-ACCF-7EB736FD4AA2): 10
LogDevObjectVersion:   Dev-Build (E1C64328-A22C-4D53-A36C-8E866417BD8C): 0
LogDevObjectVersion:   Dev-Core (375EC13C-06E4-48FB-B500-84F0262A717E): 4
LogDevObjectVersion:   Dev-Editor (E4B068ED-F494-42E9-A231-DA0B2E46BB41): 38
LogDevObjectVersion:   Dev-Framework (CFFC743F-43B0-4480-9391-14DF171D2073): 37
LogDevObjectVersion:   Dev-Mobile (B02B49B5-BB20-44E9-A304-32B752E40360): 2
LogDevObjectVersion:   Dev-Networking (A4E4105C-59A1-49B5-A7C5-40C4547EDFEE): 0
LogDevObjectVersion:   Dev-Online (39C831C9-5AE6-47DC-9A44-9C173E1C8E7C): 0
LogDevObjectVersion:   Dev-Physics (78F01B33-EBEA-4F98-B9B4-84EACCB95AA2): 4
LogDevObjectVersion:   Dev-Platform (6631380F-2D4D-43E0-8009-CF276956A95A): 0
LogDevObjectVersion:   Dev-Rendering (12F88B9F-8875-4AFC-A67C-D90C383ABD29): 43
LogDevObjectVersion:   Dev-Sequencer (7B5AE74C-D270-4C10-A958-57980B212A5A): 12
LogDevObjectVersion:   Dev-VR (D7296918-1DD6-4BDD-9DE2-64A83CC13884): 3
LogDevObjectVersion:   Dev-LoadTimes (C2A15278-BFE7-4AFE-6C17-90FF531DF755): 1
LogDevObjectVersion:   Private-Geometry (6EACA3D4-40EC-4CC1-B786-8BED09428FC5): 3
LogDevObjectVersion:   Dev-AnimPhys (29E575DD-E0A3-4627-9D10-D276232CDCEA): 17
LogDevObjectVersion:   Dev-Anim (AF43A65D-7FD3-4947-9873-3E8ED9C1BB05): 7
LogDevObjectVersion:   Dev-ReflectionCapture (6B266CEC-1EC7-4B8F-A30B-E4D90942FC07): 1
LogDevObjectVersion:   Dev-Automation (0DF73D61-A23F-47EA-B727-89E90C41499A): 1
LogDevObjectVersion:   FortniteMain (601D1886-AC64-4F84-AA16-D3DE0DEAC7D6): 31
LogDevObjectVersion:   Dev-Enterprise (9DFFBCD6-494F-0158-E221-12823C92A888): 10
LogDevObjectVersion:   Dev-Niagara (F2AED0AC-9AFE-416F-8664-AA7FFA26D6FC): 1
LogDevObjectVersion:   Dev-Destruction (174F1F0B-B4C6-45A5-B13F-2EE8D0FB917D): 10
LogDevObjectVersion:   Dev-Physics-Ext (35F94A83-E258-406C-A318-09F59610247C): 37
LogDevObjectVersion:   Dev-PhysicsMaterial-Chaos (B68FC16E-8B1B-42E2-B453-215C058844FE): 1
LogDevObjectVersion:   Dev-CineCamera (B2E18506-4273-CFC2-A54E-F4BB758BBA07): 1
LogInit: Presizing for max 25165824 objects, including 0 objects not considered by GC, pre-allocating 0 bytes for permanent pool.
LogConfig: Applying CVar settings from Section [/Script/Engine.StreamingSettings] File [D:/COMP/COMP 313/Project/Kris-Runs/KrisRuns/Saved/Config/Windows/Engine.ini]
LogConfig: Setting CVar [[s.MinBulkDataSizeForAsyncLoading:131072]]
LogConfig: Setting CVar [[s.AsyncLoadingThreadEnabled:0]]
LogConfig: Setting CVar [[s.EventDrivenLoaderEnabled:1]]
LogConfig: Setting CVar [[s.WarnIfTimeLimitExceeded:0]]
LogConfig: Setting CVar [[s.TimeLimitExceededMultiplier:1.5]]
LogConfig: Setting CVar [[s.TimeLimitExceededMinTime:0.005]]
LogConfig: Setting CVar [[s.UseBackgroundLevelStreaming:1]]
LogConfig: Setting CVar [[s.PriorityAsyncLoadingExtraTime:15.0]]
LogConfig: Setting CVar [[s.LevelStreamingActorsUpdateTimeLimit:5.0]]
LogConfig: Setting CVar [[s.PriorityLevelStreamingActorsUpdateExtraTime:5.0]]
LogConfig: Setting CVar [[s.LevelStreamingComponentsRegistrationGranularity:10]]
LogConfig: Setting CVar [[s.UnregisterComponentsTimeLimit:1.0]]
LogConfig: Setting CVar [[s.LevelStreamingComponentsUnregistrationGranularity:5]]
LogConfig: Setting CVar [[s.FlushStreamingOnExit:1]]
LogInit: Object subsystem initialized
LogConfig: Setting CVar [[con.DebugEarlyDefault:1]]
LogConfig: Setting CVar [[r.setres:1280x720]]
[2020.10.07-22.50.54:057][  0]LogConfig: Setting CVar [[r.VSync:0]]
[2020.10.07-22.50.54:057][  0]LogConfig: Setting CVar [[r.RHICmdBypass:0]]
[2020.10.07-22.50.54:057][  0]LogConfig: Applying CVar settings from Section [/Script/Engine.RendererSettings] File [D:/COMP/COMP 313/Project/Kris-Runs/KrisRuns/Saved/Config/Windows/Engine.ini]
[2020.10.07-22.50.54:057][  0]LogConfig: Setting CVar [[r.GPUCrashDebugging:0]]
[2020.10.07-22.50.54:057][  0]LogConfig: Applying CVar settings from Section [/Script/Engine.RendererOverrideSettings] File [D:/COMP/COMP 313/Project/Kris-Runs/KrisRuns/Saved/Config/Windows/Engine.ini]
[2020.10.07-22.50.54:057][  0]LogConfig: Applying CVar settings from Section [/Script/Engine.StreamingSettings] File [D:/COMP/COMP 313/Project/Kris-Runs/KrisRuns/Saved/Config/Windows/Engine.ini]
[2020.10.07-22.50.54:057][  0]LogConfig: Setting CVar [[s.MinBulkDataSizeForAsyncLoading:131072]]
[2020.10.07-22.50.54:057][  0]LogConfig: Setting CVar [[s.AsyncLoadingThreadEnabled:0]]
[2020.10.07-22.50.54:057][  0]LogConfig: Setting CVar [[s.EventDrivenLoaderEnabled:1]]
[2020.10.07-22.50.54:057][  0]LogConfig: Setting CVar [[s.WarnIfTimeLimitExceeded:0]]
[2020.10.07-22.50.54:057][  0]LogConfig: Setting CVar [[s.TimeLimitExceededMultiplier:1.5]]
[2020.10.07-22.50.54:057][  0]LogConfig: Setting CVar [[s.TimeLimitExceededMinTime:0.005]]
[2020.10.07-22.50.54:057][  0]LogConfig: Setting CVar [[s.UseBackgroundLevelStreaming:1]]
[2020.10.07-22.50.54:057][  0]LogConfig: Setting CVar [[s.PriorityAsyncLoadingExtraTime:15.0]]
[2020.10.07-22.50.54:057][  0]LogConfig: Setting CVar [[s.LevelStreamingActorsUpdateTimeLimit:5.0]]
[2020.10.07-22.50.54:057][  0]LogConfig: Setting CVar [[s.PriorityLevelStreamingActorsUpdateExtraTime:5.0]]
[2020.10.07-22.50.54:057][  0]LogConfig: Setting CVar [[s.LevelStreamingComponentsRegistrationGranularity:10]]
[2020.10.07-22.50.54:057][  0]LogConfig: Setting CVar [[s.UnregisterComponentsTimeLimit:1.0]]
[2020.10.07-22.50.54:057][  0]LogConfig: Setting CVar [[s.LevelStreamingComponentsUnregistrationGranularity:5]]
[2020.10.07-22.50.54:057][  0]LogConfig: Setting CVar [[s.FlushStreamingOnExit:1]]
[2020.10.07-22.50.54:057][  0]LogConfig: Applying CVar settings from Section [/Script/Engine.GarbageCollectionSettings] File [D:/COMP/COMP 313/Project/Kris-Runs/KrisRuns/Saved/Config/Windows/Engine.ini]
[2020.10.07-22.50.54:057][  0]LogConfig: Setting CVar [[gc.MaxObjectsNotConsideredByGC:1]]
[2020.10.07-22.50.54:057][  0]LogConfig: Setting CVar [[gc.SizeOfPermanentObjectPool:0]]
[2020.10.07-22.50.54:057][  0]LogConfig: Setting CVar [[gc.FlushStreamingOnGC:0]]
[2020.10.07-22.50.54:057][  0]LogConfig: Setting CVar [[gc.NumRetriesBeforeForcingGC:10]]
[2020.10.07-22.50.54:057][  0]LogConfig: Setting CVar [[gc.AllowParallelGC:1]]
[2020.10.07-22.50.54:058][  0]LogConfig: Setting CVar [[gc.TimeBetweenPurgingPendingKillObjects:61.1]]
[2020.10.07-22.50.54:058][  0]LogConfig: Setting CVar [[gc.MaxObjectsInEditor:25165824]]
[2020.10.07-22.50.54:058][  0]LogConfig: Setting CVar [[gc.IncrementalBeginDestroyEnabled:1]]
[2020.10.07-22.50.54:058][  0]LogConfig: Setting CVar [[gc.CreateGCClusters:1]]
[2020.10.07-22.50.54:058][  0]LogConfig: Setting CVar [[gc.MinGCClusterSize:5]]
[2020.10.07-22.50.54:058][  0]LogConfig: Setting CVar [[gc.ActorClusteringEnabled:0]]
[2020.10.07-22.50.54:058][  0]LogConfig: Setting CVar [[gc.BlueprintClusteringEnabled:0]]
[2020.10.07-22.50.54:058][  0]LogConfig: Setting CVar [[gc.UseDisregardForGCOnDedicatedServers:0]]
[2020.10.07-22.50.54:058][  0]LogConfig: Applying CVar settings from Section [/Script/Engine.NetworkSettings] File [D:/COMP/COMP 313/Project/Kris-Runs/KrisRuns/Saved/Config/Windows/Engine.ini]
[2020.10.07-22.50.54:058][  0]LogConfig: Applying CVar settings from Section [/Script/UnrealEd.CookerSettings] File [D:/COMP/COMP 313/Project/Kris-Runs/KrisRuns/Saved/Config/Windows/Engine.ini]
[2020.10.07-22.50.54:062][  0]LogConfig: Applying CVar settings from Section [ViewDistanceQuality@3] File [D:/COMP/COMP 313/Project/Kris-Runs/KrisRuns/Saved/Config/Windows/Scalability.ini]
[2020.10.07-22.50.54:062][  0]LogConfig: Setting CVar [[r.SkeletalMeshLODBias:0]]
[2020.10.07-22.50.54:062][  0]LogConfig: Setting CVar [[r.ViewDistanceScale:1.0]]
[2020.10.07-22.50.54:063][  0]LogConfig: Applying CVar settings from Section [AntiAliasingQuality@3] File [D:/COMP/COMP 313/Project/Kris-Runs/KrisRuns/Saved/Config/Windows/Scalability.ini]
[2020.10.07-22.50.54:063][  0]LogConfig: Setting CVar [[r.PostProcessAAQuality:4]]
[2020.10.07-22.50.54:063][  0]LogConfig: Applying CVar settings from Section [ShadowQuality@3] File [D:/COMP/COMP 313/Project/Kris-Runs/KrisRuns/Saved/Config/Windows/Scalability.ini]
[2020.10.07-22.50.54:063][  0]LogConfig: Setting CVar [[r.LightFunctionQuality:1]]
[2020.10.07-22.50.54:063][  0]LogConfig: Setting CVar [[r.ShadowQuality:5]]
[2020.10.07-22.50.54:063][  0]LogConfig: Setting CVar [[r.Shadow.CSM.MaxCascades:10]]
[2020.10.07-22.50.54:063][  0]LogConfig: Setting CVar [[r.Shadow.MaxResolution:2048]]
[2020.10.07-22.50.54:063][  0]LogConfig: Setting CVar [[r.Shadow.MaxCSMResolution:2048]]
[2020.10.07-22.50.54:063][  0]LogConfig: Setting CVar [[r.Shadow.RadiusThreshold:0.01]]
[2020.10.07-22.50.54:063][  0]LogConfig: Setting CVar [[r.Shadow.DistanceScale:1.0]]
[2020.10.07-22.50.54:063][  0]LogConfig: Setting CVar [[r.Shadow.CSM.TransitionScale:1.0]]
[2020.10.07-22.50.54:063][  0]LogConfig: Setting CVar [[r.Shadow.PreShadowResolutionFactor:1.0]]
[2020.10.07-22.50.54:063][  0]LogConfig: Setting CVar [[r.DistanceFieldShadowing:1]]
[2020.10.07-22.50.54:063][  0]LogConfig: Setting CVar [[r.DistanceFieldAO:1]]
[2020.10.07-22.50.54:063][  0]LogConfig: Setting CVar [[r.AOQuality:2]]
[2020.10.07-22.50.54:063][  0]LogConfig: Setting CVar [[r.VolumetricFog:1]]
[2020.10.07-22.50.54:063][  0]LogConfig: Setting CVar [[r.VolumetricFog.GridPixelSize:8]]
[2020.10.07-22.50.54:063][  0]LogConfig: Setting CVar [[r.VolumetricFog.GridSizeZ:128]]
[2020.10.07-22.50.54:063][  0]LogConfig: Setting CVar [[r.VolumetricFog.HistoryMissSupersampleCount:4]]
[2020.10.07-22.50.54:063][  0]LogConfig: Setting CVar [[r.LightMaxDrawDistanceScale:1]]
[2020.10.07-22.50.54:063][  0]LogConfig: Setting CVar [[r.CapsuleShadows:1]]
[2020.10.07-22.50.54:063][  0]LogConfig: Applying CVar settings from Section [PostProcessQuality@3] File [D:/COMP/COMP 313/Project/Kris-Runs/KrisRuns/Saved/Config/Windows/Scalability.ini]
[2020.10.07-22.50.54:063][  0]LogConfig: Setting CVar [[r.MotionBlurQuality:4]]
[2020.10.07-22.50.54:063][  0]LogConfig: Setting CVar [[r.AmbientOcclusionMipLevelFactor:0.4]]
[2020.10.07-22.50.54:063][  0]LogConfig: Setting CVar [[r.AmbientOcclusionMaxQuality:100]]
[2020.10.07-22.50.54:063][  0]LogConfig: Setting CVar [[r.AmbientOcclusionLevels:-1]]
[2020.10.07-22.50.54:063][  0]LogConfig: Setting CVar [[r.AmbientOcclusionRadiusScale:1.0]]
[2020.10.07-22.50.54:063][  0]LogConfig: Setting CVar [[r.DepthOfFieldQuality:2]]
[2020.10.07-22.50.54:063][  0]LogConfig: Setting CVar [[r.RenderTargetPoolMin:400]]
[2020.10.07-22.50.54:063][  0]LogConfig: Setting CVar [[r.LensFlareQuality:2]]
[2020.10.07-22.50.54:063][  0]LogConfig: Setting CVar [[r.SceneColorFringeQuality:1]]
[2020.10.07-22.50.54:063][  0]LogConfig: Setting CVar [[r.EyeAdaptationQuality:2]]
[2020.10.07-22.50.54:063][  0]LogConfig: Setting CVar [[r.BloomQuality:5]]
[2020.10.07-22.50.54:063][  0]LogConfig: Setting CVar [[r.FastBlurThreshold:100]]
[2020.10.07-22.50.54:063][  0]LogConfig: Setting CVar [[r.Upscale.Quality:3]]
[2020.10.07-22.50.54:063][  0]LogConfig: Setting CVar [[r.Tonemapper.GrainQuantization:1]]
[2020.10.07-22.50.54:063][  0]LogConfig: Setting CVar [[r.LightShaftQuality:1]]
[2020.10.07-22.50.54:064][  0]LogConfig: Setting CVar [[r.Filter.SizeScale:1]]
[2020.10.07-22.50.54:064][  0]LogConfig: Setting CVar [[r.Tonemapper.Quality:5]]
[2020.10.07-22.50.54:064][  0]LogConfig: Setting CVar [[r.DOF.Gather.AccumulatorQuality:1        ; higher gathering accumulator quality]]
[2020.10.07-22.50.54:064][  0]LogConfig: Setting CVar [[r.DOF.Gather.PostfilterMethod:1          ; Median3x3 postfilering method]]
[2020.10.07-22.50.54:064][  0]LogConfig: Setting CVar [[r.DOF.Gather.EnableBokehSettings:0       ; no bokeh simulation when gathering]]
[2020.10.07-22.50.54:064][  0]LogConfig: Setting CVar [[r.DOF.Gather.RingCount:4                 ; medium number of samples when gathering]]
[2020.10.07-22.50.54:064][  0]LogConfig: Setting CVar [[r.DOF.Scatter.ForegroundCompositing:1    ; additive foreground scattering]]
[2020.10.07-22.50.54:064][  0]LogConfig: Setting CVar [[r.DOF.Scatter.BackgroundCompositing:2    ; additive background scattering]]
[2020.10.07-22.50.54:064][  0]LogConfig: Setting CVar [[r.DOF.Scatter.EnableBokehSettings:1      ; bokeh simulation when scattering]]
[2020.10.07-22.50.54:064][  0]LogConfig: Setting CVar [[r.DOF.Scatter.MaxSpriteRatio:0.1         ; only a maximum of 10% of scattered bokeh]]
[2020.10.07-22.50.54:064][  0]LogConfig: Setting CVar [[r.DOF.Recombine.Quality:1                ; cheap slight out of focus]]
[2020.10.07-22.50.54:064][  0]LogConfig: Setting CVar [[r.DOF.Recombine.EnableBokehSettings:0    ; no bokeh simulation on slight out of focus]]
[2020.10.07-22.50.54:064][  0]LogConfig: Setting CVar [[r.DOF.TemporalAAQuality:1                ; more stable temporal accumulation]]
[2020.10.07-22.50.54:064][  0]LogConfig: Setting CVar [[r.DOF.Kernel.MaxForegroundRadius:0.025]]
[2020.10.07-22.50.54:064][  0]LogConfig: Setting CVar [[r.DOF.Kernel.MaxBackgroundRadius:0.025]]
[2020.10.07-22.50.54:064][  0]LogConfig: Applying CVar settings from Section [TextureQuality@3] File [D:/COMP/COMP 313/Project/Kris-Runs/KrisRuns/Saved/Config/Windows/Scalability.ini]
[2020.10.07-22.50.54:064][  0]LogConfig: Setting CVar [[r.Streaming.MipBias:0]]
[2020.10.07-22.50.54:064][  0]LogConfig: Setting CVar [[r.Streaming.AmortizeCPUToGPUCopy:0]]
[2020.10.07-22.50.54:064][  0]LogConfig: Setting CVar [[r.Streaming.MaxNumTexturesToStreamPerFrame:0]]
[2020.10.07-22.50.54:064][  0]LogConfig: Setting CVar [[r.Streaming.Boost:1]]
[2020.10.07-22.50.54:064][  0]LogConfig: Setting CVar [[r.MaxAnisotropy:8]]
[2020.10.07-22.50.54:064][  0]LogConfig: Setting CVar [[r.VT.MaxAnisotropy:8]]
[2020.10.07-22.50.54:064][  0]LogConfig: Setting CVar [[r.Streaming.LimitPoolSizeToVRAM:0]]
[2020.10.07-22.50.54:064][  0]LogConfig: Setting CVar [[r.Streaming.PoolSize:1000]]
[2020.10.07-22.50.54:064][  0]LogConfig: Setting CVar [[r.Streaming.MaxEffectiveScreenSize:0]]
[2020.10.07-22.50.54:064][  0]LogConfig: Applying CVar settings from Section [EffectsQuality@3] File [D:/COMP/COMP 313/Project/Kris-Runs/KrisRuns/Saved/Config/Windows/Scalability.ini]
[2020.10.07-22.50.54:064][  0]LogConfig: Setting CVar [[r.TranslucencyLightingVolumeDim:64]]
[2020.10.07-22.50.54:064][  0]LogConfig: Setting CVar [[r.RefractionQuality:2]]
[2020.10.07-22.50.54:064][  0]LogConfig: Setting CVar [[r.SSR.Quality:3]]
[2020.10.07-22.50.54:064][  0]LogConfig: Setting CVar [[r.SSR.HalfResSceneColor:0]]
[2020.10.07-22.50.54:064][  0]LogConfig: Setting CVar [[r.SceneColorFormat:4]]
[2020.10.07-22.50.54:064][  0]LogConfig: Setting CVar [[r.DetailMode:2]]
[2020.10.07-22.50.54:064][  0]LogConfig: Setting CVar [[r.TranslucencyVolumeBlur:1]]
[2020.10.07-22.50.54:064][  0]LogConfig: Setting CVar [[r.MaterialQualityLevel:1 ; High quality]]
[2020.10.07-22.50.54:064][  0]LogConfig: Setting CVar [[r.SSS.Scale:1]]
[2020.10.07-22.50.54:064][  0]LogConfig: Setting CVar [[r.SSS.SampleSet:2]]
[2020.10.07-22.50.54:064][  0]LogConfig: Setting CVar [[r.SSS.Quality:1]]
[2020.10.07-22.50.54:065][  0]LogConfig: Setting CVar [[r.SSS.HalfRes:0]]
[2020.10.07-22.50.54:065][  0]LogConfig: Setting CVar [[r.SSGI.Quality:3]]
[2020.10.07-22.50.54:065][  0]LogConfig: Setting CVar [[r.EmitterSpawnRateScale:1.0]]
[2020.10.07-22.50.54:065][  0]LogConfig: Setting CVar [[r.ParticleLightQuality:2]]
[2020.10.07-22.50.54:065][  0]LogConfig: Setting CVar [[r.SkyAtmosphere.AerialPerspectiveLUT.FastApplyOnOpaque:1 ; Always have FastSkyLUT 1 in this case to avoid wrong sky]]
[2020.10.07-22.50.54:065][  0]LogConfig: Setting CVar [[r.SkyAtmosphere.AerialPerspectiveLUT.SampleCountPerSlice:1]]
[2020.10.07-22.50.54:065][  0]LogConfig: Setting CVar [[r.SkyAtmosphere.AerialPerspectiveLUT.DepthResolution:16.0]]
[2020.10.07-22.50.54:065][  0]LogConfig: Setting CVar [[r.SkyAtmosphere.FastSkyLUT:1]]
[2020.10.07-22.50.54:065][  0]LogConfig: Setting CVar [[r.SkyAtmosphere.FastSkyLUT.SampleCountMin:4.0]]
[2020.10.07-22.50.54:065][  0]LogConfig: Setting CVar [[r.SkyAtmosphere.FastSkyLUT.SampleCountMax:32.0]]
[2020.10.07-22.50.54:065][  0]LogConfig: Setting CVar [[r.SkyAtmosphere.SampleCountMin:4.0]]
[2020.10.07-22.50.54:065][  0]LogConfig: Setting CVar [[r.SkyAtmosphere.SampleCountMax:32.0]]
[2020.10.07-22.50.54:065][  0]LogConfig: Setting CVar [[r.SkyAtmosphere.TransmittanceLUT.UseSmallFormat:0]]
[2020.10.07-22.50.54:065][  0]LogConfig: Setting CVar [[r.SkyAtmosphere.TransmittanceLUT.SampleCount:10.0]]
[2020.10.07-22.50.54:065][  0]LogConfig: Setting CVar [[r.SkyAtmosphere.MultiScatteringLUT.SampleCount:15.0]]
[2020.10.07-22.50.54:065][  0]LogConfig: Applying CVar settings from Section [FoliageQuality@3] File [D:/COMP/COMP 313/Project/Kris-Runs/KrisRuns/Saved/Config/Windows/Scalability.ini]
[2020.10.07-22.50.54:065][  0]LogConfig: Setting CVar [[foliage.DensityScale:1.0]]
[2020.10.07-22.50.54:065][  0]LogConfig: Setting CVar [[grass.DensityScale:1.0]]
[2020.10.07-22.50.54:065][  0]LogConfig: Applying CVar settings from Section [ShadingQuality@3] File [D:/COMP/COMP 313/Project/Kris-Runs/KrisRuns/Saved/Config/Windows/Scalability.ini]
[2020.10.07-22.50.54:065][  0]LogConfig: Setting CVar [[r.HairStrands.SkyLighting.SampleCount:16]]
[2020.10.07-22.50.54:065][  0]LogConfig: Setting CVar [[r.HairStrands.SkyLighting.JitterIntegration:0]]
[2020.10.07-22.50.54:065][  0]LogConfig: Setting CVar [[r.HairStrands.SkyAO.SampleCount:16]]
[2020.10.07-22.50.54:065][  0]LogConfig: Setting CVar [[r.HairStrands.DeepShadow.SuperSampling:0]]
[2020.10.07-22.50.54:065][  0]LogConfig: Setting CVar [[r.HairStrands.VisibilityPPLL:0]]
[2020.10.07-22.50.54:065][  0]LogConfig: Setting CVar [[r.HairStrands.RasterizationScale:0.5]]
[2020.10.07-22.50.54:065][  0]LogConfig: Setting CVar [[r.HairStrands.VelocityRasterizationScale:1]]
[2020.10.07-22.50.54:065][  0]LogInit: Selected Device Profile: [Windows]
[2020.10.07-22.50.54:065][  0]LogInit: Applying CVar settings loaded from the selected device profile: [Windows]
[2020.10.07-22.50.54:066][  0]LogHAL: Display: Platform has ~ 8 GB [8443727872 / 8589934592 / 8], which maps to Default [LargestMinGB=32, LargerMinGB=12, DefaultMinGB=8, SmallerMinGB=6, SmallestMinGB=0)
[2020.10.07-22.50.54:066][  0]LogInit: Going up to parent DeviceProfile []
[2020.10.07-22.50.54:066][  0]LogConfig: Applying CVar settings from Section [ViewDistanceQuality@3] File [D:/COMP/COMP 313/Project/Kris-Runs/KrisRuns/Saved/Config/Windows/Scalability.ini]
[2020.10.07-22.50.54:066][  0]LogConfig: Setting CVar [[r.SkeletalMeshLODBias:0]]
[2020.10.07-22.50.54:066][  0]LogConfig: Setting CVar [[r.ViewDistanceScale:1.0]]
[2020.10.07-22.50.54:066][  0]LogConfig: Applying CVar settings from Section [AntiAliasingQuality@3] File [D:/COMP/COMP 313/Project/Kris-Runs/KrisRuns/Saved/Config/Windows/Scalability.ini]
[2020.10.07-22.50.54:066][  0]LogConfig: Setting CVar [[r.PostProcessAAQuality:4]]
[2020.10.07-22.50.54:066][  0]LogConfig: Applying CVar settings from Section [ShadowQuality@3] File [D:/COMP/COMP 313/Project/Kris-Runs/KrisRuns/Saved/Config/Windows/Scalability.ini]
[2020.10.07-22.50.54:066][  0]LogConfig: Setting CVar [[r.LightFunctionQuality:1]]
[2020.10.07-22.50.54:066][  0]LogConfig: Setting CVar [[r.ShadowQuality:5]]
[2020.10.07-22.50.54:066][  0]LogConfig: Setting CVar [[r.Shadow.CSM.MaxCascades:10]]
[2020.10.07-22.50.54:066][  0]LogConfig: Setting CVar [[r.Shadow.MaxResolution:2048]]
[2020.10.07-22.50.54:066][  0]LogConfig: Setting CVar [[r.Shadow.MaxCSMResolution:2048]]
[2020.10.07-22.50.54:066][  0]LogConfig: Setting CVar [[r.Shadow.RadiusThreshold:0.01]]
[2020.10.07-22.50.54:066][  0]LogConfig: Setting CVar [[r.Shadow.DistanceScale:1.0]]
[2020.10.07-22.50.54:066][  0]LogConfig: Setting CVar [[r.Shadow.CSM.TransitionScale:1.0]]
[2020.10.07-22.50.54:066][  0]LogConfig: Setting CVar [[r.Shadow.PreShadowResolutionFactor:1.0]]
[2020.10.07-22.50.54:066][  0]LogConfig: Setting CVar [[r.DistanceFieldShadowing:1]]
[2020.10.07-22.50.54:066][  0]LogConfig: Setting CVar [[r.DistanceFieldAO:1]]
[2020.10.07-22.50.54:066][  0]LogConfig: Setting CVar [[r.AOQuality:2]]
[2020.10.07-22.50.54:066][  0]LogConfig: Setting CVar [[r.VolumetricFog:1]]
[2020.10.07-22.50.54:066][  0]LogConfig: Setting CVar [[r.VolumetricFog.GridPixelSize:8]]
[2020.10.07-22.50.54:066][  0]LogConfig: Setting CVar [[r.VolumetricFog.GridSizeZ:128]]
[2020.10.07-22.50.54:066][  0]LogConfig: Setting CVar [[r.VolumetricFog.HistoryMissSupersampleCount:4]]
[2020.10.07-22.50.54:066][  0]LogConfig: Setting CVar [[r.LightMaxDrawDistanceScale:1]]
[2020.10.07-22.50.54:066][  0]LogConfig: Setting CVar [[r.CapsuleShadows:1]]
[2020.10.07-22.50.54:066][  0]LogConfig: Applying CVar settings from Section [PostProcessQuality@3] File [D:/COMP/COMP 313/Project/Kris-Runs/KrisRuns/Saved/Config/Windows/Scalability.ini]
[2020.10.07-22.50.54:066][  0]LogConfig: Setting CVar [[r.MotionBlurQuality:4]]
[2020.10.07-22.50.54:066][  0]LogConfig: Setting CVar [[r.AmbientOcclusionMipLevelFactor:0.4]]
[2020.10.07-22.50.54:066][  0]LogConfig: Setting CVar [[r.AmbientOcclusionMaxQuality:100]]
[2020.10.07-22.50.54:066][  0]LogConfig: Setting CVar [[r.AmbientOcclusionLevels:-1]]
[2020.10.07-22.50.54:066][  0]LogConfig: Setting CVar [[r.AmbientOcclusionRadiusScale:1.0]]
[2020.10.07-22.50.54:066][  0]LogConfig: Setting CVar [[r.DepthOfFieldQuality:2]]
[2020.10.07-22.50.54:066][  0]LogConfig: Setting CVar [[r.RenderTargetPoolMin:400]]
[2020.10.07-22.50.54:066][  0]LogConfig: Setting CVar [[r.LensFlareQuality:2]]
[2020.10.07-22.50.54:066][  0]LogConfig: Setting CVar [[r.SceneColorFringeQuality:1]]
[2020.10.07-22.50.54:067][  0]LogConfig: Setting CVar [[r.EyeAdaptationQuality:2]]
[2020.10.07-22.50.54:067][  0]LogConfig: Setting CVar [[r.BloomQuality:5]]
[2020.10.07-22.50.54:067][  0]LogConfig: Setting CVar [[r.FastBlurThreshold:100]]
[2020.10.07-22.50.54:067][  0]LogConfig: Setting CVar [[r.Upscale.Quality:3]]
[2020.10.07-22.50.54:067][  0]LogConfig: Setting CVar [[r.Tonemapper.GrainQuantization:1]]
[2020.10.07-22.50.54:067][  0]LogConfig: Setting CVar [[r.LightShaftQuality:1]]
[2020.10.07-22.50.54:067][  0]LogConfig: Setting CVar [[r.Filter.SizeScale:1]]
[2020.10.07-22.50.54:067][  0]LogConfig: Setting CVar [[r.Tonemapper.Quality:5]]
[2020.10.07-22.50.54:067][  0]LogConfig: Setting CVar [[r.DOF.Gather.AccumulatorQuality:1        ; higher gathering accumulator quality]]
[2020.10.07-22.50.54:067][  0]LogConfig: Setting CVar [[r.DOF.Gather.PostfilterMethod:1          ; Median3x3 postfilering method]]
[2020.10.07-22.50.54:067][  0]LogConfig: Setting CVar [[r.DOF.Gather.EnableBokehSettings:0       ; no bokeh simulation when gathering]]
[2020.10.07-22.50.54:067][  0]LogConfig: Setting CVar [[r.DOF.Gather.RingCount:4                 ; medium number of samples when gathering]]
[2020.10.07-22.50.54:067][  0]LogConfig: Setting CVar [[r.DOF.Scatter.ForegroundCompositing:1    ; additive foreground scattering]]
[2020.10.07-22.50.54:067][  0]LogConfig: Setting CVar [[r.DOF.Scatter.BackgroundCompositing:2    ; additive background scattering]]
[2020.10.07-22.50.54:067][  0]LogConfig: Setting CVar [[r.DOF.Scatter.EnableBokehSettings:1      ; bokeh simulation when scattering]]
[2020.10.07-22.50.54:067][  0]LogConfig: Setting CVar [[r.DOF.Scatter.MaxSpriteRatio:0.1         ; only a maximum of 10% of scattered bokeh]]
[2020.10.07-22.50.54:067][  0]LogConfig: Setting CVar [[r.DOF.Recombine.Quality:1                ; cheap slight out of focus]]
[2020.10.07-22.50.54:067][  0]LogConfig: Setting CVar [[r.DOF.Recombine.EnableBokehSettings:0    ; no bokeh simulation on slight out of focus]]
[2020.10.07-22.50.54:067][  0]LogConfig: Setting CVar [[r.DOF.TemporalAAQuality:1                ; more stable temporal accumulation]]
[2020.10.07-22.50.54:067][  0]LogConfig: Setting CVar [[r.DOF.Kernel.MaxForegroundRadius:0.025]]
[2020.10.07-22.50.54:067][  0]LogConfig: Setting CVar [[r.DOF.Kernel.MaxBackgroundRadius:0.025]]
[2020.10.07-22.50.54:067][  0]LogConfig: Applying CVar settings from Section [TextureQuality@3] File [D:/COMP/COMP 313/Project/Kris-Runs/KrisRuns/Saved/Config/Windows/Scalability.ini]
[2020.10.07-22.50.54:067][  0]LogConfig: Setting CVar [[r.Streaming.MipBias:0]]
[2020.10.07-22.50.54:067][  0]LogConfig: Setting CVar [[r.Streaming.AmortizeCPUToGPUCopy:0]]
[2020.10.07-22.50.54:067][  0]LogConfig: Setting CVar [[r.Streaming.MaxNumTexturesToStreamPerFrame:0]]
[2020.10.07-22.50.54:067][  0]LogConfig: Setting CVar [[r.Streaming.Boost:1]]
[2020.10.07-22.50.54:067][  0]LogConfig: Setting CVar [[r.MaxAnisotropy:8]]
[2020.10.07-22.50.54:067][  0]LogConfig: Setting CVar [[r.VT.MaxAnisotropy:8]]
[2020.10.07-22.50.54:067][  0]LogConfig: Setting CVar [[r.Streaming.LimitPoolSizeToVRAM:0]]
[2020.10.07-22.50.54:067][  0]LogConfig: Setting CVar [[r.Streaming.PoolSize:1000]]
[2020.10.07-22.50.54:067][  0]LogConfig: Setting CVar [[r.Streaming.MaxEffectiveScreenSize:0]]
[2020.10.07-22.50.54:067][  0]LogConfig: Applying CVar settings from Section [EffectsQuality@3] File [D:/COMP/COMP 313/Project/Kris-Runs/KrisRuns/Saved/Config/Windows/Scalability.ini]
[2020.10.07-22.50.54:067][  0]LogConfig: Setting CVar [[r.TranslucencyLightingVolumeDim:64]]
[2020.10.07-22.50.54:067][  0]LogConfig: Setting CVar [[r.RefractionQuality:2]]
[2020.10.07-22.50.54:067][  0]LogConfig: Setting CVar [[r.SSR.Quality:3]]
[2020.10.07-22.50.54:067][  0]LogConfig: Setting CVar [[r.SSR.HalfResSceneColor:0]]
[2020.10.07-22.50.54:067][  0]LogConfig: Setting CVar [[r.SceneColorFormat:4]]
[2020.10.07-22.50.54:067][  0]LogConfig: Setting CVar [[r.DetailMode:2]]
[2020.10.07-22.50.54:067][  0]LogConfig: Setting CVar [[r.TranslucencyVolumeBlur:1]]
[2020.10.07-22.50.54:067][  0]LogConfig: Setting CVar [[r.MaterialQualityLevel:1 ; High quality]]
[2020.10.07-22.50.54:068][  0]LogConfig: Setting CVar [[r.SSS.Scale:1]]
[2020.10.07-22.50.54:068][  0]LogConfig: Setting CVar [[r.SSS.SampleSet:2]]
[2020.10.07-22.50.54:068][  0]LogConfig: Setting CVar [[r.SSS.Quality:1]]
[2020.10.07-22.50.54:068][  0]LogConfig: Setting CVar [[r.SSS.HalfRes:0]]
[2020.10.07-22.50.54:068][  0]LogConfig: Setting CVar [[r.SSGI.Quality:3]]
[2020.10.07-22.50.54:068][  0]LogConfig: Setting CVar [[r.EmitterSpawnRateScale:1.0]]
[2020.10.07-22.50.54:068][  0]LogConfig: Setting CVar [[r.ParticleLightQuality:2]]
[2020.10.07-22.50.54:068][  0]LogConfig: Setting CVar [[r.SkyAtmosphere.AerialPerspectiveLUT.FastApplyOnOpaque:1 ; Always have FastSkyLUT 1 in this case to avoid wrong sky]]
[2020.10.07-22.50.54:068][  0]LogConfig: Setting CVar [[r.SkyAtmosphere.AerialPerspectiveLUT.SampleCountPerSlice:1]]
[2020.10.07-22.50.54:068][  0]LogConfig: Setting CVar [[r.SkyAtmosphere.AerialPerspectiveLUT.DepthResolution:16.0]]
[2020.10.07-22.50.54:068][  0]LogConfig: Setting CVar [[r.SkyAtmosphere.FastSkyLUT:1]]
[2020.10.07-22.50.54:068][  0]LogConfig: Setting CVar [[r.SkyAtmosphere.FastSkyLUT.SampleCountMin:4.0]]
[2020.10.07-22.50.54:068][  0]LogConfig: Setting CVar [[r.SkyAtmosphere.FastSkyLUT.SampleCountMax:32.0]]
[2020.10.07-22.50.54:068][  0]LogConfig: Setting CVar [[r.SkyAtmosphere.SampleCountMin:4.0]]
[2020.10.07-22.50.54:068][  0]LogConfig: Setting CVar [[r.SkyAtmosphere.SampleCountMax:32.0]]
[2020.10.07-22.50.54:068][  0]LogConfig: Setting CVar [[r.SkyAtmosphere.TransmittanceLUT.UseSmallFormat:0]]
[2020.10.07-22.50.54:068][  0]LogConfig: Setting CVar [[r.SkyAtmosphere.TransmittanceLUT.SampleCount:10.0]]
[2020.10.07-22.50.54:068][  0]LogConfig: Setting CVar [[r.SkyAtmosphere.MultiScatteringLUT.SampleCount:15.0]]
[2020.10.07-22.50.54:068][  0]LogConfig: Applying CVar settings from Section [FoliageQuality@3] File [D:/COMP/COMP 313/Project/Kris-Runs/KrisRuns/Saved/Config/Windows/Scalability.ini]
[2020.10.07-22.50.54:068][  0]LogConfig: Setting CVar [[foliage.DensityScale:1.0]]
[2020.10.07-22.50.54:068][  0]LogConfig: Setting CVar [[grass.DensityScale:1.0]]
[2020.10.07-22.50.54:068][  0]LogConfig: Applying CVar settings from Section [ShadingQuality@3] File [D:/COMP/COMP 313/Project/Kris-Runs/KrisRuns/Saved/Config/Windows/Scalability.ini]
[2020.10.07-22.50.54:068][  0]LogConfig: Setting CVar [[r.HairStrands.SkyLighting.SampleCount:16]]
[2020.10.07-22.50.54:068][  0]LogConfig: Setting CVar [[r.HairStrands.SkyLighting.JitterIntegration:0]]
[2020.10.07-22.50.54:068][  0]LogConfig: Setting CVar [[r.HairStrands.SkyAO.SampleCount:16]]
[2020.10.07-22.50.54:068][  0]LogConfig: Setting CVar [[r.HairStrands.DeepShadow.SuperSampling:0]]
[2020.10.07-22.50.54:068][  0]LogConfig: Setting CVar [[r.HairStrands.VisibilityPPLL:0]]
[2020.10.07-22.50.54:068][  0]LogConfig: Setting CVar [[r.HairStrands.RasterizationScale:0.5]]
[2020.10.07-22.50.54:068][  0]LogConfig: Setting CVar [[r.HairStrands.VelocityRasterizationScale:1]]
[2020.10.07-22.50.54:068][  0]LogConfig: Applying CVar settings from Section [Startup] File [../../../Engine/Config/ConsoleVariables.ini]
[2020.10.07-22.50.54:069][  0]LogConfig: Setting CVar [[net.UseAdaptiveNetUpdateFrequency:0]]
[2020.10.07-22.50.54:069][  0]LogConfig: Setting CVar [[p.chaos.AllowCreatePhysxBodies:1]]
[2020.10.07-22.50.54:069][  0]LogConfig: Setting CVar [[fx.SkipVectorVMBackendOptimizations:1]]
[2020.10.07-22.50.54:069][  0]LogConfig: Applying CVar settings from Section [ConsoleVariables] File [D:/COMP/COMP 313/Project/Kris-Runs/KrisRuns/Saved/Config/Windows/Engine.ini]
[2020.10.07-22.50.54:069][  0]LogInit: Computer: DESKTOP-T03HQ2Q
[2020.10.07-22.50.54:069][  0]LogInit: User: dell
[2020.10.07-22.50.54:069][  0]LogInit: CPU Page size=4096, Cores=4
[2020.10.07-22.50.54:069][  0]LogInit: High frequency timer resolution =10.000000 MHz
[2020.10.07-22.50.54:069][  0]LogMemory: Memory total: Physical=7.9GB (8GB approx)
[2020.10.07-22.50.54:069][  0]LogMemory: Platform Memory Stats for Windows
[2020.10.07-22.50.54:069][  0]LogMemory: Process Physical Memory: 114.36 MB used, 114.37 MB peak
[2020.10.07-22.50.54:069][  0]LogMemory: Process Virtual Memory: 96.33 MB used, 96.33 MB peak
[2020.10.07-22.50.54:069][  0]LogMemory: Physical Memory: 5031.37 MB used,  3021.20 MB free, 8052.57 MB total
[2020.10.07-22.50.54:069][  0]LogMemory: Virtual Memory: 5143.14 MB used,  134212584.00 MB free, 134217728.00 MB total
[2020.10.07-22.50.54:083][  0]LogWindows: WindowsPlatformFeatures enabled
[2020.10.07-22.50.54:172][  0]LogInit: Physics initialised using underlying interface: PhysX
[2020.10.07-22.50.54:174][  0]LogInit: Using OS detected language (en-US).
[2020.10.07-22.50.54:174][  0]LogInit: Using OS detected locale (en-US).
[2020.10.07-22.50.54:182][  0]LogTextLocalizationManager: No specific localization for 'en-US' exists, so the 'en' localization will be used.
[2020.10.07-22.50.54:426][  0]LogInit: Setting process to per monitor DPI aware
[2020.10.07-22.50.54:486][  0]LogSlate: New Slate User Created.  User Index 0, Is Virtual User: 0
[2020.10.07-22.50.54:487][  0]LogSlate: Slate User Registered.  User Index 0, Is Virtual User: 0
[2020.10.07-22.50.54:828][  0]LogHMD: Failed to initialize OpenVR with code 110
[2020.10.07-22.50.54:828][  0]LogD3D11RHI: D3D11 min allowed feature level: 11_0
[2020.10.07-22.50.54:828][  0]LogD3D11RHI: D3D11 max allowed feature level: 11_0
[2020.10.07-22.50.54:828][  0]LogD3D11RHI: D3D11 adapters:
[2020.10.07-22.50.54:964][  0]LogD3D11RHI:    0. 'NVIDIA GeForce GTX 1050 Ti' (Feature Level 11_0)
[2020.10.07-22.50.54:964][  0]LogD3D11RHI:       4018/0/4026 MB DedicatedVideo/DedicatedSystem/SharedSystem, Outputs:1, VendorId:0x10de
[2020.10.07-22.50.54:994][  0]LogD3D11RHI:    1. 'Intel(R) UHD Graphics 630' (Feature Level 11_0)
[2020.10.07-22.50.54:994][  0]LogD3D11RHI:       128/0/4026 MB DedicatedVideo/DedicatedSystem/SharedSystem, Outputs:0, VendorId:0x8086
[2020.10.07-22.50.54:999][  0]LogD3D11RHI:    2. 'Microsoft Basic Render Driver' (Feature Level 11_0)
[2020.10.07-22.50.54:999][  0]LogD3D11RHI:       0/0/4026 MB DedicatedVideo/DedicatedSystem/SharedSystem, Outputs:0, VendorId:0x1414
[2020.10.07-22.50.54:999][  0]LogD3D11RHI: Chosen D3D11 Adapter: 0
[2020.10.07-22.50.55:078][  0]LogD3D11RHI: Creating new Direct3DDevice
[2020.10.07-22.50.55:078][  0]LogD3D11RHI:     GPU DeviceId: 0x1c8c (for the marketing name, search the web for "GPU Device Id")
[2020.10.07-22.50.55:079][  0]LogWindows: EnumDisplayDevices:
[2020.10.07-22.50.55:079][  0]LogWindows:    0. 'Intel(R) UHD Graphics 630' (P:1 D:1)
[2020.10.07-22.50.55:080][  0]LogWindows:    1. 'Intel(R) UHD Graphics 630' (P:0 D:0)
[2020.10.07-22.50.55:081][  0]LogWindows:    2. 'Intel(R) UHD Graphics 630' (P:0 D:0)
[2020.10.07-22.50.55:082][  0]LogWindows:    3. 'NVIDIA GeForce GTX 1050 Ti' (P:0 D:0)
[2020.10.07-22.50.55:082][  0]LogWindows: DebugString: PrimaryIsNotTheChoosenAdapter PrimaryIsNotTheChoosenAdapter PrimaryIsNotTheChoosenAdapter 
[2020.10.07-22.50.55:082][  0]LogD3D11RHI:     Adapter Name: NVIDIA GeForce GTX 1050 Ti
[2020.10.07-22.50.55:082][  0]LogD3D11RHI:   Driver Version: 440.97 (internal:26.21.14.4097, unified:440.97)
[2020.10.07-22.50.55:082][  0]LogD3D11RHI:      Driver Date: 10-16-2019
[2020.10.07-22.50.55:082][  0]LogRHI: Texture pool is 2812 MB (70% of 4018 MB)
[2020.10.07-22.50.55:163][  0]LogD3D11RHI: RHI has support for 64 bit atomics
[2020.10.07-22.50.55:165][  0]LogD3D11RHI: [Aftermath] Enabled and primed
[2020.10.07-22.50.55:165][  0]LogD3D11RHI: Async texture creation enabled
[2020.10.07-22.50.55:165][  0]LogD3D11RHI: Array index from any shader is supported
[2020.10.07-22.50.55:192][  0]LogD3D11RHI: GPU Timing Frequency: 1000.000000 (Debug: 2 1)
[2020.10.07-22.50.55:921][  0]LogTargetPlatformManager: Display: Loaded TargetPlatform 'AllDesktop'
[2020.10.07-22.50.55:960][  0]LogTargetPlatformManager: Display: Loaded TargetPlatform 'Android'
[2020.10.07-22.50.55:960][  0]LogTargetPlatformManager: Display: Loaded TargetPlatform 'Android_ASTC'
[2020.10.07-22.50.55:960][  0]LogTargetPlatformManager: Display: Loaded TargetPlatform 'Android_DXT'
[2020.10.07-22.50.55:960][  0]LogTargetPlatformManager: Display: Loaded TargetPlatform 'Android_ETC2'
[2020.10.07-22.50.55:960][  0]LogTargetPlatformManager: Display: Loaded TargetPlatform 'AndroidClient'
[2020.10.07-22.50.55:960][  0]LogTargetPlatformManager: Display: Loaded TargetPlatform 'Android_ASTCClient'
[2020.10.07-22.50.55:960][  0]LogTargetPlatformManager: Display: Loaded TargetPlatform 'Android_DXTClient'
[2020.10.07-22.50.55:960][  0]LogTargetPlatformManager: Display: Loaded TargetPlatform 'Android_ETC2Client'
[2020.10.07-22.50.55:960][  0]LogTargetPlatformManager: Display: Loaded TargetPlatform 'Android_Multi'
[2020.10.07-22.50.55:960][  0]LogTargetPlatformManager: Display: Loaded TargetPlatform 'Android_MultiClient'
[2020.10.07-22.50.55:999][  0]LogTargetPlatformManager: Display: Loaded TargetPlatform 'IOSClient'
[2020.10.07-22.50.55:999][  0]LogTargetPlatformManager: Display: Loaded TargetPlatform 'IOS'
[2020.10.07-22.50.56:021][  0]LogTargetPlatformManager: Display: Loaded TargetPlatform 'Linux'
[2020.10.07-22.50.56:038][  0]LogTargetPlatformManager: Display: Loaded TargetPlatform 'LinuxNoEditor'
[2020.10.07-22.50.56:057][  0]LogTargetPlatformManager: Display: Loaded TargetPlatform 'LinuxClient'
[2020.10.07-22.50.56:077][  0]LogTargetPlatformManager: Display: Loaded TargetPlatform 'LinuxServer'
[2020.10.07-22.50.56:094][  0]LogTargetPlatformManager: Display: Loaded TargetPlatform 'LinuxAArch64NoEditor'
[2020.10.07-22.50.56:110][  0]LogTargetPlatformManager: Display: Loaded TargetPlatform 'LinuxAArch64Client'
[2020.10.07-22.50.56:125][  0]LogTargetPlatformManager: Display: Loaded TargetPlatform 'LinuxAArch64Server'
[2020.10.07-22.50.56:166][  0]LogTargetPlatformManager: Display: Loaded TargetPlatform 'Lumin'
[2020.10.07-22.50.56:166][  0]LogTargetPlatformManager: Display: Loaded TargetPlatform 'LuminClient'
[2020.10.07-22.50.56:192][  0]LogTargetPlatformManager: Display: Loaded TargetPlatform 'TVOSClient'
[2020.10.07-22.50.56:192][  0]LogTargetPlatformManager: Display: Loaded TargetPlatform 'TVOS'
[2020.10.07-22.50.56:208][  0]LogTargetPlatformManager: Display: Loaded TargetPlatform 'WindowsNoEditor'
[2020.10.07-22.50.56:223][  0]LogTargetPlatformManager: Display: Loaded TargetPlatform 'Windows'
[2020.10.07-22.50.56:238][  0]LogTargetPlatformManager: Display: Loaded TargetPlatform 'WindowsClient'
[2020.10.07-22.50.56:253][  0]LogTargetPlatformManager: Display: Loaded TargetPlatform 'WindowsServer'
[2020.10.07-22.50.56:253][  0]LogTargetPlatformManager: Display: Building Assets For Windows
[2020.10.07-22.50.56:269][  0]LogAudioDebug: Display: Lib vorbis DLL was dynamically loaded.
[2020.10.07-22.50.56:386][  0]LogShaderCompilers: Guid format shader working directory is 1 characters bigger than the processId version (D:/COMP/COMP 313/Project/Kris-Runs/KrisRuns/Intermediate/Shaders/WorkingDirectory/68476/).
[2020.10.07-22.50.56:387][  0]LogShaderCompilers: Cleaned the shader compiler working directory 'C:/Users/dell/AppData/Local/Temp/UnrealShaderWorkingDir/0DF41D7D4EB7C4C39F56D48758E32DC4/'.
[2020.10.07-22.50.56:388][  0]LogXGEController: Cannot use XGE Controller as Incredibuild is not installed on this machine.
[2020.10.07-22.50.56:389][  0]LogShaderCompilers: Cannot use XGE Shader Compiler as Incredibuild is not installed on this machine.
[2020.10.07-22.50.56:389][  0]LogShaderCompilers: Display: Using Local Shader Compiler.
[2020.10.07-22.50.57:542][  0]LogDerivedDataCache: Display: Max Cache Size: 512 MB
[2020.10.07-22.50.57:616][  0]LogDerivedDataCache: Loaded boot cache 0.07s 76MB C:/Users/dell/AppData/Local/UnrealEngine/4.25/DerivedDataCache/Boot.ddc.
[2020.10.07-22.50.57:617][  0]LogDerivedDataCache: Display: Loaded Boot cache: C:/Users/dell/AppData/Local/UnrealEngine/4.25/DerivedDataCache/Boot.ddc
[2020.10.07-22.50.57:617][  0]LogDerivedDataCache: FDerivedDataBackendGraph:  Pak pak cache file D:/COMP/COMP 313/Project/Kris-Runs/KrisRuns/DerivedDataCache/DDC.ddp not found, will not use a pak cache.
[2020.10.07-22.50.57:617][  0]LogDerivedDataCache: Unable to find inner node Pak for hierarchical cache Hierarchy.
[2020.10.07-22.50.57:617][  0]LogDerivedDataCache: FDerivedDataBackendGraph:  CompressedPak pak cache file D:/COMP/COMP 313/Project/Kris-Runs/KrisRuns/DerivedDataCache/Compressed.ddp not found, will not use a pak cache.
[2020.10.07-22.50.57:617][  0]LogDerivedDataCache: Unable to find inner node CompressedPak for hierarchical cache Hierarchy.
[2020.10.07-22.50.57:635][  0]LogDerivedDataCache: Display: Pak cache opened for reading ../../../Engine/DerivedDataCache/Compressed.ddp.
[2020.10.07-22.50.57:635][  0]LogDerivedDataCache: FDerivedDataBackendGraph:  EnterprisePak pak cache file ../../../Enterprise/DerivedDataCache/Compressed.ddp not found, will not use a pak cache.
[2020.10.07-22.50.57:635][  0]LogDerivedDataCache: Unable to find inner node EnterprisePak for hierarchical cache Hierarchy.
[2020.10.07-22.50.57:639][  0]LogDerivedDataCache: Using Local data cache path C:/Users/dell/AppData/Local/UnrealEngine/Common/DerivedDataCache: Writable
[2020.10.07-22.50.57:639][  0]LogDerivedDataCache: Shared data cache path not found in *engine.ini, will not use an Shared cache.
[2020.10.07-22.50.57:639][  0]LogDerivedDataCache: Unable to find inner node Shared for hierarchical cache Hierarchy.
[2020.10.07-22.50.57:735][  0]LogSlate: Using FreeType 2.10.0
[2020.10.07-22.50.57:735][  0]LogSlate: SlateFontServices - WITH_FREETYPE: 1, WITH_HARFBUZZ: 1
[2020.10.07-22.50.57:785][  0]LogAssetRegistry: FAssetRegistry took 0.0038 seconds to start up
[2020.10.07-22.50.58:179][  0]LogInit: Selected Device Profile: [Windows]
[2020.10.07-22.50.58:369][  0]LogMeshReduction: Using QuadricMeshReduction for automatic static mesh reduction
[2020.10.07-22.50.58:369][  0]LogMeshReduction: Using SimplygonMeshReduction for automatic skeletal mesh reduction
[2020.10.07-22.50.58:369][  0]LogMeshReduction: Using ProxyLODMeshReduction for automatic mesh merging
[2020.10.07-22.50.58:369][  0]LogMeshReduction: No distributed automatic mesh merging module available
[2020.10.07-22.50.58:369][  0]LogMeshMerging: No distributed automatic mesh merging module available
[2020.10.07-22.50.58:398][  0]LogNetVersion: KrisRuns 1.0.0, NetCL: 13144385, EngineNetVer: 14, GameNetVer: 0 (Checksum: 1266363376)
[2020.10.07-22.50.59:220][  0]LogAISub: UAISubsystem::UAISubsystem AISubsystem (000001E2062402C0), frame # 0
[2020.10.07-22.50.59:220][  0]LogAISub: UAISubsystem::UAISubsystem AIPerceptionSystem (000001E2061B82C0), frame # 0
[2020.10.07-22.50.59:223][  0]LogAISub: UAISubsystem::UAISubsystem EnvQueryManager (000001E2061E1E00), frame # 0
[2020.10.07-22.50.59:325][  0]LogPackageLocalizationCache: Processed 19 localized package path(s) for 1 prioritized culture(s) in 0.091153 seconds
[2020.10.07-22.50.59:331][  0]LogUObjectArray: 15917 objects as part of root set at end of initial load.
[2020.10.07-22.50.59:331][  0]LogUObjectAllocator: 3965568 out of 0 bytes used by permanent object pool.
[2020.10.07-22.50.59:331][  0]LogUObjectArray: CloseDisregardForGC: 0/0 objects in disregard for GC pool
[2020.10.07-22.50.59:948][  0]LogTcpMessaging: Initializing TcpMessaging bridge
[2020.10.07-22.50.59:956][  0]LogUdpMessaging: Initializing bridge on interface 0.0.0.0:0 to multicast group 230.0.0.1:6666.
[2020.10.07-22.51.00:065][  0]LogLinker: Warning: Failed to load '/Game/2DSideScrollerBP/2DSideScrollerOverview': Can't find file.
[2020.10.07-22.51.00:066][  0]LogLinker: Warning: Failed to load '/Game/2DSideScrollerBP/2DSideScrollerOverview': Can't find file.
[2020.10.07-22.51.00:066][  0]LogUObjectGlobals: Warning: Failed to find object 'Class /Game/2DSideScrollerBP/2DSideScrollerOverview.2DSideScrollerOverview_C'
[2020.10.07-22.51.00:142][  0]SourceControl: Source control is disabled
[2020.10.07-22.51.03:151][  0]LogAndroidPermission: UAndroidPermissionCallbackProxy::GetInstance
[2020.10.07-22.51.03:574][  0]LogAudioCaptureCore: Display: No Audio Capture implementations found. Audio input will be silent.
[2020.10.07-22.51.03:574][  0]LogAudioCaptureCore: Display: No Audio Capture implementations found. Audio input will be silent.
[2020.10.07-22.51.03:661][  0]LogOcInput: OculusInput pre-init called
[2020.10.07-22.51.03:683][  0]LogWindows: Failed to load 'OVRPlugin.dll' (GetLastError=126)
[2020.10.07-22.51.03:683][  0]LogWindows: File 'OVRPlugin.dll' does not exist
[2020.10.07-22.51.03:773][  0]LogEngine: Initializing Engine...
[2020.10.07-22.51.04:374][  0]LogHMD: Failed to initialize OpenVR with code 110
[2020.10.07-22.51.04:374][  0]LogMagicLeap: Warning: VR disabled because ZI is not enabled.  To enable, in the editor, Edit -> Project Settings -> Plugins -> Magic Leap Plugin -> Enable Zero Iteration
[2020.10.07-22.51.04:375][  0]LogStats: UGameplayTagsManager::InitializeManager -  0.000 s
[2020.10.07-22.51.04:554][  0]LogInit: Initializing FReadOnlyCVARCache
[2020.10.07-22.51.04:568][  0]LogAIModule: Creating AISystem for world Untitled
[2020.10.07-22.51.04:568][  0]LogAISub: UAISubsystem::UAISubsystem EnvQueryManager (000001E207B2BC00), frame # 0
[2020.10.07-22.51.04:568][  0]LogAISub: UAISubsystem::UAISubsystem AIPerceptionSystem (000001E207BD56C0), frame # 0
[2020.10.07-22.51.04:600][  0]LogAudioMixer: Display: Audio Mixer Platform Settings:
[2020.10.07-22.51.04:600][  0]LogAudioMixer: Display: 	Sample Rate:						  48000
[2020.10.07-22.51.04:600][  0]LogAudioMixer: Display: 	Callback Buffer Frame Size Requested: 1024
[2020.10.07-22.51.04:600][  0]LogAudioMixer: Display: 	Callback Buffer Frame Size To Use:	  1024
[2020.10.07-22.51.04:601][  0]LogAudioMixer: Display: 	Number of buffers to queue:			  2
[2020.10.07-22.51.04:601][  0]LogAudioMixer: Display: 	Max Channels (voices):				  32
[2020.10.07-22.51.04:601][  0]LogAudioMixer: Display: 	Number of Async Source Workers:		  0
[2020.10.07-22.51.04:601][  0]LogAudio: Display: AudioDevice MaxSources: 32
[2020.10.07-22.51.04:601][  0]LogAudio: Display: Using built-in audio occlusion.
[2020.10.07-22.51.04:601][  0]LogAudioMixer: Display: Initializing audio mixer.
[2020.10.07-22.51.04:636][  0]LogAudioMixer: Display: 0: FrontLeft
[2020.10.07-22.51.04:636][  0]LogAudioMixer: Display: 1: FrontRight
[2020.10.07-22.51.05:528][  0]LogAudioMixer: Display: Using Audio Device Speakers/Headphones (Realtek(R) Audio)
[2020.10.07-22.51.05:533][  0]LogAudioMixer: Display: Initializing Sound Submixes...
[2020.10.07-22.51.05:536][  0]LogAudioMixer: Display: Creating Master Submix 'MasterSubmixDefault'
[2020.10.07-22.51.05:536][  0]LogAudioMixer: Display: Creating Master Submix 'MasterReverbSubmixDefault'
[2020.10.07-22.51.05:538][  0]LogAudioMixer: Display: Creating Master Submix 'MasterEQSubmixDefault'
[2020.10.07-22.51.05:540][  0]LogInit: FAudioDevice initialized.
[2020.10.07-22.51.05:540][  0]LogNetVersion: Set ProjectVersion to 1.0.0.0. Version Checksum will be recalculated on next use.
[2020.10.07-22.51.05:626][  0]LogDerivedDataCache: Saved boot cache 0.08s 76MB C:/Users/dell/AppData/Local/UnrealEngine/4.25/DerivedDataCache/Boot.ddc.
[2020.10.07-22.51.05:626][  0]LogInit: Texture streaming: Enabled
[2020.10.07-22.51.05:656][  0]LogEngineSessionManager: EngineSessionManager initialized
[2020.10.07-22.51.05:656][  0]LogEditorSessionSummary: Verbose: Initializing EditorSessionSummaryWriter for editor session tracking
[2020.10.07-22.51.05:662][  0]LogEditorSessionSummary: EditorSessionSummaryWriter initialized
[2020.10.07-22.51.05:742][  0]LogInit: Transaction tracking system initialized
[2020.10.07-22.51.05:782][  0]BlueprintLog: New page: Editor Load
[2020.10.07-22.51.05:905][  0]LocalizationService: Localization service is disabled
[2020.10.07-22.51.06:249][  0]LogCook: Display: Max memory allowance for cook 16384mb min free memory 0mb
[2020.10.07-22.51.06:249][  0]LogCook: Display: Mobile HDR setting 1
[2020.10.07-22.51.06:535][  0]LogFileCache: Scanning file cache for directory 'D:/COMP/COMP 313/Project/Kris-Runs/KrisRuns/Content/' took 0.01s
[2020.10.07-22.51.06:943][  0]LogUnrealEdMisc: Loading editor; pre map load, took 16.302
[2020.10.07-22.51.06:943][  0]Cmd: MAP LOAD FILE="D:/COMP/COMP 313/Project/Kris-Runs/KrisRuns/Content/ThirdPersonBP/Maps/ThirdPersonExampleMap.umap" TEMPLATE=0 SHOWPROGRESS=1 FEATURELEVEL=3
[2020.10.07-22.51.06:955][  0]LightingResults: New page: Lighting Build
[2020.10.07-22.51.06:957][  0]LogWorld: UWorld::CleanupWorld for Untitled, bSessionEnded=true, bCleanupResources=true
[2020.10.07-22.51.06:957][  0]LogSlate: InvalidateAllWidgets triggered.  All widgets were invalidated
[2020.10.07-22.51.06:958][  0]MapCheck: New page: Map Check
[2020.10.07-22.51.06:958][  0]LightingResults: New page: Lighting Build
[2020.10.07-22.51.06:975][  0]LogAISub: UAISubsystem::~UAISubsystem EnvQueryManager (000001E207B2BC00), frame # 0
[2020.10.07-22.51.06:975][  0]LogAISub: UAISubsystem::~UAISubsystem AIPerceptionSystem (000001E207BD56C0), frame # 0
[2020.10.07-22.51.06:976][  0]LogUObjectHash: Compacting FUObjectHashTables data took   1.19ms
[2020.10.07-22.51.07:505][  0]LogBlueprint: Warning: [Compiler KrisModel_AnimBP] Idle/Run to Dodge  will never be taken, please connect something to  Can Enter Transition
[2020.10.07-22.51.07:506][  0]LogBlueprint: Warning: [Compiler KrisModel_AnimBP] Idle/Run to Attack  will never be taken, please connect something to  Can Enter Transition
[2020.10.07-22.51.07:507][  0]LogBlueprint: Warning: [Compiler KrisModel_AnimBP] Attack to Idle/Run  will never be taken, please connect something to  Can Enter Transition
[2020.10.07-22.51.07:507][  0]LogBlueprint: Warning: [Compiler KrisModel_AnimBP] Dodge to Idle/Run  will never be taken, please connect something to  Can Enter Transition
[2020.10.07-22.51.08:205][  0]LogLinker: Warning: While loading 'D:/COMP/COMP 313/Project/Kris-Runs/KrisRuns/Content/ThirdPersonBP/Maps/example.umap' failed to load '/Game/ThirdPersonBP/Maps/example_BuiltData': Can't find file.
[2020.10.07-22.51.08:205][  0]LogLinker: Warning: While loading 'D:/COMP/COMP 313/Project/Kris-Runs/KrisRuns/Content/ThirdPersonBP/Maps/example.umap' failed to load '/Game/ThirdPersonBP/Maps/example_BuiltData': Can't find file.
[2020.10.07-22.51.08:251][  0]LogLinker: Warning: While loading 'D:/COMP/COMP 313/Project/Kris-Runs/KrisRuns/Content/ThirdPersonBP/Maps/example.umap' failed to load '/Game/ThirdPersonBP/Maps/example_BuiltData': Can't find file.
[2020.10.07-22.51.08:251][  0]LogLinker: Warning: While loading 'D:/COMP/COMP 313/Project/Kris-Runs/KrisRuns/Content/ThirdPersonBP/Maps/example.umap' failed to load '/Game/ThirdPersonBP/Maps/example_BuiltData': Can't find file.
[2020.10.07-22.51.08:255][  0]LogLinker: Warning: While loading 'D:/COMP/COMP 313/Project/Kris-Runs/KrisRuns/Content/ThirdPersonBP/Maps/ThirdPersonExampleMap.umap' failed to load '/Game/ThirdPersonBP/Maps/example_BuiltData': Can't find file.
[2020.10.07-22.51.08:255][  0]LogLinker: Warning: While loading 'D:/COMP/COMP 313/Project/Kris-Runs/KrisRuns/Content/ThirdPersonBP/Maps/ThirdPersonExampleMap.umap' failed to load '/Game/ThirdPersonBP/Maps/example_BuiltData': Can't find file.
[2020.10.07-22.51.08:255][  0]LogLinker: Warning: While loading 'D:/COMP/COMP 313/Project/Kris-Runs/KrisRuns/Content/ThirdPersonBP/Maps/ThirdPersonExampleMap.umap' failed to load '/Game/ThirdPersonBP/Maps/example_BuiltData': Can't find file.
[2020.10.07-22.51.08:256][  0]LogLinker: Warning: While loading 'D:/COMP/COMP 313/Project/Kris-Runs/KrisRuns/Content/ThirdPersonBP/Maps/ThirdPersonExampleMap.umap' failed to load '/Game/ThirdPersonBP/Maps/example_BuiltData': Can't find file.
[2020.10.07-22.51.08:438][  0]LogLinker: Warning: While loading 'D:/COMP/COMP 313/Project/Kris-Runs/KrisRuns/Content/ThirdPersonBP/Maps/example.umap' failed to load '/Game/ThirdPersonBP/Maps/example_BuiltData': Can't find file.
[2020.10.07-22.51.08:439][  0]LoadErrors: Failed to load /Game/ThirdPersonBP/Maps/example_BuiltData.example_BuiltData Referenced by PersistentLevel
[2020.10.07-22.51.08:439][  0]LogLinker: Warning: While loading 'D:/COMP/COMP 313/Project/Kris-Runs/KrisRuns/Content/ThirdPersonBP/Maps/example.umap' failed to load '/Game/ThirdPersonBP/Maps/example_BuiltData': Can't find file.
[2020.10.07-22.51.08:439][  0]LoadErrors: Failed to load /Game/ThirdPersonBP/Maps/example_BuiltData.example_BuiltData Referenced by PersistentLevel
[2020.10.07-22.51.09:114][  0]LogEditorServer: Finished looking for orphan Actors (0.000 secs)
[2020.10.07-22.51.09:114][  0]LogAIModule: Creating AISystem for world example
[2020.10.07-22.51.09:115][  0]LogAISub: UAISubsystem::UAISubsystem EnvQueryManager (000001E21BA8FE00), frame # 0
[2020.10.07-22.51.09:115][  0]LogAISub: UAISubsystem::UAISubsystem AIPerceptionSystem (000001E21BB20180), frame # 0
[2020.10.07-22.51.09:187][  0]LogUObjectHash: Compacting FUObjectHashTables data took   1.24ms
[2020.10.07-22.51.09:188][  0]Cmd: MAP CHECKDEP NOCLEARLOG
[2020.10.07-22.51.09:189][  0]MapCheck: Map check complete: 0 Error(s), 0 Warning(s), took 0.234ms to complete.
[2020.10.07-22.51.09:189][  0]LogFileHelpers: Loading map 'ThirdPersonExampleMap' took 2.245
[2020.10.07-22.51.09:192][  0]LogUnrealEdMisc: Total Editor Startup Time, took 18.550
[2020.10.07-22.51.09:765][  0]LogSlate: Updating window title bar state: overlay mode, drag disabled, window buttons hidden, title bar hidden
[2020.10.07-22.51.09:782][  0]LogSlate: Updating window title bar state: overlay mode, drag disabled, window buttons hidden, title bar hidden
[2020.10.07-22.51.09:797][  0]LogSlate: Updating window title bar state: overlay mode, drag disabled, window buttons hidden, title bar hidden
[2020.10.07-22.51.09:813][  0]LogSlate: Updating window title bar state: overlay mode, drag disabled, window buttons hidden, title bar hidden
[2020.10.07-22.51.09:880][  0]LogCollectionManager: Loaded 0 collections in 0.001580 seconds
[2020.10.07-22.51.10:036][  0]LogFileCache: Scanning file cache for directory 'D:/COMP/COMP 313/Project/Kris-Runs/KrisRuns/Saved/Collections/' took 0.00s
[2020.10.07-22.51.10:036][  0]LogFileCache: Scanning file cache for directory 'D:/COMP/COMP 313/Project/Kris-Runs/KrisRuns/Content/Developers/dell/Collections/' took 0.00s
[2020.10.07-22.51.10:036][  0]LogFileCache: Scanning file cache for directory 'D:/COMP/COMP 313/Project/Kris-Runs/KrisRuns/Content/Collections/' took 0.00s
[2020.10.07-22.51.10:036][  0]LogContentBrowser: Native class hierarchy populated in 0.0167 seconds. Added 3427 classes and 821 folders.
[2020.10.07-22.51.10:135][  0]LogContentBrowser: Native class hierarchy updated for 'WidgetCarousel' in 0.0004 seconds. Added 0 classes and 0 folders.
[2020.10.07-22.51.11:569][  0]LogContentBrowser: Native class hierarchy updated for 'AddContentDialog' in 0.0005 seconds. Added 0 classes and 0 folders.
[2020.10.07-22.51.11:594][  0]LogContentBrowser: Native class hierarchy updated for 'SceneOutliner' in 0.0004 seconds. Added 2 classes and 0 folders.
[2020.10.07-22.51.12:213][  0]LogSlate: Took 0.000265 seconds to synchronously load lazily loaded font '../../../Engine/Content/Slate/Fonts/Roboto-Regular.ttf' (155K)
[2020.10.07-22.51.12:218][  0]LogSlate: Took 0.000303 seconds to synchronously load lazily loaded font '../../../Engine/Content/Slate/Fonts/Roboto-Bold.ttf' (160K)
[2020.10.07-22.51.12:252][  0]LogSlate: Took 0.019607 seconds to synchronously load lazily loaded font '../../../Engine/Content/Editor/Slate/Fonts/FontAwesome.ttf' (139K)
[2020.10.07-22.51.12:586][  0]LogRenderer: Reallocating scene render targets to support 924x404 Format 10 NumSamples 1 (Frame:1).
[2020.10.07-22.51.12:896][  0]LogContentBrowser: Native class hierarchy updated for 'HierarchicalLODOutliner' in 0.0006 seconds. Added 0 classes and 0 folders.
[2020.10.07-22.51.12:896][  0]LogLoad: (Engine Initialization) Total time: 22.25 seconds
[2020.10.07-22.51.12:896][  0]LogLoad: (Engine Initialization) Total Blueprint compile time: 0.00 seconds
[2020.10.07-22.51.12:918][  0]LoadErrors: Warning: CreateExport: Failed to load Outer for resource 'RotatingMovement': BP_Coin_C /Game/ThirdPersonBP/Maps/example.example:PersistentLevel.BP_Coin2_5
[2020.10.07-22.51.12:918][  0]LoadErrors: Warning: CreateExport: Failed to load Outer for resource 'RotatingMovement': BP_Coin_C /Game/ThirdPersonBP/Maps/example.example:PersistentLevel.BP_Coin3_8
[2020.10.07-22.51.12:918][  0]LoadErrors: Warning: CreateExport: Failed to load Outer for resource 'RotatingMovement': BP_Coin_C /Game/ThirdPersonBP/Maps/example.example:PersistentLevel.BP_Coin_2
[2020.10.07-22.51.12:918][  0]LoadErrors: Warning: CreateExport: Failed to load Outer for resource 'Scene': BP_Coin_C /Game/ThirdPersonBP/Maps/example.example:PersistentLevel.BP_Coin2_5
[2020.10.07-22.51.12:918][  0]LoadErrors: Warning: CreateExport: Failed to load Outer for resource 'Scene': BP_Coin_C /Game/ThirdPersonBP/Maps/example.example:PersistentLevel.BP_Coin3_8
[2020.10.07-22.51.12:918][  0]LoadErrors: Warning: CreateExport: Failed to load Outer for resource 'Scene': BP_Coin_C /Game/ThirdPersonBP/Maps/example.example:PersistentLevel.BP_Coin_2
[2020.10.07-22.51.12:918][  0]LoadErrors: Warning: CreateExport: Failed to load Outer for resource 'Coin': BP_Coin_C /Game/ThirdPersonBP/Maps/example.example:PersistentLevel.BP_Coin2_5
[2020.10.07-22.51.12:918][  0]LoadErrors: Warning: CreateExport: Failed to load Outer for resource 'Coin': BP_Coin_C /Game/ThirdPersonBP/Maps/example.example:PersistentLevel.BP_Coin3_8
[2020.10.07-22.51.12:918][  0]LoadErrors: Warning: CreateExport: Failed to load Outer for resource 'Coin': BP_Coin_C /Game/ThirdPersonBP/Maps/example.example:PersistentLevel.BP_Coin_2
[2020.10.07-22.51.12:986][  0]LogContentStreaming: Texture pool size now 1000 MB
[2020.10.07-22.51.13:386][  0]LogSlate: Took 0.014301 seconds to synchronously load lazily loaded font '../../../Engine/Content/Slate/Fonts/Roboto-Light.ttf' (167K)
[2020.10.07-22.51.13:553][  0]LogSlate: Took 0.051411 seconds to synchronously load lazily loaded font '../../../Engine/Content/Slate/Fonts/DroidSansMono.ttf' (77K)
[2020.10.07-22.51.13:616][  1]LogAssetRegistry: Asset discovery search completed in 15.8326 seconds
[2020.10.07-22.51.13:625][  1]LogCollectionManager: Fixed up redirectors for 0 collections in 0.000005 seconds (updated 0 objects)
[2020.10.07-22.51.15:269][ 24]LogSlate: Window 'Message Log' being destroyed
[2020.10.07-22.51.15:410][ 24]LogSlate: Window 'Message Log' being destroyed
[2020.10.07-22.51.21:673][124]LogSlate: Took 0.000193 seconds to synchronously load lazily loaded font '../../../Engine/Content/Slate/Fonts/Roboto-Light.ttf' (167K)
[2020.10.07-22.51.22:716][124]LogLinker: Warning: While loading 'D:/COMP/COMP 313/Project/Kris-Runs/KrisRuns/Content/Static-objects/Donut/donut-03_Donut.uasset' failed to load '/Game/Static_objects/Donut/Material_003': Can't find file.
[2020.10.07-22.51.22:717][124]LogLinker: Warning: While loading 'D:/COMP/COMP 313/Project/Kris-Runs/KrisRuns/Content/Static-objects/Donut/donut-03_Donut.uasset' failed to load '/Game/Static_objects/Donut/Material_003': Can't find file.
[2020.10.07-22.51.22:717][124]LogLinker: Warning: While loading 'D:/COMP/COMP 313/Project/Kris-Runs/KrisRuns/Content/Static-objects/Donut/donut-03_Donut.uasset' failed to load '/Game/Static_objects/Donut/Material_003': Can't find file.
[2020.10.07-22.51.22:718][124]LogLinker: Warning: While loading 'D:/COMP/COMP 313/Project/Kris-Runs/KrisRuns/Content/Static-objects/Donut/donut-03_Donut.uasset' failed to load '/Game/Static_objects/Donut/Material_003': Can't find file.
[2020.10.07-22.51.22:720][124]LogLinker: Warning: While loading 'D:/COMP/COMP 313/Project/Kris-Runs/KrisRuns/Content/Static-objects/Donut/donut-03_Icing.uasset' failed to load '/Game/Static_objects/Donut/Material_002': Can't find file.
[2020.10.07-22.51.22:720][124]LogLinker: Warning: While loading 'D:/COMP/COMP 313/Project/Kris-Runs/KrisRuns/Content/Static-objects/Donut/donut-03_Icing.uasset' failed to load '/Game/Static_objects/Donut/Material_002': Can't find file.
[2020.10.07-22.51.22:721][124]LogLinker: Warning: While loading 'D:/COMP/COMP 313/Project/Kris-Runs/KrisRuns/Content/Static-objects/Donut/donut-03_Icing.uasset' failed to load '/Game/Static_objects/Donut/Material_002': Can't find file.
[2020.10.07-22.51.22:721][124]LogLinker: Warning: While loading 'D:/COMP/COMP 313/Project/Kris-Runs/KrisRuns/Content/Static-objects/Donut/donut-03_Icing.uasset' failed to load '/Game/Static_objects/Donut/Material_002': Can't find file.
[2020.10.07-22.51.22:950][124]LogLinker: Warning: While loading 'D:/COMP/COMP 313/Project/Kris-Runs/KrisRuns/Content/Static-objects/Coin/coin-model.uasset' failed to load '/Game/Static_objects/Coin/Material': Can't find file.
[2020.10.07-22.51.22:950][124]LogLinker: Warning: While loading 'D:/COMP/COMP 313/Project/Kris-Runs/KrisRuns/Content/Static-objects/Coin/coin-model.uasset' failed to load '/Game/Static_objects/Coin/Material': Can't find file.
[2020.10.07-22.51.22:951][124]LogLinker: Warning: While loading 'D:/COMP/COMP 313/Project/Kris-Runs/KrisRuns/Content/Static-objects/Coin/coin-model.uasset' failed to load '/Game/Static_objects/Coin/Material': Can't find file.
[2020.10.07-22.51.22:951][124]LogLinker: Warning: While loading 'D:/COMP/COMP 313/Project/Kris-Runs/KrisRuns/Content/Static-objects/Coin/coin-model.uasset' failed to load '/Game/Static_objects/Coin/Material': Can't find file.
[2020.10.07-22.51.23:238][124]LogLinker: Warning: While loading 'D:/COMP/COMP 313/Project/Kris-Runs/KrisRuns/Content/Static-objects/Donut/donut-03_Icing.uasset' failed to load '/Game/Static_objects/Donut/Material_002': Can't find file.
[2020.10.07-22.51.23:238][124]LoadErrors: Failed to load /Game/Static_objects/Donut/Material_002.Material_002 Referenced by donut-03_Icing
[2020.10.07-22.51.23:239][124]LogLinker: Warning: While loading 'D:/COMP/COMP 313/Project/Kris-Runs/KrisRuns/Content/Static-objects/Donut/donut-03_Icing.uasset' failed to load '/Game/Static_objects/Donut/Material_002': Can't find file.
[2020.10.07-22.51.23:239][124]LogLinker: Warning: While loading 'D:/COMP/COMP 313/Project/Kris-Runs/KrisRuns/Content/Static-objects/Donut/donut-03_Icing.uasset' failed to load '/Game/Static_objects/Donut/Material_002': Can't find file.
[2020.10.07-22.51.23:239][124]LogLinker: Warning: While loading 'D:/COMP/COMP 313/Project/Kris-Runs/KrisRuns/Content/Static-objects/Donut/donut-03_Icing.uasset' failed to load '/Game/Static_objects/Donut/Material_002': Can't find file.
[2020.10.07-22.51.23:399][124]LogLinker: Warning: While loading 'D:/COMP/COMP 313/Project/Kris-Runs/KrisRuns/Content/Static-objects/Coin/coin-model.uasset' failed to load '/Game/Static_objects/Coin/Material': Can't find file.
[2020.10.07-22.51.23:399][124]LoadErrors: Failed to load /Game/Static_objects/Coin/Material.Material Referenced by coin-model
[2020.10.07-22.51.23:399][124]LogLinker: Warning: While loading 'D:/COMP/COMP 313/Project/Kris-Runs/KrisRuns/Content/Static-objects/Coin/coin-model.uasset' failed to load '/Game/Static_objects/Coin/Material': Can't find file.
[2020.10.07-22.51.23:400][124]LogLinker: Warning: While loading 'D:/COMP/COMP 313/Project/Kris-Runs/KrisRuns/Content/Static-objects/Coin/coin-model.uasset' failed to load '/Game/Static_objects/Coin/Material': Can't find file.
[2020.10.07-22.51.23:400][124]LogLinker: Warning: While loading 'D:/COMP/COMP 313/Project/Kris-Runs/KrisRuns/Content/Static-objects/Coin/coin-model.uasset' failed to load '/Game/Static_objects/Coin/Material': Can't find file.
[2020.10.07-22.51.23:403][124]LogLinker: Warning: While loading 'D:/COMP/COMP 313/Project/Kris-Runs/KrisRuns/Content/Static-objects/Donut/donut-03_Donut.uasset' failed to load '/Game/Static_objects/Donut/Material_003': Can't find file.
[2020.10.07-22.51.23:404][124]LoadErrors: Failed to load /Game/Static_objects/Donut/Material_003.Material_003 Referenced by donut-03_Donut
[2020.10.07-22.51.23:404][124]LogLinker: Warning: While loading 'D:/COMP/COMP 313/Project/Kris-Runs/KrisRuns/Content/Static-objects/Donut/donut-03_Donut.uasset' failed to load '/Game/Static_objects/Donut/Material_003': Can't find file.
[2020.10.07-22.51.23:405][124]LogLinker: Warning: While loading 'D:/COMP/COMP 313/Project/Kris-Runs/KrisRuns/Content/Static-objects/Donut/donut-03_Donut.uasset' failed to load '/Game/Static_objects/Donut/Material_003': Can't find file.
[2020.10.07-22.51.23:405][124]LogLinker: Warning: While loading 'D:/COMP/COMP 313/Project/Kris-Runs/KrisRuns/Content/Static-objects/Donut/donut-03_Donut.uasset' failed to load '/Game/Static_objects/Donut/Material_003': Can't find file.
[2020.10.07-22.51.24:368][124]LogAssetEditorSubsystem: Opening Asset editor for World /Game/NewMaps/KrisTutorialMap.KrisTutorialMap
[2020.10.07-22.51.24:390][124]LogUObjectHash: Compacting FUObjectHashTables data took   1.21ms
[2020.10.07-22.51.24:394][124]Cmd: MAP LOAD FILE="D:/COMP/COMP 313/Project/Kris-Runs/KrisRuns/Content/NewMaps/KrisTutorialMap.umap" TEMPLATE=0 SHOWPROGRESS=1 FEATURELEVEL=3
[2020.10.07-22.51.24:394][124]LightingResults: New page: Lighting Build
[2020.10.07-22.51.24:394][124]LoadErrors: New page: Loading map: KrisTutorialMap.umap
[2020.10.07-22.51.24:405][124]LogWorld: UWorld::CleanupWorld for example, bSessionEnded=true, bCleanupResources=true
[2020.10.07-22.51.24:406][124]LogSlate: InvalidateAllWidgets triggered.  All widgets were invalidated
[2020.10.07-22.51.24:406][124]MapCheck: New page: Map Check
[2020.10.07-22.51.24:406][124]LightingResults: New page: Lighting Build
[2020.10.07-22.51.24:423][124]LogAISub: UAISubsystem::~UAISubsystem EnvQueryManager (000001E21BA8FE00), frame # 124
[2020.10.07-22.51.24:424][124]LogAISub: UAISubsystem::~UAISubsystem AIPerceptionSystem (000001E21BB20180), frame # 124
[2020.10.07-22.51.24:425][124]LogUObjectHash: Compacting FUObjectHashTables data took   1.12ms
[2020.10.07-22.51.24:441][124]LogPhysics: Warning: Scale for /Game/NewMaps/KrisTutorialMap.KrisTutorialMap:PersistentLevel.plane_8.rr has a component set to zero, which will result in a bad body instance. Scale:X=433.000 Y=275.000 Z=0.000
[2020.10.07-22.51.24:468][124]LogPhysics: Warning: Scale for /Game/NewMaps/KrisTutorialMap.KrisTutorialMap:PersistentLevel.plane_8.rr has a component set to zero, which will result in a bad body instance. Scale:X=433.000 Y=275.000 Z=0.000
[2020.10.07-22.51.24:468][124]LogPhysics: Warning: Scale for /Game/NewMaps/KrisTutorialMap.KrisTutorialMap:PersistentLevel.plane_8.rr has a component set to zero, which will result in a bad body instance. Scale:X=433.000 Y=275.000 Z=0.000
[2020.10.07-22.51.24:468][124]LogPhysics: Warning: Scale for /Game/NewMaps/KrisTutorialMap.KrisTutorialMap:PersistentLevel.plane_8.rr has a component set to zero, which will result in a bad body instance. Scale:X=433.000 Y=275.000 Z=0.000
[2020.10.07-22.51.24:756][124]LogEditorServer: Finished looking for orphan Actors (0.000 secs)
[2020.10.07-22.51.24:756][124]LogAIModule: Creating AISystem for world KrisTutorialMap
[2020.10.07-22.51.24:756][124]LogAISub: UAISubsystem::UAISubsystem EnvQueryManager (000001E2899CE000), frame # 124
[2020.10.07-22.51.24:756][124]LogAISub: UAISubsystem::UAISubsystem AIPerceptionSystem (000001E226CE7880), frame # 124
[2020.10.07-22.51.24:786][124]LogUObjectHash: Compacting FUObjectHashTables data took   0.91ms
[2020.10.07-22.51.24:824][124]Cmd: MAP CHECKDEP NOCLEARLOG
[2020.10.07-22.51.24:824][124]MapCheck: Map check complete: 0 Error(s), 0 Warning(s), took 0.202ms to complete.
[2020.10.07-22.51.24:824][124]LogFileHelpers: Loading map 'KrisTutorialMap' took 0.430
[2020.10.07-22.51.30:933][233]LogBlueprint: Warning: [Compiler OfferedItem] Cast To ThirdPersonCharacter  was pruned because its Exec pin is not connected, the connected value is not available and will instead be read as default
[2020.10.07-22.51.30:934][233]LogBlueprint: Error: [Compiler OfferedItem] This blueprint (self) is not a ThirdPersonCharacter_C, therefore ' Target ' must have a connection.
[2020.10.07-22.51.30:935][233]LogBlueprint: Error: [Compiler OfferedItem] Variable node  Get coinNum  uses an invalid target.  It may depend on a node that is not connected to the execution chain, and got purged.
[2020.10.07-22.51.31:082][233]LogAssetEditorSubsystem: Opening Asset editor for WidgetBlueprint /Game/ThirdPersonBP/Shop_System/OfferedItem.OfferedItem
[2020.10.07-22.51.32:862][233]LogContentBrowser: Native class hierarchy updated for 'BlueprintGraph' in 0.0013 seconds. Added 125 classes and 0 folders.
[2020.10.07-22.51.40:606][233]LogSlate: Took 0.000230 seconds to synchronously load lazily loaded font '../../../Engine/Content/Slate/Fonts/Roboto-BoldCondensed.ttf' (158K)
[2020.10.07-22.51.47:228][280]LogSlate: Took 0.558409 seconds to synchronously load lazily loaded font '../../../Engine/Content/Slate/Fonts/Roboto-Italic.ttf' (157K)
[2020.10.07-22.52.40:839][424]BlueprintLog: New page: Compile OfferedItem
[2020.10.07-22.52.41:093][424]LogUObjectHash: Compacting FUObjectHashTables data took   6.26ms
[2020.10.07-22.53.17:806][303]Cmd: OBJ SAVEPACKAGE PACKAGE="/Game/ThirdPersonBP/Shop_System/OfferedItem" FILE="D:/COMP/COMP 313/Project/Kris-Runs/KrisRuns/Content/ThirdPersonBP/Shop_System/OfferedItem.uasset" SILENT=true
[2020.10.07-22.53.18:394][303]LogSavePackage: Moving 'D:/COMP/COMP 313/Project/Kris-Runs/KrisRuns/Saved/OfferedItemDE2B624249DF3FE491CB05A38021FFF7.tmp' to 'D:/COMP/COMP 313/Project/Kris-Runs/KrisRuns/Content/ThirdPersonBP/Shop_System/OfferedItem.uasset'
[2020.10.07-22.53.18:434][303]AssetCheck: New page: Asset Save: OfferedItem
[2020.10.07-22.53.18:434][303]LogContentValidation: Display: Validating WidgetBlueprint /Game/ThirdPersonBP/Shop_System/OfferedItem.OfferedItem
[2020.10.07-22.53.30:682][507]LogAssetEditorSubsystem: Opening Asset editor for WidgetBlueprint /Game/ThirdPersonBP/Shop_System/ShopWidg.ShopWidg
[2020.10.07-22.54.38:931][828]BlueprintLog: New page: Compile OfferedItem
[2020.10.07-22.54.39:103][828]LogUObjectHash: Compacting FUObjectHashTables data took   6.70ms
[2020.10.07-22.55.07:247][319]Cmd: OBJ SAVEPACKAGE PACKAGE="/Game/ThirdPersonBP/Shop_System/OfferedItem" FILE="D:/COMP/COMP 313/Project/Kris-Runs/KrisRuns/Content/ThirdPersonBP/Shop_System/OfferedItem.uasset" SILENT=true
[2020.10.07-22.55.07:337][319]LogSavePackage: Moving 'D:/COMP/COMP 313/Project/Kris-Runs/KrisRuns/Saved/OfferedItem12EC6E9A4C55E218FC218A995BBB4D29.tmp' to 'D:/COMP/COMP 313/Project/Kris-Runs/KrisRuns/Content/ThirdPersonBP/Shop_System/OfferedItem.uasset'
[2020.10.07-22.55.07:364][319]AssetCheck: New page: Asset Save: OfferedItem
[2020.10.07-22.55.07:364][319]LogContentValidation: Display: Validating WidgetBlueprint /Game/ThirdPersonBP/Shop_System/OfferedItem.OfferedItem
[2020.10.07-22.55.07:958][334]BlueprintLog: New page: Compile OfferedItem
[2020.10.07-22.55.08:036][334]LogUObjectHash: Compacting FUObjectHashTables data took   8.92ms
[2020.10.07-22.55.10:349][368]Cmd: OBJ SAVEPACKAGE PACKAGE="/Game/ThirdPersonBP/Shop_System/OfferedItem" FILE="D:/COMP/COMP 313/Project/Kris-Runs/KrisRuns/Content/ThirdPersonBP/Shop_System/OfferedItem.uasset" SILENT=true
[2020.10.07-22.55.10:442][368]LogSavePackage: Moving 'D:/COMP/COMP 313/Project/Kris-Runs/KrisRuns/Saved/OfferedItemFD10C2F3449EBABB1A0A9AB5EA0DF9CB.tmp' to 'D:/COMP/COMP 313/Project/Kris-Runs/KrisRuns/Content/ThirdPersonBP/Shop_System/OfferedItem.uasset'
[2020.10.07-22.55.10:479][368]AssetCheck: New page: Asset Save: OfferedItem
[2020.10.07-22.55.10:479][368]LogContentValidation: Display: Validating WidgetBlueprint /Game/ThirdPersonBP/Shop_System/OfferedItem.OfferedItem
[2020.10.07-22.56.26:842][866]LogAssetEditorSubsystem: Opening Asset editor for Blueprint /Game/ThirdPersonBP/Blueprints/ThirdPersonCharacter.ThirdPersonCharacter
[2020.10.07-22.58.35:130][517]BlueprintLog: New page: Compile ThirdPersonCharacter
[2020.10.07-22.58.35:800][517]LogUObjectHash: Compacting FUObjectHashTables data took   5.88ms
[2020.10.07-22.59.27:214][693]BlueprintLog: New page: Compile ThirdPersonCharacter
[2020.10.07-22.59.27:303][693]LogBlueprint: Error: [Compiler ThirdPersonCharacter] This blueprint (self) is not a UserWidget, therefore ' Target ' must have a connection.
[2020.10.07-22.59.27:424][693]LogUObjectHash: Compacting FUObjectHashTables data took   4.59ms
[2020.10.07-22.59.42:530][989]BlueprintLog: New page: Compile ThirdPersonCharacter
[2020.10.07-22.59.42:738][989]LogUObjectHash: Compacting FUObjectHashTables data took   6.30ms
[2020.10.07-22.59.46:660][ 84]LogTemp: Repeating last play command: Selected Viewport
[2020.10.07-22.59.46:842][ 84]LogPlayLevel: PlayLevel: No blueprints needed recompiling
[2020.10.07-22.59.46:870][ 84]PIE: New page: PIE session: KrisTutorialMap (Oct 9, 2020, 12:59:46 AM)
[2020.10.07-22.59.47:101][ 84]LogOnline: OSS: Creating online subsystem instance for: NULL
[2020.10.07-22.59.47:106][ 84]LogOnline: OSS: TryLoadSubsystemAndSetDefault: Loaded subsystem for module [NULL]
[2020.10.07-22.59.47:123][ 84]LogPlayLevel: Creating play world package: /Game/NewMaps/UEDPIE_0_KrisTutorialMap
[2020.10.07-22.59.47:381][ 84]LogPlayLevel: PIE: StaticDuplicateObject took: (0.258024s)
[2020.10.07-22.59.47:407][ 84]LogAIModule: Creating AISystem for world KrisTutorialMap
[2020.10.07-22.59.47:407][ 84]LogAISub: UAISubsystem::UAISubsystem EnvQueryManager (000001E2E0D05200), frame # 10084
[2020.10.07-22.59.47:411][ 84]LogAISub: UAISubsystem::UAISubsystem AIPerceptionSystem (000001E2E0D1AFC0), frame # 10084
[2020.10.07-22.59.47:411][ 84]LogPlayLevel: PIE: World Init took: (0.030652s)
[2020.10.07-22.59.47:412][ 84]LogPlayLevel: PIE: Created PIE world by copying editor world from /Game/NewMaps/KrisTutorialMap.KrisTutorialMap to /Game/NewMaps/UEDPIE_0_KrisTutorialMap.KrisTutorialMap (0.289052s)
[2020.10.07-22.59.47:469][ 84]LogUObjectHash: Compacting FUObjectHashTables data took   5.30ms
[2020.10.07-22.59.47:473][ 84]LogAudioMixer: Display: Audio Mixer Platform Settings:
[2020.10.07-22.59.47:473][ 84]LogAudioMixer: Display: 	Sample Rate:						  48000
[2020.10.07-22.59.47:473][ 84]LogAudioMixer: Display: 	Callback Buffer Frame Size Requested: 1024
[2020.10.07-22.59.47:473][ 84]LogAudioMixer: Display: 	Callback Buffer Frame Size To Use:	  1024
[2020.10.07-22.59.47:473][ 84]LogAudioMixer: Display: 	Number of buffers to queue:			  2
[2020.10.07-22.59.47:473][ 84]LogAudioMixer: Display: 	Max Channels (voices):				  32
[2020.10.07-22.59.47:474][ 84]LogAudioMixer: Display: 	Number of Async Source Workers:		  0
[2020.10.07-22.59.47:474][ 84]LogAudio: Display: AudioDevice MaxSources: 32
[2020.10.07-22.59.47:474][ 84]LogAudio: Display: Using built-in audio occlusion.
[2020.10.07-22.59.47:474][ 84]LogAudioMixer: Display: Initializing audio mixer.
[2020.10.07-22.59.47:518][ 84]LogAudioMixer: Display: 0: FrontLeft
[2020.10.07-22.59.47:518][ 84]LogAudioMixer: Display: 1: FrontRight
[2020.10.07-22.59.47:716][ 84]LogAudioMixer: Display: Using Audio Device Speakers/Headphones (Realtek(R) Audio)
[2020.10.07-22.59.47:739][ 84]LogAudioMixer: Display: Initializing Sound Submixes...
[2020.10.07-22.59.47:739][ 84]LogAudioMixer: Display: Creating Master Submix 'MasterSubmixDefault'
[2020.10.07-22.59.47:739][ 84]LogAudioMixer: Display: Creating Master Submix 'MasterReverbSubmixDefault'
[2020.10.07-22.59.47:805][ 84]LogAudioMixer: Display: Creating Master Submix 'MasterEQSubmixDefault'
[2020.10.07-22.59.47:807][ 84]LogInit: FAudioDevice initialized.
[2020.10.07-22.59.47:872][ 84]LogLoad: Game class is 'ThirdPersonGameMode_C'
[2020.10.07-22.59.47:920][ 84]LogPhysics: Warning: Scale for /Game/NewMaps/UEDPIE_0_KrisTutorialMap.KrisTutorialMap:PersistentLevel.plane_8.rr has a component set to zero, which will result in a bad body instance. Scale:X=433.000 Y=275.000 Z=0.000
[2020.10.07-22.59.47:931][ 84]LogWorld: Bringing World /Game/NewMaps/UEDPIE_0_KrisTutorialMap.KrisTutorialMap up for play (max tick rate 60) at 2020.10.08-11.59.47
[2020.10.07-22.59.48:094][ 84]LogWorld: Bringing up level for play took: 0.220537
[2020.10.07-22.59.48:111][ 84]LogOnline: OSS: Creating online subsystem instance for: :Context_19
[2020.10.07-22.59.48:272][ 84]LogContentBrowser: Native class hierarchy updated for 'MovieSceneCapture' in 0.0005 seconds. Added 20 classes and 0 folders.
[2020.10.07-22.59.48:416][ 84]PIE: Server logged in
[2020.10.07-22.59.48:419][ 84]PIE: Play in editor total start time 1.704 seconds.
[2020.10.07-23.00.05:175][507]LogSlate: Updating window title bar state: overlay mode, drag disabled, window buttons hidden, title bar hidden
[2020.10.07-23.00.05:175][507]LogWorld: BeginTearingDown for /Game/NewMaps/UEDPIE_0_KrisTutorialMap
[2020.10.07-23.00.05:187][507]LogWorld: UWorld::CleanupWorld for KrisTutorialMap, bSessionEnded=true, bCleanupResources=true
[2020.10.07-23.00.05:190][507]LogSlate: InvalidateAllWidgets triggered.  All widgets were invalidated
[2020.10.07-23.00.05:203][507]LogPlayLevel: Display: Shutting down PIE online subsystems
[2020.10.07-23.00.05:212][507]LogSlate: InvalidateAllWidgets triggered.  All widgets were invalidated
[2020.10.07-23.00.05:340][507]LogSlate: Updating window title bar state: overlay mode, drag disabled, window buttons hidden, title bar hidden
[2020.10.07-23.00.05:348][507]LogAISub: UAISubsystem::~UAISubsystem AIPerceptionSystem (000001E2E0D1AFC0), frame # 10507
[2020.10.07-23.00.05:348][507]LogAISub: UAISubsystem::~UAISubsystem EnvQueryManager (000001E2E0D05200), frame # 10507
[2020.10.07-23.00.05:441][507]LogUObjectHash: Compacting FUObjectHashTables data took   6.52ms
[2020.10.07-23.00.05:500][508]LogPlayLevel: Display: Destroying online subsystem :Context_19
[2020.10.07-23.00.26:098][802]LogEditorTransaction: Undo Move Widget
[2020.10.07-23.03.38:347][349]LogTemp: Repeating last play command: Selected Viewport
[2020.10.07-23.03.38:377][349]BlueprintLog: New page: Pre-Play auto-recompile
[2020.10.07-23.03.38:424][349]LogPlayLevel: [PlayLevel] Compiling OfferedItem before play...
[2020.10.07-23.03.38:663][349]LogUObjectHash: Compacting FUObjectHashTables data took   8.59ms
[2020.10.07-23.03.38:668][349]LogPlayLevel: PlayLevel: Blueprint regeneration took 290 ms (1 blueprints)
[2020.10.07-23.03.38:668][349]PIE: New page: PIE session: KrisTutorialMap (Oct 9, 2020, 1:03:38 AM)
[2020.10.07-23.03.38:671][349]LogPlayLevel: Creating play world package: /Game/NewMaps/UEDPIE_0_KrisTutorialMap
[2020.10.07-23.03.38:801][349]LogPlayLevel: PIE: StaticDuplicateObject took: (0.130376s)
[2020.10.07-23.03.38:802][349]LogAIModule: Creating AISystem for world KrisTutorialMap
[2020.10.07-23.03.38:802][349]LogAISub: UAISubsystem::UAISubsystem EnvQueryManager (000001E2A3802E00), frame # 15349
[2020.10.07-23.03.38:802][349]LogAISub: UAISubsystem::UAISubsystem AIPerceptionSystem (000001E2EC901BC0), frame # 15349
[2020.10.07-23.03.38:803][349]LogPlayLevel: PIE: World Init took: (0.002009s)
[2020.10.07-23.03.38:803][349]LogPlayLevel: PIE: Created PIE world by copying editor world from /Game/NewMaps/KrisTutorialMap.KrisTutorialMap to /Game/NewMaps/UEDPIE_0_KrisTutorialMap.KrisTutorialMap (0.132937s)
[2020.10.07-23.03.38:859][349]LogUObjectHash: Compacting FUObjectHashTables data took   5.58ms
[2020.10.07-23.03.38:861][349]LogAudioMixer: Display: Audio Mixer Platform Settings:
[2020.10.07-23.03.38:861][349]LogAudioMixer: Display: 	Sample Rate:						  48000
[2020.10.07-23.03.38:861][349]LogAudioMixer: Display: 	Callback Buffer Frame Size Requested: 1024
[2020.10.07-23.03.38:861][349]LogAudioMixer: Display: 	Callback Buffer Frame Size To Use:	  1024
[2020.10.07-23.03.38:861][349]LogAudioMixer: Display: 	Number of buffers to queue:			  2
[2020.10.07-23.03.38:862][349]LogAudioMixer: Display: 	Max Channels (voices):				  32
[2020.10.07-23.03.38:862][349]LogAudioMixer: Display: 	Number of Async Source Workers:		  0
[2020.10.07-23.03.38:862][349]LogAudio: Display: AudioDevice MaxSources: 32
[2020.10.07-23.03.38:862][349]LogAudio: Display: Using built-in audio occlusion.
[2020.10.07-23.03.38:862][349]LogAudioMixer: Display: Initializing audio mixer.
[2020.10.07-23.03.38:881][349]LogAudioMixer: Display: 0: FrontLeft
[2020.10.07-23.03.38:881][349]LogAudioMixer: Display: 1: FrontRight
[2020.10.07-23.03.39:062][349]LogAudioMixer: Display: Using Audio Device Speakers/Headphones (Realtek(R) Audio)
[2020.10.07-23.03.39:062][349]LogAudioMixer: Display: Initializing Sound Submixes...
[2020.10.07-23.03.39:062][349]LogAudioMixer: Display: Creating Master Submix 'MasterSubmixDefault'
[2020.10.07-23.03.39:062][349]LogAudioMixer: Display: Creating Master Submix 'MasterReverbSubmixDefault'
[2020.10.07-23.03.39:063][349]LogAudioMixer: Display: Creating Master Submix 'MasterEQSubmixDefault'
[2020.10.07-23.03.39:087][349]LogInit: FAudioDevice initialized.
[2020.10.07-23.03.39:101][349]LogLoad: Game class is 'ThirdPersonGameMode_C'
[2020.10.07-23.03.39:117][349]LogPhysics: Warning: Scale for /Game/NewMaps/UEDPIE_0_KrisTutorialMap.KrisTutorialMap:PersistentLevel.plane_8.rr has a component set to zero, which will result in a bad body instance. Scale:X=433.000 Y=275.000 Z=0.000
[2020.10.07-23.03.39:125][349]LogWorld: Bringing World /Game/NewMaps/UEDPIE_0_KrisTutorialMap.KrisTutorialMap up for play (max tick rate 60) at 2020.10.08-12.03.39
[2020.10.07-23.03.39:126][349]LogWorld: Bringing up level for play took: 0.023709
[2020.10.07-23.03.39:127][349]LogOnline: OSS: Creating online subsystem instance for: :Context_20
[2020.10.07-23.03.39:135][349]PIE: Server logged in
[2020.10.07-23.03.39:136][349]PIE: Play in editor total start time 0.763 seconds.
[2020.10.07-23.03.52:091][695]LogSlate: Updating window title bar state: overlay mode, drag disabled, window buttons hidden, title bar hidden
[2020.10.07-23.03.52:091][695]LogWorld: BeginTearingDown for /Game/NewMaps/UEDPIE_0_KrisTutorialMap
[2020.10.07-23.03.52:091][695]LogWorld: UWorld::CleanupWorld for KrisTutorialMap, bSessionEnded=true, bCleanupResources=true
[2020.10.07-23.03.52:095][695]LogSlate: InvalidateAllWidgets triggered.  All widgets were invalidated
[2020.10.07-23.03.52:107][695]LogPlayLevel: Display: Shutting down PIE online subsystems
[2020.10.07-23.03.52:115][695]LogSlate: InvalidateAllWidgets triggered.  All widgets were invalidated
[2020.10.07-23.03.52:166][695]LogSlate: Updating window title bar state: overlay mode, drag disabled, window buttons hidden, title bar hidden
[2020.10.07-23.03.52:204][695]LogAISub: UAISubsystem::~UAISubsystem AIPerceptionSystem (000001E2EC901BC0), frame # 15695
[2020.10.07-23.03.52:204][695]LogAISub: UAISubsystem::~UAISubsystem EnvQueryManager (000001E2A3802E00), frame # 15695
[2020.10.07-23.03.52:212][695]LogUObjectHash: Compacting FUObjectHashTables data took   5.88ms
[2020.10.07-23.03.52:257][696]LogPlayLevel: Display: Destroying online subsystem :Context_20
[2020.10.07-23.06.18:564][640]BlueprintLog: New page: Compile ThirdPersonCharacter
[2020.10.07-23.06.18:750][640]LogBlueprint: Warning: [Compiler ThirdPersonCharacter] 'Offered Item' does not inherit from 'Third Person Character' ( Cast To OfferedItem  would always fail).
[2020.10.07-23.06.18:920][640]LogUObjectHash: Compacting FUObjectHashTables data took   5.59ms
[2020.10.07-23.07.06:429][704]LogUObjectHash: Compacting FUObjectHashTables data took   8.36ms
[2020.10.07-23.07.06:992][704]LogSavePackage: Moving 'D:/COMP/COMP 313/Project/Kris-Runs/KrisRuns/Saved/KrisTutorialMap_Auto17AFC4E694B24FA15444B7F82B9B38E2C.tmp' to 'D:/COMP/COMP 313/Project/Kris-Runs/KrisRuns/Saved/Autosaves/Game/NewMaps/KrisTutorialMap_Auto1.umap'
[2020.10.07-23.07.06:995][704]LogFileHelpers: Editor autosave (incl. sublevels) for '/Game/NewMaps/KrisTutorialMap' took 0.633
[2020.10.07-23.07.06:995][704]LogFileHelpers: Editor autosave (incl. sublevels) for all levels took 0.633
[2020.10.07-23.07.06:997][704]OBJ SavePackage: Generating thumbnails for [1] asset(s) in package [/Game/ThirdPersonBP/Blueprints/ThirdPersonCharacter] ([1] browsable assets)...
[2020.10.07-23.07.07:143][704]OBJ SavePackage:     Rendered thumbnail for [Blueprint /Game/ThirdPersonBP/Blueprints/ThirdPersonCharacter.ThirdPersonCharacter]
[2020.10.07-23.07.07:143][704]OBJ SavePackage: Finished generating thumbnails for package [/Game/ThirdPersonBP/Blueprints/ThirdPersonCharacter]
[2020.10.07-23.07.07:411][704]LogSavePackage: Moving 'D:/COMP/COMP 313/Project/Kris-Runs/KrisRuns/Saved/ThirdPersonCharacter_Auto1A5AD4FA4495D9A3C83EFA79F5BD14D98.tmp' to 'D:/COMP/COMP 313/Project/Kris-Runs/KrisRuns/Saved/Autosaves/Game/ThirdPersonBP/Blueprints/ThirdPersonCharacter_Auto1.uasset'
[2020.10.07-23.07.07:431][704]OBJ SavePackage: Generating thumbnails for [0] asset(s) in package [/Game/ThirdPersonBP/Shop_System/OfferedItem] ([1] browsable assets)...
[2020.10.07-23.07.07:431][704]OBJ SavePackage: Finished generating thumbnails for package [/Game/ThirdPersonBP/Shop_System/OfferedItem]
[2020.10.07-23.07.07:515][704]LogSavePackage: Moving 'D:/COMP/COMP 313/Project/Kris-Runs/KrisRuns/Saved/OfferedItem_Auto15F22EDA8458099BCA5A9FFB4A377561D.tmp' to 'D:/COMP/COMP 313/Project/Kris-Runs/KrisRuns/Saved/Autosaves/Game/ThirdPersonBP/Shop_System/OfferedItem_Auto1.uasset'
[2020.10.07-23.07.07:518][704]LogFileHelpers: Auto-saving content packages took 0.523
[2020.10.07-23.08.45:511][498]BlueprintLog: New page: Compile ThirdPersonCharacter
[2020.10.07-23.08.45:592][498]LogBlueprint: Warning: [Compiler ThirdPersonCharacter] 'Offered Item' does not inherit from 'Inventory Component' ( Cast To OfferedItem  would always fail).
[2020.10.07-23.08.45:747][498]LogUObjectHash: Compacting FUObjectHashTables data took   6.70ms
[2020.10.07-23.09.45:361][554]LogD3D11RHI: GetQueryData is taking a very long time (5.0 s)
[2020.10.07-23.09.50:336][554]LogD3D11RHI: GetQueryData is taking a very long time (10.0 s)
[2020.10.07-23.09.55:336][554]LogD3D11RHI: GetQueryData is taking a very long time (15.0 s)
[2020.10.07-23.10.00:334][554]LogD3D11RHI: GetQueryData is taking a very long time (20.0 s)
[2020.10.07-23.10.05:336][554]LogD3D11RHI: GetQueryData is taking a very long time (25.0 s)
[2020.10.07-23.10.10:335][554]LogD3D11RHI: GetQueryData is taking a very long time (30.0 s)
[2020.10.07-23.10.10:335][554]LogD3D11RHI: Timed out while waiting for GPU to catch up. (30.0 s) (ErrorCode 00000001)
[2020.10.07-23.10.10:459][554]LogWindows: Windows GetLastError: The operation completed successfully. (0)
[2020.10.07-23.10.27:760][554]LogOutputDevice: Warning: 

Script Stack (0 frames):

[2020.10.07-23.10.27:760][554]LogWindows: Windows GetLastError: The operation completed successfully. (0)
[2020.10.07-23.10.27:804][554]LogWindows: Error: === Critical error: ===
[2020.10.07-23.10.27:805][554]LogWindows: Error: 
[2020.10.07-23.10.27:805][554]LogWindows: Error: Fatal error: [File:D:/Build/++UE4+Licensee/Sync/Engine/Source/Runtime/RenderCore/Private/RenderingThread.cpp] [Line: 855] 
[2020.10.07-23.10.27:805][554]LogWindows: Error: Rendering thread exception:
[2020.10.07-23.10.27:805][554]LogWindows: Error: Assertion failed: GD3D11RHI->GetQueryData(Query->Resource, &Query->Result, sizeof(Query->Result), Query->QueryType, true, false) [File:D:/Build/++UE4+Licensee/Sync/Engine/Source/Runtime/Windows/D3D11RHI/Private/D3D11Query.cpp] [Line: 45] 
[2020.10.07-23.10.27:805][554]LogWindows: Error: 
[2020.10.07-23.10.27:805][554]LogWindows: Error: 
[2020.10.07-23.10.27:805][554]LogWindows: Error: 
[2020.10.07-23.10.27:805][554]LogWindows: Error: [Callstack] 0x00007ffa73df3b29 KERNELBASE.dll!UnknownFunction []
[2020.10.07-23.10.27:805][554]LogWindows: Error: [Callstack] 0x00007ffa197be9e6 UE4Editor-Core.dll!UnknownFunction []
[2020.10.07-23.10.27:805][554]LogWindows: Error: [Callstack] 0x00007ffa197c1dc8 UE4Editor-Core.dll!UnknownFunction []
[2020.10.07-23.10.27:805][554]LogWindows: Error: [Callstack] 0x00007ffa1954e53d UE4Editor-Core.dll!UnknownFunction []
[2020.10.07-23.10.27:805][554]LogWindows: Error: [Callstack] 0x00007ffa194d97b5 UE4Editor-Core.dll!UnknownFunction []
[2020.10.07-23.10.27:805][554]LogWindows: Error: [Callstack] 0x00007ffa194dbaf0 UE4Editor-Core.dll!UnknownFunction []
[2020.10.07-23.10.27:805][554]LogWindows: Error: [Callstack] 0x00007ffa1b69027e UE4Editor-D3D11RHI.dll!UnknownFunction []
[2020.10.07-23.10.27:805][554]LogWindows: Error: [Callstack] 0x00007ffa1b69f7ef UE4Editor-D3D11RHI.dll!UnknownFunction []
[2020.10.07-23.10.27:805][554]LogWindows: Error: [Callstack] 0x00007ffa4a5b088e UE4Editor-RHI.dll!UnknownFunction []
[2020.10.07-23.10.27:805][554]LogWindows: Error: [Callstack] 0x00007ff76a7f6e16 UE4Editor.exe!UnknownFunction []
[2020.10.07-23.10.27:805][554]LogWindows: Error: [Callstack] 0x00007ff76a7f9682 UE4Editor.exe!UnknownFunction []
[2020.10.07-23.10.27:805][554]LogWindows: Error: [Callstack] 0x00007ffa192f87d8 UE4Editor-Core.dll!UnknownFunction []
[2020.10.07-23.10.27:805][554]LogWindows: Error: [Callstack] 0x00007ffa192f8aa3 UE4Editor-Core.dll!UnknownFunction []
[2020.10.07-23.10.27:805][554]LogWindows: Error: [Callstack] 0x00007ffa3da2f892 UE4Editor-RenderCore.dll!UnknownFunction []
[2020.10.07-23.10.27:806][554]LogWindows: Error: [Callstack] 0x00007ffa3da353d4 UE4Editor-RenderCore.dll!UnknownFunction []
[2020.10.07-23.10.27:806][554]LogWindows: Error: [Callstack] 0x00007ffa197e025b UE4Editor-Core.dll!UnknownFunction []
[2020.10.07-23.10.27:806][554]LogWindows: Error: [Callstack] 0x00007ffa197d7c30 UE4Editor-Core.dll!UnknownFunction []
[2020.10.07-23.10.27:806][554]LogWindows: Error: [Callstack] 0x00007ffa760f7bd4 KERNEL32.DLL!UnknownFunction []
[2020.10.07-23.10.27:806][554]LogWindows: Error: [Callstack] 0x00007ffa7658ce51 ntdll.dll!UnknownFunction []
[2020.10.07-23.10.27:806][554]LogWindows: Error: 
[2020.10.07-23.10.27:806][554]LogWindows: Error: 
[2020.10.07-23.10.27:806][554]LogWindows: Error: 
[2020.10.07-23.10.27:806][554]LogWindows: Error: 
[2020.10.07-23.10.27:899][554]LogExit: Executing StaticShutdownAfterError
[2020.10.07-23.10.28:143][554]LogWindows: FPlatformMisc::RequestExit(1)
[2020.10.07-23.10.28:143][554]LogCore: Engine exit requested (reason: Win RequestExit)
[2020.10.07-23.10.28:193][554]Log file closed, 10/08/20 12:10:28
