Log file open, 08/25/20 19:46:45
LogInit: Display: Running engine for game: KrisRuns
LogPlatformFile: Not using cached read wrapper
LogTaskGraph: Started task graph with 5 named threads and 23 total threads with 3 sets of task threads.
LogStats: Stats thread started at 0.293616
LogD3D11RHI: Loaded GFSDK_Aftermath_Lib.x64.dll
LogICUInternationalization: ICU TimeZone Detection - Raw Offset: +12:00, Platform Override: ''
LogPluginManager: Mounting plugin Paper2D
LogPluginManager: Mounting plugin AISupport
LogPluginManager: Mounting plugin LightPropagationVolume
LogPluginManager: Mounting plugin CameraShakePreviewer
LogPluginManager: Mounting plugin ActorLayerUtilities
LogPluginManager: Mounting plugin AnimationSharing
LogPluginManager: Mounting plugin CLionSourceCodeAccess
LogPluginManager: Mounting plugin CodeLiteSourceCodeAccess
LogPluginManager: Mounting plugin GitSourceControl
LogPluginManager: Mounting plugin KDevelopSourceCodeAccess
LogPluginManager: Mounting plugin NullSourceCodeAccess
LogPluginManager: Mounting plugin PerforceSourceControl
LogPluginManager: Mounting plugin PlasticSourceControl
LogPluginManager: Mounting plugin RiderSourceCodeAccess
LogPluginManager: Mounting plugin SubversionSourceControl
LogPluginManager: Mounting plugin UObjectPlugin
LogPluginManager: Mounting plugin VisualStudioCodeSourceCodeAccess
LogPluginManager: Mounting plugin VisualStudioSourceCodeAccess
LogPluginManager: Mounting plugin XCodeSourceCodeAccess
LogPluginManager: Mounting plugin AssetManagerEditor
LogPluginManager: Mounting plugin CryptoKeys
LogPluginManager: Mounting plugin CurveEditorTools
LogPluginManager: Mounting plugin DataValidation
LogPluginManager: Mounting plugin EditorScriptingUtilities
LogPluginManager: Mounting plugin FacialAnimation
LogPluginManager: Mounting plugin GameplayTagsEditor
LogPluginManager: Mounting plugin GeometryMode
LogPluginManager: Mounting plugin MacGraphicsSwitching
LogPluginManager: Mounting plugin MaterialAnalyzer
LogPluginManager: Mounting plugin MobileLauncherProfileWizard
LogPluginManager: Mounting plugin PluginBrowser
LogPluginManager: Mounting plugin SpeedTreeImporter
LogPluginManager: Mounting plugin DatasmithContent
LogPluginManager: Mounting plugin VariantManagerContent
LogPluginManager: Mounting plugin AlembicImporter
LogPluginManager: Mounting plugin AutomationUtils
LogPluginManager: Mounting plugin BackChannel
LogPluginManager: Mounting plugin ChaosCloth
LogPluginManager: Mounting plugin ChaosClothEditor
LogPluginManager: Mounting plugin ChaosEditor
LogPluginManager: Mounting plugin ChaosNiagara
LogPluginManager: Mounting plugin ChaosSolverPlugin
LogPluginManager: Mounting plugin CharacterAI
LogPluginManager: Mounting plugin GeometryCache
LogPluginManager: Mounting plugin GeometryCollectionPlugin
LogPluginManager: Mounting plugin GeometryProcessing
LogPluginManager: Mounting plugin PlanarCut
LogPluginManager: Mounting plugin PlatformCrypto
LogPluginManager: Mounting plugin ProxyLODPlugin
LogPluginManager: Mounting plugin SkeletalReduction
LogPluginManager: Mounting plugin Niagara
LogPluginManager: Mounting plugin MagicLeap
LogPluginManager: Mounting plugin MagicLeapLightEstimation
LogPluginManager: Mounting plugin MagicLeapMedia
LogPluginManager: Mounting plugin MagicLeapPassableWorld
LogPluginManager: Mounting plugin MLSDK
LogPluginManager: Mounting plugin AndroidMedia
LogPluginManager: Mounting plugin AvfMedia
LogPluginManager: Mounting plugin ImgMedia
LogPluginManager: Mounting plugin MediaCompositing
LogPluginManager: Mounting plugin MediaPlayerEditor
LogPluginManager: Mounting plugin WebMMedia
LogPluginManager: Mounting plugin WmfMedia
LogPluginManager: Mounting plugin MeshPainting
LogPluginManager: Mounting plugin TcpMessaging
LogPluginManager: Mounting plugin UdpMessaging
LogPluginManager: Mounting plugin ActorSequence
LogPluginManager: Mounting plugin LevelSequenceEditor
LogPluginManager: Mounting plugin MatineeToLevelSequence
LogPluginManager: Mounting plugin MovieRenderPipeline
LogPluginManager: Mounting plugin TemplateSequence
LogPluginManager: Mounting plugin NetcodeUnitTest
LogPluginManager: Mounting plugin NUTUnrealEngine4
LogPluginManager: Mounting plugin OnlineSubsystemGooglePlay
LogPluginManager: Mounting plugin OnlineSubsystemIOS
LogPluginManager: Mounting plugin OnlineSubsystem
LogPluginManager: Mounting plugin OnlineSubsystemNull
LogPluginManager: Mounting plugin OnlineSubsystemUtils
LogPluginManager: Mounting plugin LauncherChunkInstaller
LogPluginManager: Mounting plugin AndroidDeviceProfileSelector
LogPluginManager: Mounting plugin AndroidMoviePlayer
LogPluginManager: Mounting plugin AndroidPermission
LogPluginManager: Mounting plugin AppleImageUtils
LogPluginManager: Mounting plugin AppleMoviePlayer
LogPluginManager: Mounting plugin ArchVisCharacter
LogPluginManager: Mounting plugin AssetTags
LogPluginManager: Mounting plugin AudioCapture
LogPluginManager: Mounting plugin CableComponent
LogPluginManager: Mounting plugin CustomMeshComponent
LogPluginManager: Mounting plugin EditableMesh
LogPluginManager: Mounting plugin ExampleDeviceProfileSelector
LogPluginManager: Mounting plugin GoogleCloudMessaging
LogPluginManager: Mounting plugin GooglePAD
LogPluginManager: Mounting plugin IOSDeviceProfileSelector
LogPluginManager: Mounting plugin LinuxDeviceProfileSelector
LogPluginManager: Mounting plugin LocationServicesBPLibrary
LogPluginManager: Mounting plugin MobilePatchingUtils
LogPluginManager: Mounting plugin OculusVR
LogPluginManager: Mounting plugin PhysXVehicles
LogPluginManager: Mounting plugin PostSplashScreen
LogPluginManager: Mounting plugin ProceduralMeshComponent
LogPluginManager: Mounting plugin RuntimePhysXCooking
LogPluginManager: Mounting plugin SignificanceManager
LogPluginManager: Mounting plugin SoundFields
LogPluginManager: Mounting plugin SteamVR
LogPluginManager: Mounting plugin Synthesis
LogPluginManager: Mounting plugin WebMMoviePlayer
LogPluginManager: Mounting plugin WindowsMoviePlayer
LogPluginManager: Mounting plugin ScreenshotTools
LogInit: Using libcurl 7.55.1-DEV
LogInit:  - built for x86_64-pc-win32
LogInit:  - supports SSL with OpenSSL/1.1.1
LogInit:  - supports HTTP deflate (compression) using libz 1.2.8
LogInit:  - other features:
LogInit:      CURL_VERSION_SSL
LogInit:      CURL_VERSION_LIBZ
LogInit:      CURL_VERSION_IPV6
LogInit:      CURL_VERSION_ASYNCHDNS
LogInit:      CURL_VERSION_LARGEFILE
LogInit:      CURL_VERSION_IDN
LogInit:  CurlRequestOptions (configurable via config and command line):
LogInit:  - bVerifyPeer = true  - Libcurl will verify peer certificate
LogInit:  - bUseHttpProxy = false  - Libcurl will NOT use HTTP proxy
LogInit:  - bDontReuseConnections = false  - Libcurl will reuse connections
LogInit:  - MaxHostConnections = 16  - Libcurl will limit the number of connections to a host
LogInit:  - LocalHostAddr = Default
LogInit:  - BufferSize = 65536
LogOnline: OSS: Creating online subsystem instance for: NULL
LogInit: WinSock: version 1.1 (2.2), MaxSocks=32767, MaxUdp=65467
LogOnline: OSS: TryLoadSubsystemAndSetDefault: Loaded subsystem for module [NULL]
LogInit: Build: ++UE4+Release-4.25-CL-13942748
LogInit: Engine Version: 4.25.3-13942748+++UE4+Release-4.25
LogInit: Compatible Engine Version: 4.25.0-13144385+++UE4+Release-4.25
LogInit: Net CL: 13144385
LogInit: OS: Windows 10 (Release 2004) (), CPU: Intel(R) Core(TM) i7-1065G7 CPU @ 1.30GHz, GPU: Intel(R) Iris(R) Plus Graphics
LogInit: Compiled (64-bit): Jul 25 2020 02:07:48
LogInit: Compiled with Visual C++: 19.24.28315.00
LogInit: Build Configuration: Development
LogInit: Branch Name: ++UE4+Release-4.25
LogInit: Command Line: 
LogInit: Base Directory: C:/Program Files/Epic Games/UE_4.25/Engine/Binaries/Win64/
LogInit: Allocator: TBB
LogInit: Installed Engine Build: 1
LogDevObjectVersion: Number of dev versions registered: 26
LogDevObjectVersion:   Dev-Blueprints (B0D832E4-1F89-4F0D-ACCF-7EB736FD4AA2): 10
LogDevObjectVersion:   Dev-Build (E1C64328-A22C-4D53-A36C-8E866417BD8C): 0
LogDevObjectVersion:   Dev-Core (375EC13C-06E4-48FB-B500-84F0262A717E): 4
LogDevObjectVersion:   Dev-Editor (E4B068ED-F494-42E9-A231-DA0B2E46BB41): 38
LogDevObjectVersion:   Dev-Framework (CFFC743F-43B0-4480-9391-14DF171D2073): 37
LogDevObjectVersion:   Dev-Mobile (B02B49B5-BB20-44E9-A304-32B752E40360): 2
LogDevObjectVersion:   Dev-Networking (A4E4105C-59A1-49B5-A7C5-40C4547EDFEE): 0
LogDevObjectVersion:   Dev-Online (39C831C9-5AE6-47DC-9A44-9C173E1C8E7C): 0
LogDevObjectVersion:   Dev-Physics (78F01B33-EBEA-4F98-B9B4-84EACCB95AA2): 4
LogDevObjectVersion:   Dev-Platform (6631380F-2D4D-43E0-8009-CF276956A95A): 0
LogDevObjectVersion:   Dev-Rendering (12F88B9F-8875-4AFC-A67C-D90C383ABD29): 43
LogDevObjectVersion:   Dev-Sequencer (7B5AE74C-D270-4C10-A958-57980B212A5A): 12
LogDevObjectVersion:   Dev-VR (D7296918-1DD6-4BDD-9DE2-64A83CC13884): 3
LogDevObjectVersion:   Dev-LoadTimes (C2A15278-BFE7-4AFE-6C17-90FF531DF755): 1
LogDevObjectVersion:   Private-Geometry (6EACA3D4-40EC-4CC1-B786-8BED09428FC5): 3
LogDevObjectVersion:   Dev-AnimPhys (29E575DD-E0A3-4627-9D10-D276232CDCEA): 17
LogDevObjectVersion:   Dev-Anim (AF43A65D-7FD3-4947-9873-3E8ED9C1BB05): 7
LogDevObjectVersion:   Dev-ReflectionCapture (6B266CEC-1EC7-4B8F-A30B-E4D90942FC07): 1
LogDevObjectVersion:   Dev-Automation (0DF73D61-A23F-47EA-B727-89E90C41499A): 1
LogDevObjectVersion:   FortniteMain (601D1886-AC64-4F84-AA16-D3DE0DEAC7D6): 31
LogDevObjectVersion:   Dev-Enterprise (9DFFBCD6-494F-0158-E221-12823C92A888): 10
LogDevObjectVersion:   Dev-Niagara (F2AED0AC-9AFE-416F-8664-AA7FFA26D6FC): 1
LogDevObjectVersion:   Dev-Destruction (174F1F0B-B4C6-45A5-B13F-2EE8D0FB917D): 10
LogDevObjectVersion:   Dev-Physics-Ext (35F94A83-E258-406C-A318-09F59610247C): 37
LogDevObjectVersion:   Dev-PhysicsMaterial-Chaos (B68FC16E-8B1B-42E2-B453-215C058844FE): 1
LogDevObjectVersion:   Dev-CineCamera (B2E18506-4273-CFC2-A54E-F4BB758BBA07): 1
LogInit: Presizing for max 25165824 objects, including 0 objects not considered by GC, pre-allocating 0 bytes for permanent pool.
LogConfig: Applying CVar settings from Section [/Script/Engine.StreamingSettings] File [C:/Users/micha/OneDrive/Documents/Documents/Documents/2020/COMP313/Project/Kris-Runs/KrisRuns/Saved/Config/Windows/Engine.ini]
LogConfig: Setting CVar [[s.MinBulkDataSizeForAsyncLoading:131072]]
LogConfig: Setting CVar [[s.AsyncLoadingThreadEnabled:0]]
LogConfig: Setting CVar [[s.EventDrivenLoaderEnabled:1]]
LogConfig: Setting CVar [[s.WarnIfTimeLimitExceeded:0]]
LogConfig: Setting CVar [[s.TimeLimitExceededMultiplier:1.5]]
LogConfig: Setting CVar [[s.TimeLimitExceededMinTime:0.005]]
LogConfig: Setting CVar [[s.UseBackgroundLevelStreaming:1]]
LogConfig: Setting CVar [[s.PriorityAsyncLoadingExtraTime:15.0]]
LogConfig: Setting CVar [[s.LevelStreamingActorsUpdateTimeLimit:5.0]]
LogConfig: Setting CVar [[s.PriorityLevelStreamingActorsUpdateExtraTime:5.0]]
LogConfig: Setting CVar [[s.LevelStreamingComponentsRegistrationGranularity:10]]
LogConfig: Setting CVar [[s.UnregisterComponentsTimeLimit:1.0]]
LogConfig: Setting CVar [[s.LevelStreamingComponentsUnregistrationGranularity:5]]
LogConfig: Setting CVar [[s.FlushStreamingOnExit:1]]
LogInit: Object subsystem initialized
LogConfig: Setting CVar [[con.DebugEarlyDefault:1]]
LogConfig: Setting CVar [[r.setres:1280x720]]
[2020.08.25-07.46.45:412][  0]LogConfig: Setting CVar [[r.VSync:0]]
[2020.08.25-07.46.45:412][  0]LogConfig: Setting CVar [[r.RHICmdBypass:0]]
[2020.08.25-07.46.45:412][  0]LogConfig: Applying CVar settings from Section [/Script/Engine.RendererSettings] File [C:/Users/micha/OneDrive/Documents/Documents/Documents/2020/COMP313/Project/Kris-Runs/KrisRuns/Saved/Config/Windows/Engine.ini]
[2020.08.25-07.46.45:412][  0]LogConfig: Setting CVar [[r.GPUCrashDebugging:0]]
[2020.08.25-07.46.45:412][  0]LogConfig: Applying CVar settings from Section [/Script/Engine.RendererOverrideSettings] File [C:/Users/micha/OneDrive/Documents/Documents/Documents/2020/COMP313/Project/Kris-Runs/KrisRuns/Saved/Config/Windows/Engine.ini]
[2020.08.25-07.46.45:412][  0]LogConfig: Applying CVar settings from Section [/Script/Engine.StreamingSettings] File [C:/Users/micha/OneDrive/Documents/Documents/Documents/2020/COMP313/Project/Kris-Runs/KrisRuns/Saved/Config/Windows/Engine.ini]
[2020.08.25-07.46.45:412][  0]LogConfig: Setting CVar [[s.MinBulkDataSizeForAsyncLoading:131072]]
[2020.08.25-07.46.45:412][  0]LogConfig: Setting CVar [[s.AsyncLoadingThreadEnabled:0]]
[2020.08.25-07.46.45:412][  0]LogConfig: Setting CVar [[s.EventDrivenLoaderEnabled:1]]
[2020.08.25-07.46.45:412][  0]LogConfig: Setting CVar [[s.WarnIfTimeLimitExceeded:0]]
[2020.08.25-07.46.45:412][  0]LogConfig: Setting CVar [[s.TimeLimitExceededMultiplier:1.5]]
[2020.08.25-07.46.45:412][  0]LogConfig: Setting CVar [[s.TimeLimitExceededMinTime:0.005]]
[2020.08.25-07.46.45:412][  0]LogConfig: Setting CVar [[s.UseBackgroundLevelStreaming:1]]
[2020.08.25-07.46.45:412][  0]LogConfig: Setting CVar [[s.PriorityAsyncLoadingExtraTime:15.0]]
[2020.08.25-07.46.45:412][  0]LogConfig: Setting CVar [[s.LevelStreamingActorsUpdateTimeLimit:5.0]]
[2020.08.25-07.46.45:412][  0]LogConfig: Setting CVar [[s.PriorityLevelStreamingActorsUpdateExtraTime:5.0]]
[2020.08.25-07.46.45:412][  0]LogConfig: Setting CVar [[s.LevelStreamingComponentsRegistrationGranularity:10]]
[2020.08.25-07.46.45:412][  0]LogConfig: Setting CVar [[s.UnregisterComponentsTimeLimit:1.0]]
[2020.08.25-07.46.45:412][  0]LogConfig: Setting CVar [[s.LevelStreamingComponentsUnregistrationGranularity:5]]
[2020.08.25-07.46.45:412][  0]LogConfig: Setting CVar [[s.FlushStreamingOnExit:1]]
[2020.08.25-07.46.45:412][  0]LogConfig: Applying CVar settings from Section [/Script/Engine.GarbageCollectionSettings] File [C:/Users/micha/OneDrive/Documents/Documents/Documents/2020/COMP313/Project/Kris-Runs/KrisRuns/Saved/Config/Windows/Engine.ini]
[2020.08.25-07.46.45:412][  0]LogConfig: Setting CVar [[gc.MaxObjectsNotConsideredByGC:1]]
[2020.08.25-07.46.45:412][  0]LogConfig: Setting CVar [[gc.SizeOfPermanentObjectPool:0]]
[2020.08.25-07.46.45:412][  0]LogConfig: Setting CVar [[gc.FlushStreamingOnGC:0]]
[2020.08.25-07.46.45:412][  0]LogConfig: Setting CVar [[gc.NumRetriesBeforeForcingGC:10]]
[2020.08.25-07.46.45:412][  0]LogConfig: Setting CVar [[gc.AllowParallelGC:1]]
[2020.08.25-07.46.45:412][  0]LogConfig: Setting CVar [[gc.TimeBetweenPurgingPendingKillObjects:61.1]]
[2020.08.25-07.46.45:412][  0]LogConfig: Setting CVar [[gc.MaxObjectsInEditor:25165824]]
[2020.08.25-07.46.45:412][  0]LogConfig: Setting CVar [[gc.IncrementalBeginDestroyEnabled:1]]
[2020.08.25-07.46.45:412][  0]LogConfig: Setting CVar [[gc.CreateGCClusters:1]]
[2020.08.25-07.46.45:412][  0]LogConfig: Setting CVar [[gc.MinGCClusterSize:5]]
[2020.08.25-07.46.45:412][  0]LogConfig: Setting CVar [[gc.ActorClusteringEnabled:0]]
[2020.08.25-07.46.45:412][  0]LogConfig: Setting CVar [[gc.BlueprintClusteringEnabled:0]]
[2020.08.25-07.46.45:412][  0]LogConfig: Setting CVar [[gc.UseDisregardForGCOnDedicatedServers:0]]
[2020.08.25-07.46.45:412][  0]LogConfig: Applying CVar settings from Section [/Script/Engine.NetworkSettings] File [C:/Users/micha/OneDrive/Documents/Documents/Documents/2020/COMP313/Project/Kris-Runs/KrisRuns/Saved/Config/Windows/Engine.ini]
[2020.08.25-07.46.45:412][  0]LogConfig: Applying CVar settings from Section [/Script/UnrealEd.CookerSettings] File [C:/Users/micha/OneDrive/Documents/Documents/Documents/2020/COMP313/Project/Kris-Runs/KrisRuns/Saved/Config/Windows/Engine.ini]
[2020.08.25-07.46.45:419][  0]LogConfig: Applying CVar settings from Section [ViewDistanceQuality@3] File [C:/Users/micha/OneDrive/Documents/Documents/Documents/2020/COMP313/Project/Kris-Runs/KrisRuns/Saved/Config/Windows/Scalability.ini]
[2020.08.25-07.46.45:419][  0]LogConfig: Setting CVar [[r.SkeletalMeshLODBias:0]]
[2020.08.25-07.46.45:419][  0]LogConfig: Setting CVar [[r.ViewDistanceScale:1.0]]
[2020.08.25-07.46.45:419][  0]LogConfig: Applying CVar settings from Section [AntiAliasingQuality@3] File [C:/Users/micha/OneDrive/Documents/Documents/Documents/2020/COMP313/Project/Kris-Runs/KrisRuns/Saved/Config/Windows/Scalability.ini]
[2020.08.25-07.46.45:419][  0]LogConfig: Setting CVar [[r.PostProcessAAQuality:4]]
[2020.08.25-07.46.45:419][  0]LogConfig: Applying CVar settings from Section [ShadowQuality@3] File [C:/Users/micha/OneDrive/Documents/Documents/Documents/2020/COMP313/Project/Kris-Runs/KrisRuns/Saved/Config/Windows/Scalability.ini]
[2020.08.25-07.46.45:419][  0]LogConfig: Setting CVar [[r.LightFunctionQuality:1]]
[2020.08.25-07.46.45:419][  0]LogConfig: Setting CVar [[r.ShadowQuality:5]]
[2020.08.25-07.46.45:419][  0]LogConfig: Setting CVar [[r.Shadow.CSM.MaxCascades:10]]
[2020.08.25-07.46.45:419][  0]LogConfig: Setting CVar [[r.Shadow.MaxResolution:2048]]
[2020.08.25-07.46.45:419][  0]LogConfig: Setting CVar [[r.Shadow.MaxCSMResolution:2048]]
[2020.08.25-07.46.45:419][  0]LogConfig: Setting CVar [[r.Shadow.RadiusThreshold:0.01]]
[2020.08.25-07.46.45:419][  0]LogConfig: Setting CVar [[r.Shadow.DistanceScale:1.0]]
[2020.08.25-07.46.45:419][  0]LogConfig: Setting CVar [[r.Shadow.CSM.TransitionScale:1.0]]
[2020.08.25-07.46.45:419][  0]LogConfig: Setting CVar [[r.Shadow.PreShadowResolutionFactor:1.0]]
[2020.08.25-07.46.45:419][  0]LogConfig: Setting CVar [[r.DistanceFieldShadowing:1]]
[2020.08.25-07.46.45:419][  0]LogConfig: Setting CVar [[r.DistanceFieldAO:1]]
[2020.08.25-07.46.45:419][  0]LogConfig: Setting CVar [[r.AOQuality:2]]
[2020.08.25-07.46.45:419][  0]LogConfig: Setting CVar [[r.VolumetricFog:1]]
[2020.08.25-07.46.45:419][  0]LogConfig: Setting CVar [[r.VolumetricFog.GridPixelSize:8]]
[2020.08.25-07.46.45:419][  0]LogConfig: Setting CVar [[r.VolumetricFog.GridSizeZ:128]]
[2020.08.25-07.46.45:419][  0]LogConfig: Setting CVar [[r.VolumetricFog.HistoryMissSupersampleCount:4]]
[2020.08.25-07.46.45:419][  0]LogConfig: Setting CVar [[r.LightMaxDrawDistanceScale:1]]
[2020.08.25-07.46.45:419][  0]LogConfig: Setting CVar [[r.CapsuleShadows:1]]
[2020.08.25-07.46.45:419][  0]LogConfig: Applying CVar settings from Section [PostProcessQuality@3] File [C:/Users/micha/OneDrive/Documents/Documents/Documents/2020/COMP313/Project/Kris-Runs/KrisRuns/Saved/Config/Windows/Scalability.ini]
[2020.08.25-07.46.45:419][  0]LogConfig: Setting CVar [[r.MotionBlurQuality:4]]
[2020.08.25-07.46.45:419][  0]LogConfig: Setting CVar [[r.AmbientOcclusionMipLevelFactor:0.4]]
[2020.08.25-07.46.45:419][  0]LogConfig: Setting CVar [[r.AmbientOcclusionMaxQuality:100]]
[2020.08.25-07.46.45:419][  0]LogConfig: Setting CVar [[r.AmbientOcclusionLevels:-1]]
[2020.08.25-07.46.45:419][  0]LogConfig: Setting CVar [[r.AmbientOcclusionRadiusScale:1.0]]
[2020.08.25-07.46.45:419][  0]LogConfig: Setting CVar [[r.DepthOfFieldQuality:2]]
[2020.08.25-07.46.45:419][  0]LogConfig: Setting CVar [[r.RenderTargetPoolMin:400]]
[2020.08.25-07.46.45:419][  0]LogConfig: Setting CVar [[r.LensFlareQuality:2]]
[2020.08.25-07.46.45:419][  0]LogConfig: Setting CVar [[r.SceneColorFringeQuality:1]]
[2020.08.25-07.46.45:419][  0]LogConfig: Setting CVar [[r.EyeAdaptationQuality:2]]
[2020.08.25-07.46.45:419][  0]LogConfig: Setting CVar [[r.BloomQuality:5]]
[2020.08.25-07.46.45:419][  0]LogConfig: Setting CVar [[r.FastBlurThreshold:100]]
[2020.08.25-07.46.45:419][  0]LogConfig: Setting CVar [[r.Upscale.Quality:3]]
[2020.08.25-07.46.45:419][  0]LogConfig: Setting CVar [[r.Tonemapper.GrainQuantization:1]]
[2020.08.25-07.46.45:419][  0]LogConfig: Setting CVar [[r.LightShaftQuality:1]]
[2020.08.25-07.46.45:419][  0]LogConfig: Setting CVar [[r.Filter.SizeScale:1]]
[2020.08.25-07.46.45:419][  0]LogConfig: Setting CVar [[r.Tonemapper.Quality:5]]
[2020.08.25-07.46.45:419][  0]LogConfig: Setting CVar [[r.DOF.Gather.AccumulatorQuality:1        ; higher gathering accumulator quality]]
[2020.08.25-07.46.45:419][  0]LogConfig: Setting CVar [[r.DOF.Gather.PostfilterMethod:1          ; Median3x3 postfilering method]]
[2020.08.25-07.46.45:419][  0]LogConfig: Setting CVar [[r.DOF.Gather.EnableBokehSettings:0       ; no bokeh simulation when gathering]]
[2020.08.25-07.46.45:419][  0]LogConfig: Setting CVar [[r.DOF.Gather.RingCount:4                 ; medium number of samples when gathering]]
[2020.08.25-07.46.45:419][  0]LogConfig: Setting CVar [[r.DOF.Scatter.ForegroundCompositing:1    ; additive foreground scattering]]
[2020.08.25-07.46.45:419][  0]LogConfig: Setting CVar [[r.DOF.Scatter.BackgroundCompositing:2    ; additive background scattering]]
[2020.08.25-07.46.45:419][  0]LogConfig: Setting CVar [[r.DOF.Scatter.EnableBokehSettings:1      ; bokeh simulation when scattering]]
[2020.08.25-07.46.45:419][  0]LogConfig: Setting CVar [[r.DOF.Scatter.MaxSpriteRatio:0.1         ; only a maximum of 10% of scattered bokeh]]
[2020.08.25-07.46.45:419][  0]LogConfig: Setting CVar [[r.DOF.Recombine.Quality:1                ; cheap slight out of focus]]
[2020.08.25-07.46.45:419][  0]LogConfig: Setting CVar [[r.DOF.Recombine.EnableBokehSettings:0    ; no bokeh simulation on slight out of focus]]
[2020.08.25-07.46.45:419][  0]LogConfig: Setting CVar [[r.DOF.TemporalAAQuality:1                ; more stable temporal accumulation]]
[2020.08.25-07.46.45:419][  0]LogConfig: Setting CVar [[r.DOF.Kernel.MaxForegroundRadius:0.025]]
[2020.08.25-07.46.45:419][  0]LogConfig: Setting CVar [[r.DOF.Kernel.MaxBackgroundRadius:0.025]]
[2020.08.25-07.46.45:420][  0]LogConfig: Applying CVar settings from Section [TextureQuality@3] File [C:/Users/micha/OneDrive/Documents/Documents/Documents/2020/COMP313/Project/Kris-Runs/KrisRuns/Saved/Config/Windows/Scalability.ini]
[2020.08.25-07.46.45:420][  0]LogConfig: Setting CVar [[r.Streaming.MipBias:0]]
[2020.08.25-07.46.45:420][  0]LogConfig: Setting CVar [[r.Streaming.AmortizeCPUToGPUCopy:0]]
[2020.08.25-07.46.45:420][  0]LogConfig: Setting CVar [[r.Streaming.MaxNumTexturesToStreamPerFrame:0]]
[2020.08.25-07.46.45:420][  0]LogConfig: Setting CVar [[r.Streaming.Boost:1]]
[2020.08.25-07.46.45:420][  0]LogConfig: Setting CVar [[r.MaxAnisotropy:8]]
[2020.08.25-07.46.45:420][  0]LogConfig: Setting CVar [[r.VT.MaxAnisotropy:8]]
[2020.08.25-07.46.45:420][  0]LogConfig: Setting CVar [[r.Streaming.LimitPoolSizeToVRAM:0]]
[2020.08.25-07.46.45:420][  0]LogConfig: Setting CVar [[r.Streaming.PoolSize:1000]]
[2020.08.25-07.46.45:420][  0]LogConfig: Setting CVar [[r.Streaming.MaxEffectiveScreenSize:0]]
[2020.08.25-07.46.45:420][  0]LogConfig: Applying CVar settings from Section [EffectsQuality@3] File [C:/Users/micha/OneDrive/Documents/Documents/Documents/2020/COMP313/Project/Kris-Runs/KrisRuns/Saved/Config/Windows/Scalability.ini]
[2020.08.25-07.46.45:420][  0]LogConfig: Setting CVar [[r.TranslucencyLightingVolumeDim:64]]
[2020.08.25-07.46.45:420][  0]LogConfig: Setting CVar [[r.RefractionQuality:2]]
[2020.08.25-07.46.45:420][  0]LogConfig: Setting CVar [[r.SSR.Quality:3]]
[2020.08.25-07.46.45:420][  0]LogConfig: Setting CVar [[r.SSR.HalfResSceneColor:0]]
[2020.08.25-07.46.45:420][  0]LogConfig: Setting CVar [[r.SceneColorFormat:4]]
[2020.08.25-07.46.45:420][  0]LogConfig: Setting CVar [[r.DetailMode:2]]
[2020.08.25-07.46.45:420][  0]LogConfig: Setting CVar [[r.TranslucencyVolumeBlur:1]]
[2020.08.25-07.46.45:420][  0]LogConfig: Setting CVar [[r.MaterialQualityLevel:1 ; High quality]]
[2020.08.25-07.46.45:420][  0]LogConfig: Setting CVar [[r.SSS.Scale:1]]
[2020.08.25-07.46.45:420][  0]LogConfig: Setting CVar [[r.SSS.SampleSet:2]]
[2020.08.25-07.46.45:420][  0]LogConfig: Setting CVar [[r.SSS.Quality:1]]
[2020.08.25-07.46.45:420][  0]LogConfig: Setting CVar [[r.SSS.HalfRes:0]]
[2020.08.25-07.46.45:420][  0]LogConfig: Setting CVar [[r.SSGI.Quality:3]]
[2020.08.25-07.46.45:420][  0]LogConfig: Setting CVar [[r.EmitterSpawnRateScale:1.0]]
[2020.08.25-07.46.45:420][  0]LogConfig: Setting CVar [[r.ParticleLightQuality:2]]
[2020.08.25-07.46.45:420][  0]LogConfig: Setting CVar [[r.SkyAtmosphere.AerialPerspectiveLUT.FastApplyOnOpaque:1 ; Always have FastSkyLUT 1 in this case to avoid wrong sky]]
[2020.08.25-07.46.45:420][  0]LogConfig: Setting CVar [[r.SkyAtmosphere.AerialPerspectiveLUT.SampleCountPerSlice:1]]
[2020.08.25-07.46.45:420][  0]LogConfig: Setting CVar [[r.SkyAtmosphere.AerialPerspectiveLUT.DepthResolution:16.0]]
[2020.08.25-07.46.45:420][  0]LogConfig: Setting CVar [[r.SkyAtmosphere.FastSkyLUT:1]]
[2020.08.25-07.46.45:420][  0]LogConfig: Setting CVar [[r.SkyAtmosphere.FastSkyLUT.SampleCountMin:4.0]]
[2020.08.25-07.46.45:420][  0]LogConfig: Setting CVar [[r.SkyAtmosphere.FastSkyLUT.SampleCountMax:32.0]]
[2020.08.25-07.46.45:420][  0]LogConfig: Setting CVar [[r.SkyAtmosphere.SampleCountMin:4.0]]
[2020.08.25-07.46.45:420][  0]LogConfig: Setting CVar [[r.SkyAtmosphere.SampleCountMax:32.0]]
[2020.08.25-07.46.45:420][  0]LogConfig: Setting CVar [[r.SkyAtmosphere.TransmittanceLUT.UseSmallFormat:0]]
[2020.08.25-07.46.45:420][  0]LogConfig: Setting CVar [[r.SkyAtmosphere.TransmittanceLUT.SampleCount:10.0]]
[2020.08.25-07.46.45:420][  0]LogConfig: Setting CVar [[r.SkyAtmosphere.MultiScatteringLUT.SampleCount:15.0]]
[2020.08.25-07.46.45:420][  0]LogConfig: Applying CVar settings from Section [FoliageQuality@3] File [C:/Users/micha/OneDrive/Documents/Documents/Documents/2020/COMP313/Project/Kris-Runs/KrisRuns/Saved/Config/Windows/Scalability.ini]
[2020.08.25-07.46.45:420][  0]LogConfig: Setting CVar [[foliage.DensityScale:1.0]]
[2020.08.25-07.46.45:420][  0]LogConfig: Setting CVar [[grass.DensityScale:1.0]]
[2020.08.25-07.46.45:420][  0]LogConfig: Applying CVar settings from Section [ShadingQuality@3] File [C:/Users/micha/OneDrive/Documents/Documents/Documents/2020/COMP313/Project/Kris-Runs/KrisRuns/Saved/Config/Windows/Scalability.ini]
[2020.08.25-07.46.45:420][  0]LogConfig: Setting CVar [[r.HairStrands.SkyLighting.SampleCount:16]]
[2020.08.25-07.46.45:420][  0]LogConfig: Setting CVar [[r.HairStrands.SkyLighting.JitterIntegration:0]]
[2020.08.25-07.46.45:420][  0]LogConfig: Setting CVar [[r.HairStrands.SkyAO.SampleCount:16]]
[2020.08.25-07.46.45:420][  0]LogConfig: Setting CVar [[r.HairStrands.DeepShadow.SuperSampling:0]]
[2020.08.25-07.46.45:420][  0]LogConfig: Setting CVar [[r.HairStrands.VisibilityPPLL:0]]
[2020.08.25-07.46.45:420][  0]LogConfig: Setting CVar [[r.HairStrands.RasterizationScale:0.5]]
[2020.08.25-07.46.45:420][  0]LogConfig: Setting CVar [[r.HairStrands.VelocityRasterizationScale:1]]
[2020.08.25-07.46.45:420][  0]LogInit: Selected Device Profile: [Windows]
[2020.08.25-07.46.45:420][  0]LogInit: Applying CVar settings loaded from the selected device profile: [Windows]
[2020.08.25-07.46.45:420][  0]LogHAL: Display: Platform has ~ 16 GB [16750526464 / 17179869184 / 16], which maps to Larger [LargestMinGB=32, LargerMinGB=12, DefaultMinGB=8, SmallerMinGB=6, SmallestMinGB=0)
[2020.08.25-07.46.45:420][  0]LogInit: Going up to parent DeviceProfile []
[2020.08.25-07.46.45:420][  0]LogConfig: Applying CVar settings from Section [ViewDistanceQuality@3] File [C:/Users/micha/OneDrive/Documents/Documents/Documents/2020/COMP313/Project/Kris-Runs/KrisRuns/Saved/Config/Windows/Scalability.ini]
[2020.08.25-07.46.45:420][  0]LogConfig: Setting CVar [[r.SkeletalMeshLODBias:0]]
[2020.08.25-07.46.45:420][  0]LogConfig: Setting CVar [[r.ViewDistanceScale:1.0]]
[2020.08.25-07.46.45:420][  0]LogConfig: Applying CVar settings from Section [AntiAliasingQuality@3] File [C:/Users/micha/OneDrive/Documents/Documents/Documents/2020/COMP313/Project/Kris-Runs/KrisRuns/Saved/Config/Windows/Scalability.ini]
[2020.08.25-07.46.45:420][  0]LogConfig: Setting CVar [[r.PostProcessAAQuality:4]]
[2020.08.25-07.46.45:420][  0]LogConfig: Applying CVar settings from Section [ShadowQuality@3] File [C:/Users/micha/OneDrive/Documents/Documents/Documents/2020/COMP313/Project/Kris-Runs/KrisRuns/Saved/Config/Windows/Scalability.ini]
[2020.08.25-07.46.45:420][  0]LogConfig: Setting CVar [[r.LightFunctionQuality:1]]
[2020.08.25-07.46.45:420][  0]LogConfig: Setting CVar [[r.ShadowQuality:5]]
[2020.08.25-07.46.45:420][  0]LogConfig: Setting CVar [[r.Shadow.CSM.MaxCascades:10]]
[2020.08.25-07.46.45:420][  0]LogConfig: Setting CVar [[r.Shadow.MaxResolution:2048]]
[2020.08.25-07.46.45:420][  0]LogConfig: Setting CVar [[r.Shadow.MaxCSMResolution:2048]]
[2020.08.25-07.46.45:420][  0]LogConfig: Setting CVar [[r.Shadow.RadiusThreshold:0.01]]
[2020.08.25-07.46.45:420][  0]LogConfig: Setting CVar [[r.Shadow.DistanceScale:1.0]]
[2020.08.25-07.46.45:420][  0]LogConfig: Setting CVar [[r.Shadow.CSM.TransitionScale:1.0]]
[2020.08.25-07.46.45:420][  0]LogConfig: Setting CVar [[r.Shadow.PreShadowResolutionFactor:1.0]]
[2020.08.25-07.46.45:420][  0]LogConfig: Setting CVar [[r.DistanceFieldShadowing:1]]
[2020.08.25-07.46.45:420][  0]LogConfig: Setting CVar [[r.DistanceFieldAO:1]]
[2020.08.25-07.46.45:420][  0]LogConfig: Setting CVar [[r.AOQuality:2]]
[2020.08.25-07.46.45:420][  0]LogConfig: Setting CVar [[r.VolumetricFog:1]]
[2020.08.25-07.46.45:420][  0]LogConfig: Setting CVar [[r.VolumetricFog.GridPixelSize:8]]
[2020.08.25-07.46.45:420][  0]LogConfig: Setting CVar [[r.VolumetricFog.GridSizeZ:128]]
[2020.08.25-07.46.45:420][  0]LogConfig: Setting CVar [[r.VolumetricFog.HistoryMissSupersampleCount:4]]
[2020.08.25-07.46.45:421][  0]LogConfig: Setting CVar [[r.LightMaxDrawDistanceScale:1]]
[2020.08.25-07.46.45:421][  0]LogConfig: Setting CVar [[r.CapsuleShadows:1]]
[2020.08.25-07.46.45:421][  0]LogConfig: Applying CVar settings from Section [PostProcessQuality@3] File [C:/Users/micha/OneDrive/Documents/Documents/Documents/2020/COMP313/Project/Kris-Runs/KrisRuns/Saved/Config/Windows/Scalability.ini]
[2020.08.25-07.46.45:421][  0]LogConfig: Setting CVar [[r.MotionBlurQuality:4]]
[2020.08.25-07.46.45:421][  0]LogConfig: Setting CVar [[r.AmbientOcclusionMipLevelFactor:0.4]]
[2020.08.25-07.46.45:421][  0]LogConfig: Setting CVar [[r.AmbientOcclusionMaxQuality:100]]
[2020.08.25-07.46.45:421][  0]LogConfig: Setting CVar [[r.AmbientOcclusionLevels:-1]]
[2020.08.25-07.46.45:421][  0]LogConfig: Setting CVar [[r.AmbientOcclusionRadiusScale:1.0]]
[2020.08.25-07.46.45:421][  0]LogConfig: Setting CVar [[r.DepthOfFieldQuality:2]]
[2020.08.25-07.46.45:421][  0]LogConfig: Setting CVar [[r.RenderTargetPoolMin:400]]
[2020.08.25-07.46.45:421][  0]LogConfig: Setting CVar [[r.LensFlareQuality:2]]
[2020.08.25-07.46.45:421][  0]LogConfig: Setting CVar [[r.SceneColorFringeQuality:1]]
[2020.08.25-07.46.45:421][  0]LogConfig: Setting CVar [[r.EyeAdaptationQuality:2]]
[2020.08.25-07.46.45:421][  0]LogConfig: Setting CVar [[r.BloomQuality:5]]
[2020.08.25-07.46.45:421][  0]LogConfig: Setting CVar [[r.FastBlurThreshold:100]]
[2020.08.25-07.46.45:421][  0]LogConfig: Setting CVar [[r.Upscale.Quality:3]]
[2020.08.25-07.46.45:421][  0]LogConfig: Setting CVar [[r.Tonemapper.GrainQuantization:1]]
[2020.08.25-07.46.45:421][  0]LogConfig: Setting CVar [[r.LightShaftQuality:1]]
[2020.08.25-07.46.45:421][  0]LogConfig: Setting CVar [[r.Filter.SizeScale:1]]
[2020.08.25-07.46.45:421][  0]LogConfig: Setting CVar [[r.Tonemapper.Quality:5]]
[2020.08.25-07.46.45:421][  0]LogConfig: Setting CVar [[r.DOF.Gather.AccumulatorQuality:1        ; higher gathering accumulator quality]]
[2020.08.25-07.46.45:421][  0]LogConfig: Setting CVar [[r.DOF.Gather.PostfilterMethod:1          ; Median3x3 postfilering method]]
[2020.08.25-07.46.45:421][  0]LogConfig: Setting CVar [[r.DOF.Gather.EnableBokehSettings:0       ; no bokeh simulation when gathering]]
[2020.08.25-07.46.45:421][  0]LogConfig: Setting CVar [[r.DOF.Gather.RingCount:4                 ; medium number of samples when gathering]]
[2020.08.25-07.46.45:421][  0]LogConfig: Setting CVar [[r.DOF.Scatter.ForegroundCompositing:1    ; additive foreground scattering]]
[2020.08.25-07.46.45:421][  0]LogConfig: Setting CVar [[r.DOF.Scatter.BackgroundCompositing:2    ; additive background scattering]]
[2020.08.25-07.46.45:421][  0]LogConfig: Setting CVar [[r.DOF.Scatter.EnableBokehSettings:1      ; bokeh simulation when scattering]]
[2020.08.25-07.46.45:421][  0]LogConfig: Setting CVar [[r.DOF.Scatter.MaxSpriteRatio:0.1         ; only a maximum of 10% of scattered bokeh]]
[2020.08.25-07.46.45:421][  0]LogConfig: Setting CVar [[r.DOF.Recombine.Quality:1                ; cheap slight out of focus]]
[2020.08.25-07.46.45:421][  0]LogConfig: Setting CVar [[r.DOF.Recombine.EnableBokehSettings:0    ; no bokeh simulation on slight out of focus]]
[2020.08.25-07.46.45:421][  0]LogConfig: Setting CVar [[r.DOF.TemporalAAQuality:1                ; more stable temporal accumulation]]
[2020.08.25-07.46.45:421][  0]LogConfig: Setting CVar [[r.DOF.Kernel.MaxForegroundRadius:0.025]]
[2020.08.25-07.46.45:421][  0]LogConfig: Setting CVar [[r.DOF.Kernel.MaxBackgroundRadius:0.025]]
[2020.08.25-07.46.45:421][  0]LogConfig: Applying CVar settings from Section [TextureQuality@3] File [C:/Users/micha/OneDrive/Documents/Documents/Documents/2020/COMP313/Project/Kris-Runs/KrisRuns/Saved/Config/Windows/Scalability.ini]
[2020.08.25-07.46.45:421][  0]LogConfig: Setting CVar [[r.Streaming.MipBias:0]]
[2020.08.25-07.46.45:421][  0]LogConfig: Setting CVar [[r.Streaming.AmortizeCPUToGPUCopy:0]]
[2020.08.25-07.46.45:421][  0]LogConfig: Setting CVar [[r.Streaming.MaxNumTexturesToStreamPerFrame:0]]
[2020.08.25-07.46.45:421][  0]LogConfig: Setting CVar [[r.Streaming.Boost:1]]
[2020.08.25-07.46.45:421][  0]LogConfig: Setting CVar [[r.MaxAnisotropy:8]]
[2020.08.25-07.46.45:421][  0]LogConfig: Setting CVar [[r.VT.MaxAnisotropy:8]]
[2020.08.25-07.46.45:421][  0]LogConfig: Setting CVar [[r.Streaming.LimitPoolSizeToVRAM:0]]
[2020.08.25-07.46.45:421][  0]LogConfig: Setting CVar [[r.Streaming.PoolSize:1000]]
[2020.08.25-07.46.45:421][  0]LogConfig: Setting CVar [[r.Streaming.MaxEffectiveScreenSize:0]]
[2020.08.25-07.46.45:421][  0]LogConfig: Applying CVar settings from Section [EffectsQuality@3] File [C:/Users/micha/OneDrive/Documents/Documents/Documents/2020/COMP313/Project/Kris-Runs/KrisRuns/Saved/Config/Windows/Scalability.ini]
[2020.08.25-07.46.45:421][  0]LogConfig: Setting CVar [[r.TranslucencyLightingVolumeDim:64]]
[2020.08.25-07.46.45:421][  0]LogConfig: Setting CVar [[r.RefractionQuality:2]]
[2020.08.25-07.46.45:421][  0]LogConfig: Setting CVar [[r.SSR.Quality:3]]
[2020.08.25-07.46.45:421][  0]LogConfig: Setting CVar [[r.SSR.HalfResSceneColor:0]]
[2020.08.25-07.46.45:421][  0]LogConfig: Setting CVar [[r.SceneColorFormat:4]]
[2020.08.25-07.46.45:421][  0]LogConfig: Setting CVar [[r.DetailMode:2]]
[2020.08.25-07.46.45:421][  0]LogConfig: Setting CVar [[r.TranslucencyVolumeBlur:1]]
[2020.08.25-07.46.45:421][  0]LogConfig: Setting CVar [[r.MaterialQualityLevel:1 ; High quality]]
[2020.08.25-07.46.45:421][  0]LogConfig: Setting CVar [[r.SSS.Scale:1]]
[2020.08.25-07.46.45:421][  0]LogConfig: Setting CVar [[r.SSS.SampleSet:2]]
[2020.08.25-07.46.45:421][  0]LogConfig: Setting CVar [[r.SSS.Quality:1]]
[2020.08.25-07.46.45:421][  0]LogConfig: Setting CVar [[r.SSS.HalfRes:0]]
[2020.08.25-07.46.45:421][  0]LogConfig: Setting CVar [[r.SSGI.Quality:3]]
[2020.08.25-07.46.45:421][  0]LogConfig: Setting CVar [[r.EmitterSpawnRateScale:1.0]]
[2020.08.25-07.46.45:421][  0]LogConfig: Setting CVar [[r.ParticleLightQuality:2]]
[2020.08.25-07.46.45:421][  0]LogConfig: Setting CVar [[r.SkyAtmosphere.AerialPerspectiveLUT.FastApplyOnOpaque:1 ; Always have FastSkyLUT 1 in this case to avoid wrong sky]]
[2020.08.25-07.46.45:421][  0]LogConfig: Setting CVar [[r.SkyAtmosphere.AerialPerspectiveLUT.SampleCountPerSlice:1]]
[2020.08.25-07.46.45:421][  0]LogConfig: Setting CVar [[r.SkyAtmosphere.AerialPerspectiveLUT.DepthResolution:16.0]]
[2020.08.25-07.46.45:421][  0]LogConfig: Setting CVar [[r.SkyAtmosphere.FastSkyLUT:1]]
[2020.08.25-07.46.45:421][  0]LogConfig: Setting CVar [[r.SkyAtmosphere.FastSkyLUT.SampleCountMin:4.0]]
[2020.08.25-07.46.45:421][  0]LogConfig: Setting CVar [[r.SkyAtmosphere.FastSkyLUT.SampleCountMax:32.0]]
[2020.08.25-07.46.45:421][  0]LogConfig: Setting CVar [[r.SkyAtmosphere.SampleCountMin:4.0]]
[2020.08.25-07.46.45:421][  0]LogConfig: Setting CVar [[r.SkyAtmosphere.SampleCountMax:32.0]]
[2020.08.25-07.46.45:421][  0]LogConfig: Setting CVar [[r.SkyAtmosphere.TransmittanceLUT.UseSmallFormat:0]]
[2020.08.25-07.46.45:421][  0]LogConfig: Setting CVar [[r.SkyAtmosphere.TransmittanceLUT.SampleCount:10.0]]
[2020.08.25-07.46.45:421][  0]LogConfig: Setting CVar [[r.SkyAtmosphere.MultiScatteringLUT.SampleCount:15.0]]
[2020.08.25-07.46.45:421][  0]LogConfig: Applying CVar settings from Section [FoliageQuality@3] File [C:/Users/micha/OneDrive/Documents/Documents/Documents/2020/COMP313/Project/Kris-Runs/KrisRuns/Saved/Config/Windows/Scalability.ini]
[2020.08.25-07.46.45:421][  0]LogConfig: Setting CVar [[foliage.DensityScale:1.0]]
[2020.08.25-07.46.45:421][  0]LogConfig: Setting CVar [[grass.DensityScale:1.0]]
[2020.08.25-07.46.45:421][  0]LogConfig: Applying CVar settings from Section [ShadingQuality@3] File [C:/Users/micha/OneDrive/Documents/Documents/Documents/2020/COMP313/Project/Kris-Runs/KrisRuns/Saved/Config/Windows/Scalability.ini]
[2020.08.25-07.46.45:421][  0]LogConfig: Setting CVar [[r.HairStrands.SkyLighting.SampleCount:16]]
[2020.08.25-07.46.45:421][  0]LogConfig: Setting CVar [[r.HairStrands.SkyLighting.JitterIntegration:0]]
[2020.08.25-07.46.45:421][  0]LogConfig: Setting CVar [[r.HairStrands.SkyAO.SampleCount:16]]
[2020.08.25-07.46.45:421][  0]LogConfig: Setting CVar [[r.HairStrands.DeepShadow.SuperSampling:0]]
[2020.08.25-07.46.45:421][  0]LogConfig: Setting CVar [[r.HairStrands.VisibilityPPLL:0]]
[2020.08.25-07.46.45:421][  0]LogConfig: Setting CVar [[r.HairStrands.RasterizationScale:0.5]]
[2020.08.25-07.46.45:421][  0]LogConfig: Setting CVar [[r.HairStrands.VelocityRasterizationScale:1]]
[2020.08.25-07.46.45:421][  0]LogConfig: Applying CVar settings from Section [Startup] File [../../../Engine/Config/ConsoleVariables.ini]
[2020.08.25-07.46.45:422][  0]LogConfig: Setting CVar [[net.UseAdaptiveNetUpdateFrequency:0]]
[2020.08.25-07.46.45:422][  0]LogConfig: Setting CVar [[p.chaos.AllowCreatePhysxBodies:1]]
[2020.08.25-07.46.45:422][  0]LogConfig: Setting CVar [[fx.SkipVectorVMBackendOptimizations:1]]
[2020.08.25-07.46.45:422][  0]LogConfig: Applying CVar settings from Section [ConsoleVariables] File [C:/Users/micha/OneDrive/Documents/Documents/Documents/2020/COMP313/Project/Kris-Runs/KrisRuns/Saved/Config/Windows/Engine.ini]
[2020.08.25-07.46.45:422][  0]LogInit: Computer: MICHAEL-SPRO7
[2020.08.25-07.46.45:422][  0]LogInit: User: micha
[2020.08.25-07.46.45:422][  0]LogInit: CPU Page size=4096, Cores=4
[2020.08.25-07.46.45:422][  0]LogInit: High frequency timer resolution =10.000000 MHz
[2020.08.25-07.46.45:422][  0]LogMemory: Memory total: Physical=15.6GB (16GB approx)
[2020.08.25-07.46.45:422][  0]LogMemory: Platform Memory Stats for Windows
[2020.08.25-07.46.45:422][  0]LogMemory: Process Physical Memory: 115.29 MB used, 115.29 MB peak
[2020.08.25-07.46.45:422][  0]LogMemory: Process Virtual Memory: 96.16 MB used, 96.16 MB peak
[2020.08.25-07.46.45:422][  0]LogMemory: Physical Memory: 9520.60 MB used,  6453.95 MB free, 15974.55 MB total
[2020.08.25-07.46.45:422][  0]LogMemory: Virtual Memory: 5144.94 MB used,  134212584.00 MB free, 134217728.00 MB total
[2020.08.25-07.46.45:430][  0]LogWindows: WindowsPlatformFeatures enabled
[2020.08.25-07.46.45:482][  0]LogInit: Physics initialised using underlying interface: PhysX
[2020.08.25-07.46.45:483][  0]LogInit: Using OS detected language (en-GB).
[2020.08.25-07.46.45:483][  0]LogInit: Using OS detected locale (en-NZ).
[2020.08.25-07.46.45:489][  0]LogTextLocalizationManager: No specific localization for 'en-GB' exists, so the 'en' localization will be used.
[2020.08.25-07.46.45:637][  0]LogInit: Setting process to per monitor DPI aware
[2020.08.25-07.46.45:691][  0]LogSlate: New Slate User Created.  User Index 0, Is Virtual User: 0
[2020.08.25-07.46.45:691][  0]LogSlate: Slate User Registered.  User Index 0, Is Virtual User: 0
[2020.08.25-07.46.45:833][  0]LogHMD: Failed to initialize OpenVR with code 110
[2020.08.25-07.46.45:833][  0]LogD3D11RHI: D3D11 min allowed feature level: 11_0
[2020.08.25-07.46.45:833][  0]LogD3D11RHI: D3D11 max allowed feature level: 11_0
[2020.08.25-07.46.45:833][  0]LogD3D11RHI: D3D11 adapters:
[2020.08.25-07.46.45:988][  0]LogD3D11RHI:    0. 'Intel(R) Iris(R) Plus Graphics' (Feature Level 11_0)
[2020.08.25-07.46.45:988][  0]LogD3D11RHI:       128/0/7987 MB DedicatedVideo/DedicatedSystem/SharedSystem, Outputs:1, VendorId:0x8086
[2020.08.25-07.46.45:991][  0]LogD3D11RHI:    1. 'Microsoft Basic Render Driver' (Feature Level 11_0)
[2020.08.25-07.46.45:991][  0]LogD3D11RHI:       0/0/7987 MB DedicatedVideo/DedicatedSystem/SharedSystem, Outputs:0, VendorId:0x1414
[2020.08.25-07.46.45:991][  0]LogD3D11RHI: Chosen D3D11 Adapter: 0
[2020.08.25-07.46.45:998][  0]LogD3D11RHI: Creating new Direct3DDevice
[2020.08.25-07.46.45:998][  0]LogD3D11RHI:     GPU DeviceId: 0x8a52 (for the marketing name, search the web for "GPU Device Id")
[2020.08.25-07.46.45:998][  0]LogWindows: EnumDisplayDevices:
[2020.08.25-07.46.45:998][  0]LogWindows:    0. 'Intel(R) Iris(R) Plus Graphics' (P:0 D:0)
[2020.08.25-07.46.45:998][  0]LogWindows:    1. 'Intel(R) Iris(R) Plus Graphics' (P:1 D:1)
[2020.08.25-07.46.45:999][  0]LogWindows:    2. 'Intel(R) Iris(R) Plus Graphics' (P:0 D:0)
[2020.08.25-07.46.45:999][  0]LogWindows:    3. 'Intel(R) Iris(R) Plus Graphics' (P:0 D:0)
[2020.08.25-07.46.45:999][  0]LogWindows:    4. 'Intel(R) Iris(R) Plus Graphics' (P:0 D:0)
[2020.08.25-07.46.45:999][  0]LogWindows:    5. 'Intel(R) Iris(R) Plus Graphics' (P:0 D:0)
[2020.08.25-07.46.46:000][  0]LogWindows:    6. 'Intel(R) Iris(R) Plus Graphics' (P:0 D:0)
[2020.08.25-07.46.46:000][  0]LogWindows:    7. 'Intel(R) Iris(R) Plus Graphics' (P:0 D:0)
[2020.08.25-07.46.46:000][  0]LogWindows: DebugString: FoundDriverCount:8 
[2020.08.25-07.46.46:000][  0]LogD3D11RHI:     Adapter Name: Intel(R) Iris(R) Plus Graphics
[2020.08.25-07.46.46:000][  0]LogD3D11RHI:   Driver Version: 26.20.100.7641 (internal:26.20.100.7641, unified:26.20.100.7641)
[2020.08.25-07.46.46:000][  0]LogD3D11RHI:      Driver Date: 12-21-2019
[2020.08.25-07.46.46:000][  0]LogRHI: Texture pool is 1523 MB (70% of 2176 MB)
[2020.08.25-07.46.46:164][  0]LogD3D11RHI: RHI does not have support for 64 bit atomics
[2020.08.25-07.46.46:164][  0]LogD3D11RHI: [IntelMetricsDiscovery] Started
[2020.08.25-07.46.46:164][  0]LogD3D11RHI: Async texture creation enabled
[2020.08.25-07.46.46:164][  0]LogD3D11RHI: Array index from any shader is supported
[2020.08.25-07.46.46:170][  0]LogD3D11RHI: GPU Timing Frequency: 19.200000 (Debug: 2 0)
[2020.08.25-07.46.46:532][  0]LogTargetPlatformManager: Display: Loaded TargetPlatform 'AllDesktop'
[2020.08.25-07.46.46:553][  0]LogTargetPlatformManager: Display: Loaded TargetPlatform 'Android'
[2020.08.25-07.46.46:553][  0]LogTargetPlatformManager: Display: Loaded TargetPlatform 'Android_ASTC'
[2020.08.25-07.46.46:553][  0]LogTargetPlatformManager: Display: Loaded TargetPlatform 'Android_DXT'
[2020.08.25-07.46.46:553][  0]LogTargetPlatformManager: Display: Loaded TargetPlatform 'Android_ETC2'
[2020.08.25-07.46.46:553][  0]LogTargetPlatformManager: Display: Loaded TargetPlatform 'AndroidClient'
[2020.08.25-07.46.46:553][  0]LogTargetPlatformManager: Display: Loaded TargetPlatform 'Android_ASTCClient'
[2020.08.25-07.46.46:553][  0]LogTargetPlatformManager: Display: Loaded TargetPlatform 'Android_DXTClient'
[2020.08.25-07.46.46:553][  0]LogTargetPlatformManager: Display: Loaded TargetPlatform 'Android_ETC2Client'
[2020.08.25-07.46.46:553][  0]LogTargetPlatformManager: Display: Loaded TargetPlatform 'Android_Multi'
[2020.08.25-07.46.46:553][  0]LogTargetPlatformManager: Display: Loaded TargetPlatform 'Android_MultiClient'
[2020.08.25-07.46.46:582][  0]LogTargetPlatformManager: Display: Loaded TargetPlatform 'IOSClient'
[2020.08.25-07.46.46:582][  0]LogTargetPlatformManager: Display: Loaded TargetPlatform 'IOS'
[2020.08.25-07.46.46:595][  0]LogTargetPlatformManager: Display: Loaded TargetPlatform 'Linux'
[2020.08.25-07.46.46:606][  0]LogTargetPlatformManager: Display: Loaded TargetPlatform 'LinuxNoEditor'
[2020.08.25-07.46.46:616][  0]LogTargetPlatformManager: Display: Loaded TargetPlatform 'LinuxClient'
[2020.08.25-07.46.46:628][  0]LogTargetPlatformManager: Display: Loaded TargetPlatform 'LinuxServer'
[2020.08.25-07.46.46:639][  0]LogTargetPlatformManager: Display: Loaded TargetPlatform 'LinuxAArch64NoEditor'
[2020.08.25-07.46.46:649][  0]LogTargetPlatformManager: Display: Loaded TargetPlatform 'LinuxAArch64Client'
[2020.08.25-07.46.46:660][  0]LogTargetPlatformManager: Display: Loaded TargetPlatform 'LinuxAArch64Server'
[2020.08.25-07.46.46:687][  0]LogTargetPlatformManager: Display: Loaded TargetPlatform 'Lumin'
[2020.08.25-07.46.46:687][  0]LogTargetPlatformManager: Display: Loaded TargetPlatform 'LuminClient'
[2020.08.25-07.46.46:706][  0]LogTargetPlatformManager: Display: Loaded TargetPlatform 'TVOSClient'
[2020.08.25-07.46.46:707][  0]LogTargetPlatformManager: Display: Loaded TargetPlatform 'TVOS'
[2020.08.25-07.46.46:717][  0]LogTargetPlatformManager: Display: Loaded TargetPlatform 'WindowsNoEditor'
[2020.08.25-07.46.46:727][  0]LogTargetPlatformManager: Display: Loaded TargetPlatform 'Windows'
[2020.08.25-07.46.46:738][  0]LogTargetPlatformManager: Display: Loaded TargetPlatform 'WindowsClient'
[2020.08.25-07.46.46:748][  0]LogTargetPlatformManager: Display: Loaded TargetPlatform 'WindowsServer'
[2020.08.25-07.46.46:749][  0]LogTargetPlatformManager: Display: Building Assets For Windows
[2020.08.25-07.46.46:763][  0]LogAudioDebug: Display: Lib vorbis DLL was dynamically loaded.
[2020.08.25-07.46.46:859][  0]LogShaderCompilers: Guid format shader working directory is -63 characters bigger than the processId version (../../../../../../Users/micha/OneDrive/Documents/Documents/Documents/2020/COMP313/Project/Kris-Runs/KrisRuns/Intermediate/Shaders/WorkingDirectory/32500/).
[2020.08.25-07.46.46:859][  0]LogShaderCompilers: Cleaned the shader compiler working directory 'C:/Users/micha/AppData/Local/Temp/UnrealShaderWorkingDir/C8DA1CEE445A3E7B802B9BB29C930020/'.
[2020.08.25-07.46.46:859][  0]LogXGEController: Cleaning working directory: C:/Users/micha/AppData/Local/Temp/UnrealXGEWorkingDir/
[2020.08.25-07.46.46:859][  0]LogXGEController: Cannot use XGE Controller as Incredibuild is not installed on this machine.
[2020.08.25-07.46.46:860][  0]LogShaderCompilers: Cannot use XGE Shader Compiler as Incredibuild is not installed on this machine.
[2020.08.25-07.46.46:860][  0]LogShaderCompilers: Display: Using Local Shader Compiler.
[2020.08.25-07.46.47:551][  0]LogDerivedDataCache: Display: Max Cache Size: 512 MB
[2020.08.25-07.46.47:595][  0]LogDerivedDataCache: Loaded boot cache 0.04s 76MB C:/Users/micha/AppData/Local/UnrealEngine/4.25/DerivedDataCache/Boot.ddc.
[2020.08.25-07.46.47:595][  0]LogDerivedDataCache: Display: Loaded Boot cache: C:/Users/micha/AppData/Local/UnrealEngine/4.25/DerivedDataCache/Boot.ddc
[2020.08.25-07.46.47:595][  0]LogDerivedDataCache: FDerivedDataBackendGraph:  Pak pak cache file ../../../../../../Users/micha/OneDrive/Documents/Documents/Documents/2020/COMP313/Project/Kris-Runs/KrisRuns/DerivedDataCache/DDC.ddp not found, will not use a pak cache.
[2020.08.25-07.46.47:595][  0]LogDerivedDataCache: Unable to find inner node Pak for hierarchical cache Hierarchy.
[2020.08.25-07.46.47:595][  0]LogDerivedDataCache: FDerivedDataBackendGraph:  CompressedPak pak cache file ../../../../../../Users/micha/OneDrive/Documents/Documents/Documents/2020/COMP313/Project/Kris-Runs/KrisRuns/DerivedDataCache/Compressed.ddp not found, will not use a pak cache.
[2020.08.25-07.46.47:595][  0]LogDerivedDataCache: Unable to find inner node CompressedPak for hierarchical cache Hierarchy.
[2020.08.25-07.46.47:604][  0]LogDerivedDataCache: Display: Pak cache opened for reading ../../../Engine/DerivedDataCache/Compressed.ddp.
[2020.08.25-07.46.47:604][  0]LogDerivedDataCache: FDerivedDataBackendGraph:  EnterprisePak pak cache file ../../../Enterprise/DerivedDataCache/Compressed.ddp not found, will not use a pak cache.
[2020.08.25-07.46.47:604][  0]LogDerivedDataCache: Unable to find inner node EnterprisePak for hierarchical cache Hierarchy.
[2020.08.25-07.46.47:607][  0]LogDerivedDataCache: Using Local data cache path C:/Users/micha/AppData/Local/UnrealEngine/Common/DerivedDataCache: Writable
[2020.08.25-07.46.47:607][  0]LogDerivedDataCache: Shared data cache path not found in *engine.ini, will not use an Shared cache.
[2020.08.25-07.46.47:607][  0]LogDerivedDataCache: Unable to find inner node Shared for hierarchical cache Hierarchy.
[2020.08.25-07.46.47:657][  0]LogSlate: Using FreeType 2.10.0
[2020.08.25-07.46.47:657][  0]LogSlate: SlateFontServices - WITH_FREETYPE: 1, WITH_HARFBUZZ: 1
[2020.08.25-07.46.47:682][  0]LogAssetRegistry: FAssetRegistry took 0.0025 seconds to start up
[2020.08.25-07.46.47:890][  0]LogInit: Selected Device Profile: [Windows]
[2020.08.25-07.46.48:019][  0]LogMeshReduction: Using QuadricMeshReduction for automatic static mesh reduction
[2020.08.25-07.46.48:019][  0]LogMeshReduction: Using SimplygonMeshReduction for automatic skeletal mesh reduction
[2020.08.25-07.46.48:019][  0]LogMeshReduction: Using ProxyLODMeshReduction for automatic mesh merging
[2020.08.25-07.46.48:019][  0]LogMeshReduction: No distributed automatic mesh merging module available
[2020.08.25-07.46.48:019][  0]LogMeshMerging: No distributed automatic mesh merging module available
[2020.08.25-07.46.48:035][  0]LogNetVersion: KrisRuns 1.0.0, NetCL: 13144385, EngineNetVer: 14, GameNetVer: 0 (Checksum: 1266363376)
[2020.08.25-07.46.48:415][  0]LogAISub: UAISubsystem::UAISubsystem AISubsystem (00000169F8D84340), frame # 0
[2020.08.25-07.46.48:415][  0]LogAISub: UAISubsystem::UAISubsystem AIPerceptionSystem (00000169F8CBD080), frame # 0
[2020.08.25-07.46.48:416][  0]LogAISub: UAISubsystem::UAISubsystem EnvQueryManager (00000169F8D0A600), frame # 0
[2020.08.25-07.46.48:483][  0]LogPackageLocalizationCache: Processed 19 localized package path(s) for 1 prioritized culture(s) in 0.062056 seconds
[2020.08.25-07.46.48:487][  0]LogUObjectArray: 15917 objects as part of root set at end of initial load.
[2020.08.25-07.46.48:487][  0]LogUObjectAllocator: 3965568 out of 0 bytes used by permanent object pool.
[2020.08.25-07.46.48:487][  0]LogUObjectArray: CloseDisregardForGC: 0/0 objects in disregard for GC pool
[2020.08.25-07.46.48:953][  0]LogTcpMessaging: Initializing TcpMessaging bridge
[2020.08.25-07.46.48:959][  0]LogUdpMessaging: Initializing bridge on interface 0.0.0.0:0 to multicast group 230.0.0.1:6666.
[2020.08.25-07.46.49:079][  0]SourceControl: Source control is disabled
[2020.08.25-07.46.49:079][  0]SourceControl: Source control is disabled
[2020.08.25-07.46.49:084][  0]SourceControl: Source control is disabled
[2020.08.25-07.46.49:088][  0]SourceControl: Source control is disabled
[2020.08.25-07.46.49:099][  0]SourceControl: Source control is disabled
[2020.08.25-07.46.49:441][  0]LogAndroidPermission: UAndroidPermissionCallbackProxy::GetInstance
[2020.08.25-07.46.49:471][  0]LogAudioCaptureCore: Display: No Audio Capture implementations found. Audio input will be silent.
[2020.08.25-07.46.49:471][  0]LogAudioCaptureCore: Display: No Audio Capture implementations found. Audio input will be silent.
[2020.08.25-07.46.49:536][  0]LogOcInput: OculusInput pre-init called
[2020.08.25-07.46.49:550][  0]LogWindows: Failed to load 'OVRPlugin.dll' (GetLastError=126)
[2020.08.25-07.46.49:550][  0]LogWindows: File 'OVRPlugin.dll' does not exist
[2020.08.25-07.46.49:620][  0]LogEngine: Initializing Engine...
[2020.08.25-07.46.49:621][  0]LogHMD: Failed to initialize OpenVR with code 110
[2020.08.25-07.46.49:621][  0]LogMagicLeap: Warning: VR disabled because ZI is not enabled.  To enable, in the editor, Edit -> Project Settings -> Plugins -> Magic Leap Plugin -> Enable Zero Iteration
[2020.08.25-07.46.49:622][  0]LogStats: UGameplayTagsManager::InitializeManager -  0.000 s
[2020.08.25-07.46.49:728][  0]LogInit: Initializing FReadOnlyCVARCache
[2020.08.25-07.46.49:740][  0]LogAIModule: Creating AISystem for world Untitled
[2020.08.25-07.46.49:740][  0]LogAISub: UAISubsystem::UAISubsystem EnvQueryManager (00000169FAAB3C00), frame # 0
[2020.08.25-07.46.49:740][  0]LogAISub: UAISubsystem::UAISubsystem AIPerceptionSystem (00000169FAAE6C00), frame # 0
[2020.08.25-07.46.49:768][  0]LogAudioMixer: Display: Audio Mixer Platform Settings:
[2020.08.25-07.46.49:768][  0]LogAudioMixer: Display: 	Sample Rate:						  48000
[2020.08.25-07.46.49:768][  0]LogAudioMixer: Display: 	Callback Buffer Frame Size Requested: 1024
[2020.08.25-07.46.49:768][  0]LogAudioMixer: Display: 	Callback Buffer Frame Size To Use:	  1024
[2020.08.25-07.46.49:768][  0]LogAudioMixer: Display: 	Number of buffers to queue:			  2
[2020.08.25-07.46.49:768][  0]LogAudioMixer: Display: 	Max Channels (voices):				  32
[2020.08.25-07.46.49:768][  0]LogAudioMixer: Display: 	Number of Async Source Workers:		  0
[2020.08.25-07.46.49:768][  0]LogAudio: Display: AudioDevice MaxSources: 32
[2020.08.25-07.46.49:768][  0]LogAudio: Display: Using built-in audio occlusion.
[2020.08.25-07.46.49:768][  0]LogAudioMixer: Display: Initializing audio mixer.
[2020.08.25-07.46.49:790][  0]LogAudioMixer: Display: 0: FrontLeft
[2020.08.25-07.46.49:790][  0]LogAudioMixer: Display: 1: FrontRight
[2020.08.25-07.46.49:839][  0]LogAudioMixer: Display: Using Audio Device Speakers (Surface Dock)
[2020.08.25-07.46.49:843][  0]LogAudioMixer: Display: Initializing Sound Submixes...
[2020.08.25-07.46.49:845][  0]LogAudioMixer: Display: Creating Master Submix 'MasterSubmixDefault'
[2020.08.25-07.46.49:845][  0]LogAudioMixer: Display: Creating Master Submix 'MasterReverbSubmixDefault'
[2020.08.25-07.46.49:846][  0]LogAudioMixer: Display: Creating Master Submix 'MasterEQSubmixDefault'
[2020.08.25-07.46.49:847][  0]LogInit: FAudioDevice initialized.
[2020.08.25-07.46.49:847][  0]LogNetVersion: Set ProjectVersion to 1.0.0.0. Version Checksum will be recalculated on next use.
[2020.08.25-07.46.49:894][  0]LogDerivedDataCache: Saved boot cache 0.05s 76MB C:/Users/micha/AppData/Local/UnrealEngine/4.25/DerivedDataCache/Boot.ddc.
[2020.08.25-07.46.49:894][  0]LogInit: Texture streaming: Enabled
[2020.08.25-07.46.49:917][  0]LogEngineSessionManager: EngineSessionManager initialized
[2020.08.25-07.46.49:917][  0]LogEditorSessionSummary: Verbose: Initializing EditorSessionSummaryWriter for editor session tracking
[2020.08.25-07.46.49:921][  0]LogEditorSessionSummary: EditorSessionSummaryWriter initialized
[2020.08.25-07.46.49:988][  0]LogInit: Transaction tracking system initialized
[2020.08.25-07.46.50:021][  0]BlueprintLog: New page: Editor Load
[2020.08.25-07.46.50:118][  0]LocalizationService: Localization service is disabled
[2020.08.25-07.46.50:307][  0]LogCook: Display: Max memory allowance for cook 16384mb min free memory 0mb
[2020.08.25-07.46.50:307][  0]LogCook: Display: Mobile HDR setting 1
[2020.08.25-07.46.50:407][  0]LogFileCache: Scanning file cache for directory 'C:/Users/micha/OneDrive/Documents/Documents/Documents/2020/COMP313/Project/Kris-Runs/KrisRuns/Content/' took 0.01s
[2020.08.25-07.46.50:679][  0]SourceControl: Source control is disabled
[2020.08.25-07.46.50:679][  0]LogUnrealEdMisc: Loading editor; pre map load, took 7.250
[2020.08.25-07.46.50:680][  0]LightingResults: New page: Lighting Build
[2020.08.25-07.46.50:680][  0]LogWorld: UWorld::CleanupWorld for Untitled, bSessionEnded=true, bCleanupResources=true
[2020.08.25-07.46.50:681][  0]LogSlate: InvalidateAllWidgets triggered.  All widgets were invalidated
[2020.08.25-07.46.50:681][  0]MapCheck: New page: Map Check
[2020.08.25-07.46.50:681][  0]LightingResults: New page: Lighting Build
[2020.08.25-07.46.50:690][  0]LogAISub: UAISubsystem::~UAISubsystem EnvQueryManager (00000169FAAB3C00), frame # 0
[2020.08.25-07.46.50:690][  0]LogAISub: UAISubsystem::~UAISubsystem AIPerceptionSystem (00000169FAAE6C00), frame # 0
[2020.08.25-07.46.50:691][  0]LogUObjectHash: Compacting FUObjectHashTables data took   0.65ms
[2020.08.25-07.46.50:910][  0]LogAIModule: Creating AISystem for world ThirdPersonExampleMap
[2020.08.25-07.46.50:910][  0]LogAISub: UAISubsystem::UAISubsystem EnvQueryManager (0000016986F57E00), frame # 0
[2020.08.25-07.46.50:910][  0]LogAISub: UAISubsystem::UAISubsystem AIPerceptionSystem (0000016986FD8E00), frame # 0
[2020.08.25-07.46.50:918][  0]LogEditorServer: Finished looking for orphan Actors (0.000 secs)
[2020.08.25-07.46.50:940][  0]LogUObjectHash: Compacting FUObjectHashTables data took   1.01ms
[2020.08.25-07.46.50:940][  0]Cmd: MAP CHECKDEP NOCLEARLOG
[2020.08.25-07.46.50:941][  0]MapCheck: Map check complete: 0 Error(s), 0 Warning(s), took 0.327ms to complete.
[2020.08.25-07.46.50:941][  0]LogFileHelpers: Loading map 'ThirdPersonExampleMap' took 0.261
[2020.08.25-07.46.50:943][  0]LogUnrealEdMisc: Total Editor Startup Time, took 7.513
[2020.08.25-07.46.51:082][  0]LogSlate: Updating window title bar state: overlay mode, drag disabled, window buttons hidden, title bar hidden
[2020.08.25-07.46.51:088][  0]LogSlate: Updating window title bar state: overlay mode, drag disabled, window buttons hidden, title bar hidden
[2020.08.25-07.46.51:093][  0]LogSlate: Updating window title bar state: overlay mode, drag disabled, window buttons hidden, title bar hidden
[2020.08.25-07.46.51:099][  0]LogSlate: Updating window title bar state: overlay mode, drag disabled, window buttons hidden, title bar hidden
[2020.08.25-07.46.51:109][  0]LogCollectionManager: Loaded 0 collections in 0.002476 seconds
[2020.08.25-07.46.51:120][  0]LogFileCache: Scanning file cache for directory 'C:/Users/micha/OneDrive/Documents/Documents/Documents/2020/COMP313/Project/Kris-Runs/KrisRuns/Saved/Collections/' took 0.00s
[2020.08.25-07.46.51:121][  0]LogFileCache: Scanning file cache for directory 'C:/Users/micha/OneDrive/Documents/Documents/Documents/2020/COMP313/Project/Kris-Runs/KrisRuns/Content/Developers/micha/Collections/' took 0.00s
[2020.08.25-07.46.51:121][  0]LogFileCache: Scanning file cache for directory 'C:/Users/micha/OneDrive/Documents/Documents/Documents/2020/COMP313/Project/Kris-Runs/KrisRuns/Content/Collections/' took 0.00s
[2020.08.25-07.46.51:121][  0]LogContentBrowser: Native class hierarchy populated in 0.0081 seconds. Added 3427 classes and 821 folders.
[2020.08.25-07.46.51:123][  0]LogContentBrowser: Native class hierarchy updated for 'WidgetCarousel' in 0.0002 seconds. Added 0 classes and 0 folders.
[2020.08.25-07.46.51:177][  0]LogContentBrowser: Native class hierarchy updated for 'AddContentDialog' in 0.0003 seconds. Added 0 classes and 0 folders.
[2020.08.25-07.46.51:178][  0]LogContentBrowser: Native class hierarchy updated for 'SceneOutliner' in 0.0003 seconds. Added 2 classes and 0 folders.
[2020.08.25-07.46.51:214][  0]LogSlate: Took 0.000179 seconds to synchronously load lazily loaded font '../../../Engine/Content/Slate/Fonts/Roboto-Regular.ttf' (155K)
[2020.08.25-07.46.51:219][  0]LogSlate: Took 0.000282 seconds to synchronously load lazily loaded font '../../../Engine/Content/Slate/Fonts/Roboto-Bold.ttf' (160K)
[2020.08.25-07.46.51:221][  0]LogSlate: Took 0.000172 seconds to synchronously load lazily loaded font '../../../Engine/Content/Editor/Slate/Fonts/FontAwesome.ttf' (139K)
[2020.08.25-07.46.51:279][  0]LogRenderer: Reallocating scene render targets to support 1252x412 Format 10 NumSamples 1 (Frame:1).
[2020.08.25-07.46.51:448][  0]LogContentBrowser: Native class hierarchy updated for 'HierarchicalLODOutliner' in 0.0004 seconds. Added 0 classes and 0 folders.
[2020.08.25-07.46.51:448][  0]LogLoad: (Engine Initialization) Total time: 8.02 seconds
[2020.08.25-07.46.51:448][  0]LogLoad: (Engine Initialization) Total Blueprint compile time: 0.00 seconds
[2020.08.25-07.46.51:495][  0]LogAssetRegistry: Asset discovery search completed in 3.8135 seconds
[2020.08.25-07.46.51:498][  0]LogCollectionManager: Fixed up redirectors for 0 collections in 0.000002 seconds (updated 0 objects)
[2020.08.25-07.46.51:499][  0]LogContentStreaming: Texture pool size now 1000 MB
[2020.08.25-07.46.51:511][  0]LogSlate: Took 0.000132 seconds to synchronously load lazily loaded font '../../../Engine/Content/Slate/Fonts/Roboto-Light.ttf' (167K)
[2020.08.25-07.46.52:818][  4]LogSlate: Took 0.000401 seconds to synchronously load lazily loaded font '../../../Engine/Content/Slate/Fonts/Roboto-Light.ttf' (167K)
[2020.08.25-07.46.54:680][ 44]LogAssetEditorSubsystem: Opening Asset editor for Blueprint /Game/ThirdPersonBP/Blueprints/item2.item2
[2020.08.25-07.46.54:923][ 44]LogContentBrowser: Native class hierarchy updated for 'BlueprintGraph' in 0.0005 seconds. Added 125 classes and 0 folders.
[2020.08.25-07.46.55:691][ 44]LogSlate: Took 0.000245 seconds to synchronously load lazily loaded font '../../../Engine/Content/Slate/Fonts/Roboto-BoldCondensed.ttf' (158K)
[2020.08.25-07.46.55:735][ 45]LogSlate: Took 0.000272 seconds to synchronously load lazily loaded font '../../../Engine/Content/Slate/Fonts/Roboto-Italic.ttf' (157K)
[2020.08.25-07.47.16:463][115]BlueprintLog: New page: Compile item2
[2020.08.25-07.47.16:516][115]LogUObjectHash: Compacting FUObjectHashTables data took   2.35ms
[2020.08.25-07.47.16:579][115]LogSlate: Took 0.000260 seconds to synchronously load lazily loaded font '../../../Engine/Content/Slate/Fonts/DroidSansMono.ttf' (77K)
[2020.08.25-07.47.18:547][218]LogTemp: Repeating last play command: Selected Viewport
[2020.08.25-07.47.18:563][218]LogPlayLevel: PlayLevel: No blueprints needed recompiling
[2020.08.25-07.47.18:563][218]PIE: New page: PIE session: ThirdPersonExampleMap (26/08/2020, 7:47:18 am)
[2020.08.25-07.47.18:565][218]LogOnline: OSS: Creating online subsystem instance for: NULL
[2020.08.25-07.47.18:567][218]LogOnline: OSS: TryLoadSubsystemAndSetDefault: Loaded subsystem for module [NULL]
[2020.08.25-07.47.18:567][218]LogPlayLevel: Creating play world package: /Game/ThirdPersonBP/Maps/UEDPIE_0_ThirdPersonExampleMap
[2020.08.25-07.47.18:582][218]LogPlayLevel: PIE: StaticDuplicateObject took: (0.014964s)
[2020.08.25-07.47.18:583][218]LogAIModule: Creating AISystem for world ThirdPersonExampleMap
[2020.08.25-07.47.18:583][218]LogAISub: UAISubsystem::UAISubsystem EnvQueryManager (0000016A0A501600), frame # 1218
[2020.08.25-07.47.18:583][218]LogAISub: UAISubsystem::UAISubsystem AIPerceptionSystem (0000016A0D8B6700), frame # 1218
[2020.08.25-07.47.18:583][218]LogPlayLevel: PIE: World Init took: (0.001190s)
[2020.08.25-07.47.18:583][218]LogPlayLevel: PIE: Created PIE world by copying editor world from /Game/ThirdPersonBP/Maps/ThirdPersonExampleMap.ThirdPersonExampleMap to /Game/ThirdPersonBP/Maps/UEDPIE_0_ThirdPersonExampleMap.ThirdPersonExampleMap (0.016333s)
[2020.08.25-07.47.18:608][218]LogUObjectHash: Compacting FUObjectHashTables data took   2.17ms
[2020.08.25-07.47.18:609][218]LogAudioMixer: Display: Audio Mixer Platform Settings:
[2020.08.25-07.47.18:609][218]LogAudioMixer: Display: 	Sample Rate:						  48000
[2020.08.25-07.47.18:609][218]LogAudioMixer: Display: 	Callback Buffer Frame Size Requested: 1024
[2020.08.25-07.47.18:609][218]LogAudioMixer: Display: 	Callback Buffer Frame Size To Use:	  1024
[2020.08.25-07.47.18:609][218]LogAudioMixer: Display: 	Number of buffers to queue:			  2
[2020.08.25-07.47.18:609][218]LogAudioMixer: Display: 	Max Channels (voices):				  32
[2020.08.25-07.47.18:609][218]LogAudioMixer: Display: 	Number of Async Source Workers:		  0
[2020.08.25-07.47.18:609][218]LogAudio: Display: AudioDevice MaxSources: 32
[2020.08.25-07.47.18:610][218]LogAudio: Display: Using built-in audio occlusion.
[2020.08.25-07.47.18:610][218]LogAudioMixer: Display: Initializing audio mixer.
[2020.08.25-07.47.18:615][218]LogAudioMixer: Display: 0: FrontLeft
[2020.08.25-07.47.18:615][218]LogAudioMixer: Display: 1: FrontRight
[2020.08.25-07.47.18:636][218]LogAudioMixer: Display: Using Audio Device Speakers (Surface Dock)
[2020.08.25-07.47.18:636][218]LogAudioMixer: Display: Initializing Sound Submixes...
[2020.08.25-07.47.18:636][218]LogAudioMixer: Display: Creating Master Submix 'MasterSubmixDefault'
[2020.08.25-07.47.18:636][218]LogAudioMixer: Display: Creating Master Submix 'MasterReverbSubmixDefault'
[2020.08.25-07.47.18:637][218]LogAudioMixer: Display: Creating Master Submix 'MasterEQSubmixDefault'
[2020.08.25-07.47.18:649][218]LogInit: FAudioDevice initialized.
[2020.08.25-07.47.18:662][218]LogLoad: Game class is 'ThirdPersonGameMode_C'
[2020.08.25-07.47.18:665][218]LogWorld: Bringing World /Game/ThirdPersonBP/Maps/UEDPIE_0_ThirdPersonExampleMap.ThirdPersonExampleMap up for play (max tick rate 60) at 2020.08.25-19.47.18
[2020.08.25-07.47.18:665][218]LogWorld: Bringing up level for play took: 0.001856
[2020.08.25-07.47.18:665][218]LogOnline: OSS: Creating online subsystem instance for: :Context_7
[2020.08.25-07.47.18:670][218]LogContentBrowser: Native class hierarchy updated for 'MovieSceneCapture' in 0.0003 seconds. Added 20 classes and 0 folders.
[2020.08.25-07.47.18:671][218]PIE: Server logged in
[2020.08.25-07.47.18:673][218]PIE: Play in editor total start time 0.112 seconds.
[2020.08.25-07.47.26:461][658]LogSlate: Updating window title bar state: overlay mode, drag disabled, window buttons hidden, title bar hidden
[2020.08.25-07.47.26:461][658]LogWorld: BeginTearingDown for /Game/ThirdPersonBP/Maps/UEDPIE_0_ThirdPersonExampleMap
[2020.08.25-07.47.26:462][658]LogWorld: UWorld::CleanupWorld for ThirdPersonExampleMap, bSessionEnded=true, bCleanupResources=true
[2020.08.25-07.47.26:462][658]LogSlate: InvalidateAllWidgets triggered.  All widgets were invalidated
[2020.08.25-07.47.26:470][658]LogPlayLevel: Display: Shutting down PIE online subsystems
[2020.08.25-07.47.26:473][658]LogSlate: InvalidateAllWidgets triggered.  All widgets were invalidated
[2020.08.25-07.47.26:521][658]LogSlate: Updating window title bar state: overlay mode, drag disabled, window buttons hidden, title bar hidden
[2020.08.25-07.47.26:522][658]LogAISub: UAISubsystem::~UAISubsystem AIPerceptionSystem (0000016A0D8B6700), frame # 1658
[2020.08.25-07.47.26:522][658]LogAISub: UAISubsystem::~UAISubsystem EnvQueryManager (0000016A0A501600), frame # 1658
[2020.08.25-07.47.26:539][658]LogUObjectHash: Compacting FUObjectHashTables data took   3.35ms
[2020.08.25-07.47.26:568][659]LogPlayLevel: Display: Destroying online subsystem :Context_7
[2020.08.25-07.47.32:131][972]LogEditorViewport: Clicking on Actor (LMB): item_C (item2)
[2020.08.25-07.47.32:770][  4]Cmd: DELETE
[2020.08.25-07.47.32:770][  4]Cmd: ACTOR DELETE
[2020.08.25-07.47.32:778][  4]LogEditorActor: Deleted Actor: item_C
[2020.08.25-07.47.32:814][  4]LogUObjectHash: Compacting FUObjectHashTables data took   3.07ms
[2020.08.25-07.47.32:817][  4]LogEditorActor: Deleted 1 Actors (0.042 secs)
[2020.08.25-07.47.37:005][104]LogUObjectHash: Compacting FUObjectHashTables data took   5.02ms
[2020.08.25-07.47.40:921][104]LogSlate: Window 'Delete Assets' being destroyed
[2020.08.25-07.47.42:107][104]LogUObjectGlobals: Force Deleting 1 Package(s):
	Asset Name: /Game/ThirdPersonBP/Blueprints/item.item
[2020.08.25-07.47.42:544][104]LogUObjectHash: Compacting FUObjectHashTables data took   1.88ms
[2020.08.25-07.47.42:750][104]LogUObjectHash: Compacting FUObjectHashTables data took   1.52ms
[2020.08.25-07.47.42:771][104]LogUObjectHash: Compacting FUObjectHashTables data took   1.42ms
[2020.08.25-07.47.42:789][104]LogUObjectHash: Compacting FUObjectHashTables data took   0.45ms
[2020.08.25-07.47.47:918][326]LogUObjectHash: Compacting FUObjectHashTables data took   2.91ms
[2020.08.25-07.47.47:935][326]LogMetaData: Removing '/Game/ThirdPersonBP/Blueprints/item.item:UserConstructionScript.K2Node_FunctionEntry_0' ref from Metadata '/Game/ThirdPersonBP/Blueprints/item2.PackageMetaData'
[2020.08.25-07.47.47:935][326]LogMetaData: Removing '/Game/ThirdPersonBP/Blueprints/item.item_C' ref from Metadata '/Game/ThirdPersonBP/Blueprints/item2.PackageMetaData'
[2020.08.25-07.47.47:935][326]LogMetaData: Removing '/Game/ThirdPersonBP/Blueprints/item.item:EventGraph.K2Node_Event_0' ref from Metadata '/Game/ThirdPersonBP/Blueprints/item2.PackageMetaData'
[2020.08.25-07.47.47:935][326]LogMetaData: Removing '/Game/ThirdPersonBP/Blueprints/item.item:EventGraph.K2Node_Event_1' ref from Metadata '/Game/ThirdPersonBP/Blueprints/item2.PackageMetaData'
[2020.08.25-07.47.47:935][326]LogMetaData: Removing '/Game/ThirdPersonBP/Blueprints/item.item:EventGraph.K2Node_Event_2' ref from Metadata '/Game/ThirdPersonBP/Blueprints/item2.PackageMetaData'
[2020.08.25-07.47.47:935][326]LogMetaData: Removing '/Game/ThirdPersonBP/Blueprints/item.SKEL_item_C' ref from Metadata '/Game/ThirdPersonBP/Blueprints/item2.PackageMetaData'
[2020.08.25-07.47.48:046][326]LogSavePackage: Moving '../../../../../../Users/micha/OneDrive/Documents/Documents/Documents/2020/COMP313/Project/Kris-Runs/KrisRuns/Saved/itemC2A1B8F746F841B3DA4D9E9A7445D2C5.tmp' to '../../../../../../Users/micha/OneDrive/Documents/Documents/Documents/2020/COMP313/Project/Kris-Runs/KrisRuns/Content/ThirdPersonBP/Blueprints/item.uasset'
[2020.08.25-07.47.48:059][326]LogSavePackage: Moving '../../../../../../Users/micha/OneDrive/Documents/Documents/Documents/2020/COMP313/Project/Kris-Runs/KrisRuns/Saved/item29EBCE6E24FA9CE355859218B62F825D2.tmp' to '../../../../../../Users/micha/OneDrive/Documents/Documents/Documents/2020/COMP313/Project/Kris-Runs/KrisRuns/Content/ThirdPersonBP/Blueprints/item2.uasset'
[2020.08.25-07.47.48:125][326]AssetCheck: New page: Asset Save: multiple assets
[2020.08.25-07.47.48:125][326]LogContentValidation: Display: Validating Blueprint /Game/ThirdPersonBP/Blueprints/item.item
[2020.08.25-07.47.48:125][326]LogContentValidation: Display: Validating ObjectRedirector /Game/ThirdPersonBP/Blueprints/item2.item2
[2020.08.25-07.47.48:125][326]LogContentValidation: Display: Validating ObjectRedirector /Game/ThirdPersonBP/Blueprints/item2.item2_C
[2020.08.25-07.47.49:268][389]LogEditorViewport: Clicking on Actor (LMB): item_C (item3)
[2020.08.25-07.47.52:649][569]Cmd: DELETE
[2020.08.25-07.47.52:649][569]Cmd: ACTOR DELETE
[2020.08.25-07.47.52:651][569]LogEditorActor: Deleted Actor: item_C
[2020.08.25-07.47.52:689][569]LogUObjectHash: Compacting FUObjectHashTables data took   3.06ms
[2020.08.25-07.47.52:692][569]LogEditorActor: Deleted 1 Actors (0.043 secs)
[2020.08.25-07.48.02:431][ 67]LogTemp: Repeating last play command: Selected Viewport
[2020.08.25-07.48.02:453][ 67]LogPlayLevel: PlayLevel: No blueprints needed recompiling
[2020.08.25-07.48.02:454][ 67]PIE: New page: PIE session: ThirdPersonExampleMap (26/08/2020, 7:48:02 am)
[2020.08.25-07.48.02:454][ 67]LogPlayLevel: Creating play world package: /Game/ThirdPersonBP/Maps/UEDPIE_0_ThirdPersonExampleMap
[2020.08.25-07.48.02:469][ 67]LogPlayLevel: PIE: StaticDuplicateObject took: (0.015532s)
[2020.08.25-07.48.02:471][ 67]LogAIModule: Creating AISystem for world ThirdPersonExampleMap
[2020.08.25-07.48.02:471][ 67]LogAISub: UAISubsystem::UAISubsystem EnvQueryManager (0000016A0D40E200), frame # 3067
[2020.08.25-07.48.02:471][ 67]LogAISub: UAISubsystem::UAISubsystem AIPerceptionSystem (0000016A2A00B880), frame # 3067
[2020.08.25-07.48.02:471][ 67]LogPlayLevel: PIE: World Init took: (0.001502s)
[2020.08.25-07.48.02:471][ 67]LogPlayLevel: PIE: Created PIE world by copying editor world from /Game/ThirdPersonBP/Maps/ThirdPersonExampleMap.ThirdPersonExampleMap to /Game/ThirdPersonBP/Maps/UEDPIE_0_ThirdPersonExampleMap.ThirdPersonExampleMap (0.017239s)
[2020.08.25-07.48.02:504][ 67]LogUObjectHash: Compacting FUObjectHashTables data took   2.73ms
[2020.08.25-07.48.02:506][ 67]LogAudioMixer: Display: Audio Mixer Platform Settings:
[2020.08.25-07.48.02:506][ 67]LogAudioMixer: Display: 	Sample Rate:						  48000
[2020.08.25-07.48.02:506][ 67]LogAudioMixer: Display: 	Callback Buffer Frame Size Requested: 1024
[2020.08.25-07.48.02:506][ 67]LogAudioMixer: Display: 	Callback Buffer Frame Size To Use:	  1024
[2020.08.25-07.48.02:506][ 67]LogAudioMixer: Display: 	Number of buffers to queue:			  2
[2020.08.25-07.48.02:506][ 67]LogAudioMixer: Display: 	Max Channels (voices):				  32
[2020.08.25-07.48.02:506][ 67]LogAudioMixer: Display: 	Number of Async Source Workers:		  0
[2020.08.25-07.48.02:506][ 67]LogAudio: Display: AudioDevice MaxSources: 32
[2020.08.25-07.48.02:508][ 67]LogAudio: Display: Using built-in audio occlusion.
[2020.08.25-07.48.02:508][ 67]LogAudioMixer: Display: Initializing audio mixer.
[2020.08.25-07.48.02:512][ 67]LogAudioMixer: Display: 0: FrontLeft
[2020.08.25-07.48.02:512][ 67]LogAudioMixer: Display: 1: FrontRight
[2020.08.25-07.48.02:535][ 67]LogAudioMixer: Display: Using Audio Device Speakers (Surface Dock)
[2020.08.25-07.48.02:536][ 67]LogAudioMixer: Display: Initializing Sound Submixes...
[2020.08.25-07.48.02:536][ 67]LogAudioMixer: Display: Creating Master Submix 'MasterSubmixDefault'
[2020.08.25-07.48.02:536][ 67]LogAudioMixer: Display: Creating Master Submix 'MasterReverbSubmixDefault'
[2020.08.25-07.48.02:536][ 67]LogAudioMixer: Display: Creating Master Submix 'MasterEQSubmixDefault'
[2020.08.25-07.48.02:549][ 67]LogInit: FAudioDevice initialized.
[2020.08.25-07.48.02:555][ 67]LogLoad: Game class is 'ThirdPersonGameMode_C'
[2020.08.25-07.48.02:558][ 67]LogWorld: Bringing World /Game/ThirdPersonBP/Maps/UEDPIE_0_ThirdPersonExampleMap.ThirdPersonExampleMap up for play (max tick rate 60) at 2020.08.25-19.48.02
[2020.08.25-07.48.02:558][ 67]LogWorld: Bringing up level for play took: 0.001899
[2020.08.25-07.48.02:558][ 67]LogOnline: OSS: Creating online subsystem instance for: :Context_8
[2020.08.25-07.48.02:561][ 67]PIE: Server logged in
[2020.08.25-07.48.02:562][ 67]PIE: Play in editor total start time 0.116 seconds.
[2020.08.25-07.48.31:591][800]LogSlate: Updating window title bar state: overlay mode, drag disabled, window buttons hidden, title bar hidden
[2020.08.25-07.48.31:591][800]LogWorld: BeginTearingDown for /Game/ThirdPersonBP/Maps/UEDPIE_0_ThirdPersonExampleMap
[2020.08.25-07.48.31:592][800]LogWorld: UWorld::CleanupWorld for ThirdPersonExampleMap, bSessionEnded=true, bCleanupResources=true
[2020.08.25-07.48.31:592][800]LogSlate: InvalidateAllWidgets triggered.  All widgets were invalidated
[2020.08.25-07.48.31:606][800]LogPlayLevel: Display: Shutting down PIE online subsystems
[2020.08.25-07.48.31:611][800]LogSlate: InvalidateAllWidgets triggered.  All widgets were invalidated
[2020.08.25-07.48.31:662][800]LogSlate: Updating window title bar state: overlay mode, drag disabled, window buttons hidden, title bar hidden
[2020.08.25-07.48.31:663][800]LogAISub: UAISubsystem::~UAISubsystem AIPerceptionSystem (0000016A2A00B880), frame # 4800
[2020.08.25-07.48.31:663][800]LogAISub: UAISubsystem::~UAISubsystem EnvQueryManager (0000016A0D40E200), frame # 4800
[2020.08.25-07.48.31:666][800]LogUObjectHash: Compacting FUObjectHashTables data took   2.40ms
[2020.08.25-07.48.31:700][801]LogPlayLevel: Display: Destroying online subsystem :Context_8
[2020.08.25-07.50.11:290][940]LogTemp: Repeating last play command: Selected Viewport
[2020.08.25-07.50.11:301][940]LogPlayLevel: PlayLevel: No blueprints needed recompiling
[2020.08.25-07.50.11:301][940]PIE: New page: PIE session: ThirdPersonExampleMap (26/08/2020, 7:50:11 am)
[2020.08.25-07.50.11:301][940]LogPlayLevel: Creating play world package: /Game/ThirdPersonBP/Maps/UEDPIE_0_ThirdPersonExampleMap
[2020.08.25-07.50.11:310][940]LogPlayLevel: PIE: StaticDuplicateObject took: (0.009697s)
[2020.08.25-07.50.11:312][940]LogAIModule: Creating AISystem for world ThirdPersonExampleMap
[2020.08.25-07.50.11:312][940]LogAISub: UAISubsystem::UAISubsystem EnvQueryManager (0000016A17035C00), frame # 5940
[2020.08.25-07.50.11:312][940]LogAISub: UAISubsystem::UAISubsystem AIPerceptionSystem (0000016A2A019F80), frame # 5940
[2020.08.25-07.50.11:312][940]LogPlayLevel: PIE: World Init took: (0.001149s)
[2020.08.25-07.50.11:312][940]LogPlayLevel: PIE: Created PIE world by copying editor world from /Game/ThirdPersonBP/Maps/ThirdPersonExampleMap.ThirdPersonExampleMap to /Game/ThirdPersonBP/Maps/UEDPIE_0_ThirdPersonExampleMap.ThirdPersonExampleMap (0.010993s)
[2020.08.25-07.50.11:336][940]LogUObjectHash: Compacting FUObjectHashTables data took   1.78ms
[2020.08.25-07.50.11:338][940]LogAudioMixer: Display: Audio Mixer Platform Settings:
[2020.08.25-07.50.11:338][940]LogAudioMixer: Display: 	Sample Rate:						  48000
[2020.08.25-07.50.11:338][940]LogAudioMixer: Display: 	Callback Buffer Frame Size Requested: 1024
[2020.08.25-07.50.11:338][940]LogAudioMixer: Display: 	Callback Buffer Frame Size To Use:	  1024
[2020.08.25-07.50.11:338][940]LogAudioMixer: Display: 	Number of buffers to queue:			  2
[2020.08.25-07.50.11:338][940]LogAudioMixer: Display: 	Max Channels (voices):				  32
[2020.08.25-07.50.11:338][940]LogAudioMixer: Display: 	Number of Async Source Workers:		  0
[2020.08.25-07.50.11:338][940]LogAudio: Display: AudioDevice MaxSources: 32
[2020.08.25-07.50.11:338][940]LogAudio: Display: Using built-in audio occlusion.
[2020.08.25-07.50.11:338][940]LogAudioMixer: Display: Initializing audio mixer.
[2020.08.25-07.50.11:344][940]LogAudioMixer: Display: 0: FrontLeft
[2020.08.25-07.50.11:344][940]LogAudioMixer: Display: 1: FrontRight
[2020.08.25-07.50.11:361][940]LogAudioMixer: Display: Using Audio Device Speakers (Surface Dock)
[2020.08.25-07.50.11:361][940]LogAudioMixer: Display: Initializing Sound Submixes...
[2020.08.25-07.50.11:361][940]LogAudioMixer: Display: Creating Master Submix 'MasterSubmixDefault'
[2020.08.25-07.50.11:361][940]LogAudioMixer: Display: Creating Master Submix 'MasterReverbSubmixDefault'
[2020.08.25-07.50.11:361][940]LogAudioMixer: Display: Creating Master Submix 'MasterEQSubmixDefault'
[2020.08.25-07.50.11:371][940]LogInit: FAudioDevice initialized.
[2020.08.25-07.50.11:376][940]LogLoad: Game class is 'ThirdPersonGameMode_C'
[2020.08.25-07.50.11:377][940]LogWorld: Bringing World /Game/ThirdPersonBP/Maps/UEDPIE_0_ThirdPersonExampleMap.ThirdPersonExampleMap up for play (max tick rate 60) at 2020.08.25-19.50.11
[2020.08.25-07.50.11:377][940]LogWorld: Bringing up level for play took: 0.001315
[2020.08.25-07.50.11:377][940]LogOnline: OSS: Creating online subsystem instance for: :Context_9
[2020.08.25-07.50.11:380][940]PIE: Server logged in
[2020.08.25-07.50.11:381][940]PIE: Play in editor total start time 0.082 seconds.
[2020.08.25-07.50.18:220][340]LogSlate: Updating window title bar state: overlay mode, drag disabled, window buttons hidden, title bar hidden
[2020.08.25-07.50.18:220][340]LogWorld: BeginTearingDown for /Game/ThirdPersonBP/Maps/UEDPIE_0_ThirdPersonExampleMap
[2020.08.25-07.50.18:221][340]LogWorld: UWorld::CleanupWorld for ThirdPersonExampleMap, bSessionEnded=true, bCleanupResources=true
[2020.08.25-07.50.18:221][340]LogSlate: InvalidateAllWidgets triggered.  All widgets were invalidated
[2020.08.25-07.50.18:228][340]LogPlayLevel: Display: Shutting down PIE online subsystems
[2020.08.25-07.50.18:231][340]LogSlate: InvalidateAllWidgets triggered.  All widgets were invalidated
[2020.08.25-07.50.18:249][340]LogSlate: Updating window title bar state: overlay mode, drag disabled, window buttons hidden, title bar hidden
[2020.08.25-07.50.18:263][340]LogAISub: UAISubsystem::~UAISubsystem AIPerceptionSystem (0000016A2A019F80), frame # 6340
[2020.08.25-07.50.18:263][340]LogAISub: UAISubsystem::~UAISubsystem EnvQueryManager (0000016A17035C00), frame # 6340
[2020.08.25-07.50.18:265][340]LogUObjectHash: Compacting FUObjectHashTables data took   1.75ms
[2020.08.25-07.50.18:323][342]LogPlayLevel: Display: Destroying online subsystem :Context_9
[2020.08.25-07.56.48:955][651]LogAssetEditorSubsystem: Opening Asset editor for Blueprint /Game/ThirdPersonBP/Blueprints/ThirdPersonCharacter.ThirdPersonCharacter
[2020.08.25-07.56.49:321][651]LogAssetEditorSubsystem: Opening Asset editor for WidgetBlueprint /Game/ThirdPersonBP/Blueprints/items.items
[2020.08.25-07.56.49:654][651]LogAssetEditorSubsystem: Opening Asset editor for ObjectRedirector /Game/ThirdPersonBP/Blueprints/item2.item2
[2020.08.25-07.58.42:538][338]BlueprintLog: New page: Compile items
[2020.08.25-07.58.42:556][338]LogBlueprint: Error: [Compiler items] This blueprint (self) is not a ThirdPersonCharacter_C, therefore ' Target ' must have a connection.
[2020.08.25-07.58.42:556][338]LogBlueprint: Error: [Compiler items] Variable node  Get itemAmount  uses an invalid target.  It may depend on a node that is not connected to the execution chain, and got purged.
[2020.08.25-07.58.42:637][338]LogUObjectHash: Compacting FUObjectHashTables data took   5.93ms
[2020.08.25-07.59.21:175][ 65]LogSlate: Took 0.000518 seconds to synchronously load lazily loaded font '../../../Engine/Content/Slate/Fonts/Roboto-BoldCondensedItalic.ttf' (160K)
[2020.08.25-07.59.24:636][142]LogSlate: Window 'Change Variable Type' being destroyed
[2020.08.25-07.59.33:352][512]LogSlate: Window 'Find in Blueprints' being destroyed
[2020.08.25-07.59.33:380][512]LogSlate: Window 'Find in Blueprints' being destroyed
